<?xml version="1.0" encoding="UTF-8"?>
<coverage generated="1765627238313" clover="3.2.0">
  <project timestamp="1765627238313" name="All files">
    <metrics statements="168" coveredstatements="130" conditionals="132" coveredconditionals="81" methods="51" coveredmethods="42" elements="351" coveredelements="253" complexity="0" loc="168" ncloc="168" packages="5" files="11" classes="11"/>
    <package name="src">
      <metrics statements="0" coveredstatements="0" conditionals="0" coveredconditionals="0" methods="0" coveredmethods="0"/>
      <file name="index.ts" path="/Users/kamleshsharma/workspace/fancode/redux-rewire/packages/core/src/index.ts">
        <metrics statements="0" coveredstatements="0" conditionals="0" coveredconditionals="0" methods="0" coveredmethods="0"/>
      </file>
    </package>
    <package name="src.slice">
      <metrics statements="79" coveredstatements="70" conditionals="58" coveredconditionals="40" methods="24" coveredmethods="23"/>
      <file name="create-action-slice.ts" path="/Users/kamleshsharma/workspace/fancode/redux-rewire/packages/core/src/slice/create-action-slice.ts">
        <metrics statements="34" coveredstatements="30" conditionals="30" coveredconditionals="21" methods="9" coveredmethods="9"/>
        <line num="26" count="3" type="stmt"/>
        <line num="62" count="4" type="stmt"/>
        <line num="76" count="20" type="cond" truecount="1" falsecount="1"/>
        <line num="77" count="0" type="stmt"/>
        <line num="79" count="20" type="cond" truecount="3" falsecount="1"/>
        <line num="80" count="0" type="stmt"/>
        <line num="84" count="20" type="cond" truecount="2" falsecount="0"/>
        <line num="87" count="20" type="stmt"/>
        <line num="94" count="20" type="stmt"/>
        <line num="98" count="20" type="stmt"/>
        <line num="100" count="20" type="stmt"/>
        <line num="101" count="135" type="stmt"/>
        <line num="102" count="23" type="stmt"/>
        <line num="104" count="20" type="cond" truecount="1" falsecount="1"/>
        <line num="107" count="20" type="cond" truecount="1" falsecount="1"/>
        <line num="110" count="20" type="cond" truecount="2" falsecount="0"/>
        <line num="114" count="10" type="stmt"/>
        <line num="115" count="10" type="stmt"/>
        <line num="116" count="10" type="cond" truecount="1" falsecount="1"/>
        <line num="118" count="10" type="cond" truecount="1" falsecount="1"/>
        <line num="119" count="10" type="stmt"/>
        <line num="128" count="10" type="cond" truecount="1" falsecount="1"/>
        <line num="129" count="0" type="stmt"/>
        <line num="132" count="0" type="stmt"/>
        <line num="140" count="23" type="stmt"/>
        <line num="144" count="20" type="stmt"/>
        <line num="149" count="9" type="stmt"/>
        <line num="150" count="9" type="stmt"/>
        <line num="151" count="12" type="cond" truecount="1" falsecount="1"/>
        <line num="152" count="12" type="cond" truecount="2" falsecount="0"/>
        <line num="156" count="6" type="stmt"/>
        <line num="157" count="6" type="stmt"/>
        <line num="162" count="13" type="cond" truecount="1" falsecount="1"/>
        <line num="165" count="20" type="stmt"/>
      </file>
      <file name="create-actions-reference.ts" path="/Users/kamleshsharma/workspace/fancode/redux-rewire/packages/core/src/slice/create-actions-reference.ts">
        <metrics statements="3" coveredstatements="3" conditionals="1" coveredconditionals="0" methods="3" coveredmethods="2"/>
        <line num="2" count="20" type="stmt"/>
        <line num="3" count="135" type="cond" truecount="0" falsecount="1"/>
        <line num="4" count="135" type="stmt"/>
      </file>
      <file name="create-global-slice.ts" path="/Users/kamleshsharma/workspace/fancode/redux-rewire/packages/core/src/slice/create-global-slice.ts">
        <metrics statements="10" coveredstatements="8" conditionals="10" coveredconditionals="6" methods="3" coveredmethods="3"/>
        <line num="5" count="1" type="stmt"/>
        <line num="11" count="3" type="cond" truecount="1" falsecount="1"/>
        <line num="12" count="0" type="stmt"/>
        <line num="14" count="3" type="stmt"/>
        <line num="21" count="1" type="cond" truecount="1" falsecount="1"/>
        <line num="22" count="1" type="stmt"/>
        <line num="25" count="9" type="cond" truecount="3" falsecount="1"/>
        <line num="26" count="0" type="stmt"/>
        <line num="30" count="9" type="cond" truecount="1" falsecount="1"/>
        <line num="31" count="9" type="stmt"/>
      </file>
      <file name="create-initital-state.ts" path="/Users/kamleshsharma/workspace/fancode/redux-rewire/packages/core/src/slice/create-initital-state.ts">
        <metrics statements="2" coveredstatements="2" conditionals="0" coveredconditionals="0" methods="1" coveredmethods="1"/>
        <line num="1" count="1" type="stmt"/>
        <line num="2" count="1" type="stmt"/>
      </file>
      <file name="create-reducer-slice.ts" path="/Users/kamleshsharma/workspace/fancode/redux-rewire/packages/core/src/slice/create-reducer-slice.ts">
        <metrics statements="30" coveredstatements="27" conditionals="17" coveredconditionals="13" methods="8" coveredmethods="8"/>
        <line num="5" count="5" type="stmt"/>
        <line num="11" count="22" type="cond" truecount="1" falsecount="0"/>
        <line num="12" count="69" type="stmt"/>
        <line num="13" count="69" type="cond" truecount="4" falsecount="0"/>
        <line num="14" count="22" type="stmt"/>
        <line num="16" count="47" type="stmt"/>
        <line num="20" count="5" type="stmt"/>
        <line num="33" count="5" type="stmt"/>
        <line num="46" count="21" type="cond" truecount="1" falsecount="1"/>
        <line num="47" count="0" type="stmt"/>
        <line num="49" count="21" type="cond" truecount="3" falsecount="1"/>
        <line num="50" count="0" type="stmt"/>
        <line num="54" count="21" type="stmt"/>
        <line num="55" count="21" type="stmt"/>
        <line num="56" count="21" type="stmt"/>
        <line num="61" count="86" type="cond" truecount="1" falsecount="1"/>
        <line num="65" count="86" type="stmt"/>
        <line num="66" count="86" type="stmt"/>
        <line num="67" count="86" type="stmt"/>
        <line num="71" count="21" type="cond" truecount="1" falsecount="1"/>
        <line num="72" count="0" type="stmt"/>
        <line num="78" count="21" type="stmt"/>
        <line num="79" count="21" type="stmt"/>
        <line num="92" count="86" type="stmt"/>
        <line num="93" count="21" type="stmt"/>
        <line num="100" count="86" type="stmt"/>
        <line num="104" count="21" type="stmt"/>
        <line num="110" count="21" type="stmt"/>
        <line num="111" count="21" type="stmt"/>
        <line num="112" count="21" type="stmt"/>
      </file>
    </package>
    <package name="src.store">
      <metrics statements="64" coveredstatements="51" conditionals="49" coveredconditionals="38" methods="18" coveredmethods="15"/>
      <file name="create-store.ts" path="/Users/kamleshsharma/workspace/fancode/redux-rewire/packages/core/src/store/create-store.ts">
        <metrics statements="64" coveredstatements="51" conditionals="49" coveredconditionals="38" methods="18" coveredmethods="15"/>
        <line num="14" count="19" type="cond" truecount="1" falsecount="0"/>
        <line num="15" count="19" type="stmt"/>
        <line num="18" count="125" type="stmt"/>
        <line num="21" count="125" type="stmt"/>
        <line num="26" count="19" type="stmt"/>
        <line num="29" count="19" type="stmt"/>
        <line num="31" count="19" type="stmt"/>
        <line num="32" count="0" type="stmt"/>
        <line num="38" count="53" type="cond" truecount="1" falsecount="1"/>
        <line num="39" count="0" type="stmt"/>
        <line num="40" count="0" type="stmt"/>
        <line num="41" count="0" type="stmt"/>
        <line num="43" count="0" type="stmt"/>
        <line num="45" count="53" type="stmt"/>
        <line num="50" count="21" type="cond" truecount="1" falsecount="1"/>
        <line num="51" count="0" type="stmt"/>
        <line num="56" count="21" type="cond" truecount="4" falsecount="0"/>
        <line num="57" count="4" type="stmt"/>
        <line num="59" count="17" type="stmt"/>
        <line num="62" count="17" type="stmt"/>
        <line num="65" count="17" type="stmt"/>
        <line num="67" count="17" type="cond" truecount="2" falsecount="0"/>
        <line num="68" count="13" type="stmt"/>
        <line num="75" count="0" type="stmt"/>
        <line num="80" count="0" type="cond" truecount="0" falsecount="4"/>
        <line num="81" count="0" type="stmt"/>
        <line num="85" count="0" type="stmt"/>
        <line num="88" count="0" type="stmt"/>
        <line num="91" count="0" type="stmt"/>
        <line num="104" count="19" type="cond" truecount="1" falsecount="1"/>
        <line num="109" count="19" type="stmt"/>
        <line num="110" count="19" type="cond" truecount="2" falsecount="0"/>
        <line num="111" count="17" type="stmt"/>
        <line num="112" count="12" type="cond" truecount="2" falsecount="1"/>
        <line num="116" count="19" type="cond" truecount="2" falsecount="0"/>
        <line num="121" count="19" type="cond" truecount="3" falsecount="1"/>
        <line num="128" count="19" type="stmt"/>
        <line num="133" count="19" type="stmt"/>
        <line num="134" count="19" type="stmt"/>
        <line num="135" count="19" type="stmt"/>
        <line num="136" count="19" type="stmt"/>
        <line num="137" count="19" type="stmt"/>
        <line num="138" count="19" type="cond" truecount="2" falsecount="0"/>
        <line num="139" count="19" type="stmt"/>
        <line num="141" count="25" type="stmt"/>
        <line num="142" count="25" type="cond" truecount="4" falsecount="0"/>
        <line num="143" count="20" type="stmt"/>
        <line num="146" count="25" type="cond" truecount="2" falsecount="0"/>
        <line num="147" count="5" type="stmt"/>
        <line num="154" count="19" type="stmt"/>
        <line num="156" count="23" type="stmt"/>
        <line num="157" count="23" type="stmt"/>
        <line num="159" count="19" type="stmt"/>
        <line num="160" count="19" type="cond" truecount="2" falsecount="0"/>
        <line num="161" count="21" type="cond" truecount="2" falsecount="0"/>
        <line num="162" count="19" type="stmt"/>
        <line num="163" count="1" type="stmt"/>
        <line num="165" count="19" type="stmt"/>
        <line num="166" count="21" type="cond" truecount="2" falsecount="0"/>
        <line num="170" count="19" type="stmt"/>
        <line num="171" count="4" type="stmt"/>
        <line num="173" count="19" type="cond" truecount="1" falsecount="1"/>
        <line num="174" count="0" type="stmt"/>
        <line num="176" count="19" type="stmt"/>
      </file>
    </package>
    <package name="src.types">
      <metrics statements="0" coveredstatements="0" conditionals="0" coveredconditionals="0" methods="0" coveredmethods="0"/>
      <file name="base.ts" path="/Users/kamleshsharma/workspace/fancode/redux-rewire/packages/core/src/types/base.ts">
        <metrics statements="0" coveredstatements="0" conditionals="0" coveredconditionals="0" methods="0" coveredmethods="0"/>
      </file>
    </package>
    <package name="src.utils">
      <metrics statements="25" coveredstatements="9" conditionals="25" coveredconditionals="3" methods="9" coveredmethods="4"/>
      <file name="idelCallback.ts" path="/Users/kamleshsharma/workspace/fancode/redux-rewire/packages/core/src/utils/idelCallback.ts">
        <metrics statements="10" coveredstatements="9" conditionals="4" coveredconditionals="3" methods="5" coveredmethods="4"/>
        <line num="1" count="4" type="stmt"/>
        <line num="2" count="4" type="stmt"/>
        <line num="5" count="38" type="stmt"/>
        <line num="6" count="38" type="stmt"/>
        <line num="7" count="35" type="stmt"/>
        <line num="10" count="0" type="stmt"/>
        <line num="16" count="4" type="cond" truecount="3" falsecount="1"/>
        <line num="21" count="4" type="stmt"/>
        <line num="22" count="4" type="stmt"/>
        <line num="23" count="4" type="stmt"/>
      </file>
      <file name="selectors.ts" path="/Users/kamleshsharma/workspace/fancode/redux-rewire/packages/core/src/utils/selectors.ts">
        <metrics statements="2" coveredstatements="0" conditionals="0" coveredconditionals="0" methods="2" coveredmethods="0"/>
        <line num="1" count="0" type="stmt"/>
        <line num="3" count="0" type="stmt"/>
      </file>
      <file name="shallowEqual.ts" path="/Users/kamleshsharma/workspace/fancode/redux-rewire/packages/core/src/utils/shallowEqual.ts">
        <metrics statements="13" coveredstatements="0" conditionals="21" coveredconditionals="0" methods="2" coveredmethods="0"/>
        <line num="2" count="0" type="cond" truecount="0" falsecount="2"/>
        <line num="3" count="0" type="cond" truecount="0" falsecount="3"/>
        <line num="5" count="0" type="cond" truecount="0" falsecount="2"/>
        <line num="10" count="0" type="cond" truecount="0" falsecount="2"/>
        <line num="12" count="0" type="cond" truecount="0" falsecount="2"/>
        <line num="18" count="0" type="stmt"/>
        <line num="21" count="0" type="stmt"/>
        <line num="22" count="0" type="stmt"/>
        <line num="24" count="0" type="cond" truecount="0" falsecount="2"/>
        <line num="26" count="0" type="stmt"/>
        <line num="27" count="0" type="cond" truecount="0" falsecount="2"/>
        <line num="31" count="0" type="stmt"/>
        <line num="35" count="0" type="stmt"/>
      </file>
    </package>
  </project>
</coverage>
