{"/Users/kamleshsharma/workspace/fancode/redux-rewire/packages/core/src/index.ts": {"path":"/Users/kamleshsharma/workspace/fancode/redux-rewire/packages/core/src/index.ts","statementMap":{},"fnMap":{},"branchMap":{},"s":{},"f":{},"b":{}}
,"/Users/kamleshsharma/workspace/fancode/redux-rewire/packages/core/src/slice/create-action-slice.ts": {"path":"/Users/kamleshsharma/workspace/fancode/redux-rewire/packages/core/src/slice/create-action-slice.ts","statementMap":{"0":{"start":{"line":26,"column":33},"end":{"line":167,"column":1}},"1":{"start":{"line":62,"column":2},"end":{"line":166,"column":3}},"2":{"start":{"line":76,"column":4},"end":{"line":78,"column":5}},"3":{"start":{"line":77,"column":6},"end":{"line":77,"column":65}},"4":{"start":{"line":79,"column":4},"end":{"line":83,"column":5}},"5":{"start":{"line":80,"column":6},"end":{"line":82,"column":7}},"6":{"start":{"line":84,"column":26},"end":{"line":84,"column":77}},"7":{"start":{"line":87,"column":43},"end":{"line":91,"column":5}},"8":{"start":{"line":94,"column":35},"end":{"line":96,"column":5}},"9":{"start":{"line":98,"column":20},"end":{"line":98,"column":66}},"10":{"start":{"line":100,"column":4},"end":{"line":142,"column":6}},"11":{"start":{"line":101,"column":6},"end":{"line":141,"column":7}},"12":{"start":{"line":102,"column":30},"end":{"line":139,"column":9}},"13":{"start":{"line":104,"column":12},"end":{"line":104,"column":72}},"14":{"start":{"line":107,"column":10},"end":{"line":107,"column":74}},"15":{"start":{"line":107,"column":41},"end":{"line":107,"column":74}},"16":{"start":{"line":110,"column":10},"end":{"line":138,"column":11}},"17":{"start":{"line":114,"column":12},"end":{"line":137,"column":14}},"18":{"start":{"line":115,"column":14},"end":{"line":136,"column":15}},"19":{"start":{"line":116,"column":36},"end":{"line":116,"column":60}},"20":{"start":{"line":118,"column":18},"end":{"line":118,"column":62}},"21":{"start":{"line":119,"column":34},"end":{"line":126,"column":18}},"22":{"start":{"line":128,"column":16},"end":{"line":130,"column":17}},"23":{"start":{"line":129,"column":18},"end":{"line":129,"column":43}},"24":{"start":{"line":132,"column":16},"end":{"line":135,"column":17}},"25":{"start":{"line":140,"column":8},"end":{"line":140,"column":39}},"26":{"start":{"line":144,"column":19},"end":{"line":164,"column":12}},"27":{"start":{"line":149,"column":28},"end":{"line":149,"column":49}},"28":{"start":{"line":150,"column":8},"end":{"line":159,"column":10}},"29":{"start":{"line":151,"column":25},"end":{"line":151,"column":47}},"30":{"start":{"line":152,"column":10},"end":{"line":158,"column":11}},"31":{"start":{"line":156,"column":12},"end":{"line":156,"column":58}},"32":{"start":{"line":157,"column":12},"end":{"line":157,"column":29}},"33":{"start":{"line":162,"column":8},"end":{"line":162,"column":64}},"34":{"start":{"line":165,"column":4},"end":{"line":165,"column":17}}},"fnMap":{"0":{"name":"(anonymous_0)","decl":{"start":{"line":26,"column":33},"end":{"line":26,"column":34}},"loc":{"start":{"line":60,"column":5},"end":{"line":167,"column":1}},"line":60},"1":{"name":"(anonymous_1)","decl":{"start":{"line":62,"column":9},"end":{"line":62,"column":10}},"loc":{"start":{"line":74,"column":24},"end":{"line":166,"column":3}},"line":74},"2":{"name":"(anonymous_2)","decl":{"start":{"line":100,"column":35},"end":{"line":100,"column":36}},"loc":{"start":{"line":100,"column":48},"end":{"line":142,"column":5}},"line":100},"3":{"name":"(anonymous_3)","decl":{"start":{"line":101,"column":27},"end":{"line":101,"column":28}},"loc":{"start":{"line":101,"column":44},"end":{"line":141,"column":7}},"line":101},"4":{"name":"(anonymous_4)","decl":{"start":{"line":102,"column":30},"end":{"line":102,"column":31}},"loc":{"start":{"line":102,"column":36},"end":{"line":139,"column":9}},"line":102},"5":{"name":"(anonymous_5)","decl":{"start":{"line":114,"column":32},"end":{"line":114,"column":33}},"loc":{"start":{"line":114,"column":44},"end":{"line":137,"column":13}},"line":114},"6":{"name":"(anonymous_6)","decl":{"start":{"line":148,"column":17},"end":{"line":148,"column":18}},"loc":{"start":{"line":148,"column":30},"end":{"line":160,"column":7}},"line":148},"7":{"name":"(anonymous_7)","decl":{"start":{"line":150,"column":31},"end":{"line":150,"column":32}},"loc":{"start":{"line":150,"column":37},"end":{"line":159,"column":9}},"line":150},"8":{"name":"(anonymous_8)","decl":{"start":{"line":161,"column":16},"end":{"line":161,"column":17}},"loc":{"start":{"line":161,"column":22},"end":{"line":163,"column":7}},"line":161}},"branchMap":{"0":{"loc":{"start":{"line":76,"column":4},"end":{"line":78,"column":5}},"type":"if","locations":[{"start":{"line":76,"column":4},"end":{"line":78,"column":5}},{"start":{},"end":{}}],"line":76},"1":{"loc":{"start":{"line":79,"column":4},"end":{"line":83,"column":5}},"type":"if","locations":[{"start":{"line":79,"column":4},"end":{"line":83,"column":5}},{"start":{},"end":{}}],"line":79},"2":{"loc":{"start":{"line":79,"column":8},"end":{"line":79,"column":44}},"type":"binary-expr","locations":[{"start":{"line":79,"column":8},"end":{"line":79,"column":24}},{"start":{"line":79,"column":28},"end":{"line":79,"column":44}}],"line":79},"3":{"loc":{"start":{"line":84,"column":26},"end":{"line":84,"column":77}},"type":"cond-expr","locations":[{"start":{"line":84,"column":44},"end":{"line":84,"column":71}},{"start":{"line":84,"column":74},"end":{"line":84,"column":77}}],"line":84},"4":{"loc":{"start":{"line":104,"column":12},"end":{"line":104,"column":72}},"type":"binary-expr","locations":[{"start":{"line":104,"column":12},"end":{"line":104,"column":56}},{"start":{"line":104,"column":60},"end":{"line":104,"column":72}}],"line":104},"5":{"loc":{"start":{"line":107,"column":10},"end":{"line":107,"column":74}},"type":"if","locations":[{"start":{"line":107,"column":10},"end":{"line":107,"column":74}},{"start":{},"end":{}}],"line":107},"6":{"loc":{"start":{"line":110,"column":10},"end":{"line":138,"column":11}},"type":"if","locations":[{"start":{"line":110,"column":10},"end":{"line":138,"column":11}},{"start":{},"end":{}}],"line":110},"7":{"loc":{"start":{"line":111,"column":12},"end":{"line":112,"column":54}},"type":"binary-expr","locations":[{"start":{"line":111,"column":12},"end":{"line":111,"column":32}},{"start":{"line":112,"column":12},"end":{"line":112,"column":54}}],"line":111},"8":{"loc":{"start":{"line":116,"column":36},"end":{"line":116,"column":60}},"type":"binary-expr","locations":[{"start":{"line":116,"column":36},"end":{"line":116,"column":54}},{"start":{"line":116,"column":58},"end":{"line":116,"column":60}}],"line":116},"9":{"loc":{"start":{"line":118,"column":18},"end":{"line":118,"column":62}},"type":"binary-expr","locations":[{"start":{"line":118,"column":18},"end":{"line":118,"column":46}},{"start":{"line":118,"column":50},"end":{"line":118,"column":62}}],"line":118},"10":{"loc":{"start":{"line":128,"column":16},"end":{"line":130,"column":17}},"type":"if","locations":[{"start":{"line":128,"column":16},"end":{"line":130,"column":17}},{"start":{},"end":{}}],"line":128},"11":{"loc":{"start":{"line":151,"column":25},"end":{"line":151,"column":47}},"type":"binary-expr","locations":[{"start":{"line":151,"column":25},"end":{"line":151,"column":41}},{"start":{"line":151,"column":45},"end":{"line":151,"column":47}}],"line":151},"12":{"loc":{"start":{"line":152,"column":10},"end":{"line":158,"column":11}},"type":"if","locations":[{"start":{"line":152,"column":10},"end":{"line":158,"column":11}},{"start":{},"end":{}}],"line":152},"13":{"loc":{"start":{"line":153,"column":12},"end":{"line":154,"column":51}},"type":"binary-expr","locations":[{"start":{"line":153,"column":12},"end":{"line":153,"column":33}},{"start":{"line":154,"column":12},"end":{"line":154,"column":51}}],"line":153},"14":{"loc":{"start":{"line":162,"column":15},"end":{"line":162,"column":64}},"type":"binary-expr","locations":[{"start":{"line":162,"column":15},"end":{"line":162,"column":48}},{"start":{"line":162,"column":52},"end":{"line":162,"column":64}}],"line":162}},"s":{"0":3,"1":4,"2":20,"3":0,"4":20,"5":0,"6":20,"7":20,"8":20,"9":20,"10":20,"11":135,"12":23,"13":20,"14":20,"15":20,"16":20,"17":10,"18":10,"19":10,"20":10,"21":10,"22":10,"23":0,"24":0,"25":23,"26":20,"27":9,"28":9,"29":12,"30":12,"31":6,"32":6,"33":13,"34":20},"f":{"0":4,"1":20,"2":135,"3":23,"4":20,"5":10,"6":9,"7":12,"8":13},"b":{"0":[0,20],"1":[0,20],"2":[20,20],"3":[4,16],"4":[20,0],"5":[20,0],"6":[10,10],"7":[20,10],"8":[10,0],"9":[10,0],"10":[0,10],"11":[12,0],"12":[6,6],"13":[12,12],"14":[13,0]},"_coverageSchema":"1a1c01bbd47fc00a2c39e90264f33305004495a9","hash":"14add290b4731d9e02dfbe2cc9d9625729a358cd"}
,"/Users/kamleshsharma/workspace/fancode/redux-rewire/packages/core/src/slice/create-actions-reference.ts": {"path":"/Users/kamleshsharma/workspace/fancode/redux-rewire/packages/core/src/slice/create-actions-reference.ts","statementMap":{"0":{"start":{"line":2,"column":2},"end":{"line":5,"column":15}},"1":{"start":{"line":3,"column":4},"end":{"line":3,"column":42}},"2":{"start":{"line":3,"column":38},"end":{"line":3,"column":42}},"3":{"start":{"line":4,"column":4},"end":{"line":4,"column":14}}},"fnMap":{"0":{"name":"createActionsReference","decl":{"start":{"line":1,"column":16},"end":{"line":1,"column":38}},"loc":{"start":{"line":1,"column":58},"end":{"line":6,"column":1}},"line":1},"1":{"name":"(anonymous_1)","decl":{"start":{"line":2,"column":24},"end":{"line":2,"column":25}},"loc":{"start":{"line":2,"column":44},"end":{"line":5,"column":3}},"line":2},"2":{"name":"(anonymous_2)","decl":{"start":{"line":3,"column":21},"end":{"line":3,"column":22}},"loc":{"start":{"line":3,"column":38},"end":{"line":3,"column":42}},"line":3}},"branchMap":{"0":{"loc":{"start":{"line":3,"column":22},"end":{"line":3,"column":33}},"type":"default-arg","locations":[{"start":{"line":3,"column":31},"end":{"line":3,"column":33}}],"line":3}},"s":{"0":20,"1":135,"2":0,"3":135},"f":{"0":20,"1":135,"2":0},"b":{"0":[0]},"_coverageSchema":"1a1c01bbd47fc00a2c39e90264f33305004495a9","hash":"c9ac672127a8f6236daaf886ca4a37009a047e26"}
,"/Users/kamleshsharma/workspace/fancode/redux-rewire/packages/core/src/slice/create-global-slice.ts": {"path":"/Users/kamleshsharma/workspace/fancode/redux-rewire/packages/core/src/slice/create-global-slice.ts","statementMap":{"0":{"start":{"line":5,"column":33},"end":{"line":38,"column":1}},"1":{"start":{"line":11,"column":2},"end":{"line":13,"column":3}},"2":{"start":{"line":12,"column":4},"end":{"line":12,"column":63}},"3":{"start":{"line":14,"column":2},"end":{"line":37,"column":3}},"4":{"start":{"line":21,"column":28},"end":{"line":21,"column":79}},"5":{"start":{"line":22,"column":6},"end":{"line":22,"column":51}},"6":{"start":{"line":25,"column":6},"end":{"line":29,"column":7}},"7":{"start":{"line":26,"column":8},"end":{"line":28,"column":9}},"8":{"start":{"line":30,"column":28},"end":{"line":30,"column":79}},"9":{"start":{"line":31,"column":6},"end":{"line":35,"column":14}}},"fnMap":{"0":{"name":"(anonymous_0)","decl":{"start":{"line":5,"column":33},"end":{"line":5,"column":34}},"loc":{"start":{"line":10,"column":5},"end":{"line":38,"column":1}},"line":10},"1":{"name":"(anonymous_1)","decl":{"start":{"line":15,"column":26},"end":{"line":15,"column":27}},"loc":{"start":{"line":20,"column":9},"end":{"line":23,"column":5}},"line":20},"2":{"name":"(anonymous_2)","decl":{"start":{"line":24,"column":10},"end":{"line":24,"column":11}},"loc":{"start":{"line":24,"column":78},"end":{"line":36,"column":5}},"line":24}},"branchMap":{"0":{"loc":{"start":{"line":11,"column":2},"end":{"line":13,"column":3}},"type":"if","locations":[{"start":{"line":11,"column":2},"end":{"line":13,"column":3}},{"start":{},"end":{}}],"line":11},"1":{"loc":{"start":{"line":21,"column":28},"end":{"line":21,"column":79}},"type":"cond-expr","locations":[{"start":{"line":21,"column":46},"end":{"line":21,"column":73}},{"start":{"line":21,"column":76},"end":{"line":21,"column":79}}],"line":21},"2":{"loc":{"start":{"line":25,"column":6},"end":{"line":29,"column":7}},"type":"if","locations":[{"start":{"line":25,"column":6},"end":{"line":29,"column":7}},{"start":{},"end":{}}],"line":25},"3":{"loc":{"start":{"line":25,"column":10},"end":{"line":25,"column":44}},"type":"binary-expr","locations":[{"start":{"line":25,"column":10},"end":{"line":25,"column":25}},{"start":{"line":25,"column":29},"end":{"line":25,"column":44}}],"line":25},"4":{"loc":{"start":{"line":30,"column":28},"end":{"line":30,"column":79}},"type":"cond-expr","locations":[{"start":{"line":30,"column":46},"end":{"line":30,"column":73}},{"start":{"line":30,"column":76},"end":{"line":30,"column":79}}],"line":30}},"s":{"0":1,"1":3,"2":0,"3":3,"4":1,"5":1,"6":9,"7":0,"8":9,"9":9},"f":{"0":3,"1":1,"2":9},"b":{"0":[0,3],"1":[0,1],"2":[0,9],"3":[9,9],"4":[0,9]},"_coverageSchema":"1a1c01bbd47fc00a2c39e90264f33305004495a9","hash":"dddf1e30726f6e43327ad6d5b236f07b3af2cc97"}
,"/Users/kamleshsharma/workspace/fancode/redux-rewire/packages/core/src/slice/create-initital-state.ts": {"path":"/Users/kamleshsharma/workspace/fancode/redux-rewire/packages/core/src/slice/create-initital-state.ts","statementMap":{"0":{"start":{"line":1,"column":34},"end":{"line":3,"column":1}},"1":{"start":{"line":2,"column":2},"end":{"line":2,"column":21}}},"fnMap":{"0":{"name":"(anonymous_0)","decl":{"start":{"line":1,"column":34},"end":{"line":1,"column":35}},"loc":{"start":{"line":1,"column":72},"end":{"line":3,"column":1}},"line":1}},"branchMap":{},"s":{"0":1,"1":1},"f":{"0":1},"b":{},"_coverageSchema":"1a1c01bbd47fc00a2c39e90264f33305004495a9","hash":"36112a2fda6ae9b7a57a36b3904a4714d6b96650"}
,"/Users/kamleshsharma/workspace/fancode/redux-rewire/packages/core/src/slice/create-reducer-slice.ts": {"path":"/Users/kamleshsharma/workspace/fancode/redux-rewire/packages/core/src/slice/create-reducer-slice.ts","statementMap":{"0":{"start":{"line":5,"column":30},"end":{"line":18,"column":1}},"1":{"start":{"line":11,"column":2},"end":{"line":17,"column":3}},"2":{"start":{"line":12,"column":17},"end":{"line":12,"column":40}},"3":{"start":{"line":13,"column":4},"end":{"line":15,"column":5}},"4":{"start":{"line":14,"column":6},"end":{"line":14,"column":32}},"5":{"start":{"line":16,"column":4},"end":{"line":16,"column":16}},"6":{"start":{"line":20,"column":34},"end":{"line":118,"column":1}},"7":{"start":{"line":33,"column":2},"end":{"line":117,"column":3}},"8":{"start":{"line":46,"column":4},"end":{"line":48,"column":5}},"9":{"start":{"line":47,"column":6},"end":{"line":47,"column":66}},"10":{"start":{"line":49,"column":4},"end":{"line":53,"column":5}},"11":{"start":{"line":50,"column":6},"end":{"line":52,"column":7}},"12":{"start":{"line":54,"column":23},"end":{"line":54,"column":28}},"13":{"start":{"line":55,"column":24},"end":{"line":55,"column":45}},"14":{"start":{"line":56,"column":57},"end":{"line":103,"column":5}},"15":{"start":{"line":61,"column":8},"end":{"line":99,"column":9}},"16":{"start":{"line":65,"column":30},"end":{"line":65,"column":52}},"17":{"start":{"line":66,"column":63},"end":{"line":66,"column":66}},"18":{"start":{"line":67,"column":10},"end":{"line":90,"column":11}},"19":{"start":{"line":71,"column":12},"end":{"line":89,"column":13}},"20":{"start":{"line":72,"column":14},"end":{"line":76,"column":16}},"21":{"start":{"line":78,"column":14},"end":{"line":88,"column":16}},"22":{"start":{"line":79,"column":16},"end":{"line":87,"column":17}},"23":{"start":{"line":92,"column":10},"end":{"line":98,"column":11}},"24":{"start":{"line":93,"column":12},"end":{"line":97,"column":14}},"25":{"start":{"line":100,"column":8},"end":{"line":100,"column":18}},"26":{"start":{"line":104,"column":30},"end":{"line":108,"column":5}},"27":{"start":{"line":110,"column":28},"end":{"line":110,"column":73}},"28":{"start":{"line":111,"column":4},"end":{"line":111,"column":50}},"29":{"start":{"line":112,"column":4},"end":{"line":116,"column":5}}},"fnMap":{"0":{"name":"(anonymous_0)","decl":{"start":{"line":5,"column":30},"end":{"line":5,"column":31}},"loc":{"start":{"line":10,"column":32},"end":{"line":18,"column":1}},"line":10},"1":{"name":"(anonymous_1)","decl":{"start":{"line":11,"column":9},"end":{"line":11,"column":10}},"loc":{"start":{"line":11,"column":61},"end":{"line":17,"column":3}},"line":11},"2":{"name":"(anonymous_2)","decl":{"start":{"line":20,"column":34},"end":{"line":20,"column":35}},"loc":{"start":{"line":32,"column":5},"end":{"line":118,"column":1}},"line":32},"3":{"name":"(anonymous_3)","decl":{"start":{"line":33,"column":9},"end":{"line":33,"column":10}},"loc":{"start":{"line":45,"column":7},"end":{"line":117,"column":3}},"line":45},"4":{"name":"(anonymous_4)","decl":{"start":{"line":60,"column":6},"end":{"line":60,"column":7}},"loc":{"start":{"line":60,"column":27},"end":{"line":101,"column":7}},"line":60},"5":{"name":"(anonymous_5)","decl":{"start":{"line":67,"column":43},"end":{"line":67,"column":44}},"loc":{"start":{"line":70,"column":15},"end":{"line":90,"column":11}},"line":70},"6":{"name":"(anonymous_6)","decl":{"start":{"line":78,"column":35},"end":{"line":78,"column":36}},"loc":{"start":{"line":78,"column":56},"end":{"line":88,"column":15}},"line":78},"7":{"name":"(anonymous_7)","decl":{"start":{"line":92,"column":48},"end":{"line":92,"column":49}},"loc":{"start":{"line":92,"column":63},"end":{"line":98,"column":11}},"line":92}},"branchMap":{"0":{"loc":{"start":{"line":11,"column":10},"end":{"line":11,"column":37}},"type":"default-arg","locations":[{"start":{"line":11,"column":25},"end":{"line":11,"column":37}}],"line":11},"1":{"loc":{"start":{"line":13,"column":4},"end":{"line":15,"column":5}},"type":"if","locations":[{"start":{"line":13,"column":4},"end":{"line":15,"column":5}},{"start":{},"end":{}}],"line":13},"2":{"loc":{"start":{"line":13,"column":8},"end":{"line":13,"column":42}},"type":"binary-expr","locations":[{"start":{"line":13,"column":8},"end":{"line":13,"column":12}},{"start":{"line":13,"column":16},"end":{"line":13,"column":42}}],"line":13},"3":{"loc":{"start":{"line":46,"column":4},"end":{"line":48,"column":5}},"type":"if","locations":[{"start":{"line":46,"column":4},"end":{"line":48,"column":5}},{"start":{},"end":{}}],"line":46},"4":{"loc":{"start":{"line":49,"column":4},"end":{"line":53,"column":5}},"type":"if","locations":[{"start":{"line":49,"column":4},"end":{"line":53,"column":5}},{"start":{},"end":{}}],"line":49},"5":{"loc":{"start":{"line":49,"column":8},"end":{"line":49,"column":44}},"type":"binary-expr","locations":[{"start":{"line":49,"column":8},"end":{"line":49,"column":24}},{"start":{"line":49,"column":28},"end":{"line":49,"column":44}}],"line":49},"6":{"loc":{"start":{"line":61,"column":8},"end":{"line":99,"column":9}},"type":"if","locations":[{"start":{"line":61,"column":8},"end":{"line":99,"column":9}},{"start":{},"end":{}}],"line":61},"7":{"loc":{"start":{"line":62,"column":10},"end":{"line":63,"column":52}},"type":"binary-expr","locations":[{"start":{"line":62,"column":10},"end":{"line":62,"column":30}},{"start":{"line":63,"column":10},"end":{"line":63,"column":52}}],"line":62},"8":{"loc":{"start":{"line":71,"column":12},"end":{"line":89,"column":13}},"type":"if","locations":[{"start":{"line":71,"column":12},"end":{"line":89,"column":13}},{"start":{"line":77,"column":19},"end":{"line":89,"column":13}}],"line":71}},"s":{"0":5,"1":22,"2":69,"3":69,"4":22,"5":47,"6":5,"7":5,"8":21,"9":0,"10":21,"11":0,"12":21,"13":21,"14":21,"15":86,"16":86,"17":86,"18":86,"19":21,"20":0,"21":21,"22":21,"23":86,"24":21,"25":86,"26":21,"27":21,"28":21,"29":21},"f":{"0":22,"1":69,"2":5,"3":21,"4":86,"5":21,"6":21,"7":21},"b":{"0":[47],"1":[22,47],"2":[69,22],"3":[0,21],"4":[0,21],"5":[21,21],"6":[86,0],"7":[86,86],"8":[0,21]},"_coverageSchema":"1a1c01bbd47fc00a2c39e90264f33305004495a9","hash":"758f3079b29bc4508658e60fafc9b8e99f6fcf62"}
,"/Users/kamleshsharma/workspace/fancode/redux-rewire/packages/core/src/store/create-store.ts": {"path":"/Users/kamleshsharma/workspace/fancode/redux-rewire/packages/core/src/store/create-store.ts","statementMap":{"0":{"start":{"line":14,"column":26},"end":{"line":14,"column":33}},"1":{"start":{"line":15,"column":38},"end":{"line":23,"column":3}},"2":{"start":{"line":18,"column":6},"end":{"line":18,"column":18}},"3":{"start":{"line":21,"column":6},"end":{"line":21,"column":18}},"4":{"start":{"line":26,"column":24},"end":{"line":26,"column":49}},"5":{"start":{"line":29,"column":36},"end":{"line":29,"column":38}},"6":{"start":{"line":31,"column":2},"end":{"line":93,"column":3}},"7":{"start":{"line":32,"column":25},"end":{"line":32,"column":33}},"8":{"start":{"line":38,"column":6},"end":{"line":44,"column":7}},"9":{"start":{"line":39,"column":8},"end":{"line":39,"column":26}},"10":{"start":{"line":40,"column":8},"end":{"line":42,"column":9}},"11":{"start":{"line":41,"column":10},"end":{"line":41,"column":27}},"12":{"start":{"line":43,"column":8},"end":{"line":43,"column":25}},"13":{"start":{"line":45,"column":6},"end":{"line":45,"column":43}},"14":{"start":{"line":50,"column":6},"end":{"line":52,"column":7}},"15":{"start":{"line":51,"column":8},"end":{"line":51,"column":14}},"16":{"start":{"line":56,"column":6},"end":{"line":58,"column":7}},"17":{"start":{"line":57,"column":8},"end":{"line":57,"column":14}},"18":{"start":{"line":59,"column":23},"end":{"line":59,"column":38}},"19":{"start":{"line":62,"column":6},"end":{"line":62,"column":29}},"20":{"start":{"line":65,"column":6},"end":{"line":65,"column":49}},"21":{"start":{"line":67,"column":6},"end":{"line":72,"column":7}},"22":{"start":{"line":68,"column":8},"end":{"line":71,"column":10}},"23":{"start":{"line":75,"column":6},"end":{"line":75,"column":28}},"24":{"start":{"line":80,"column":6},"end":{"line":82,"column":7}},"25":{"start":{"line":81,"column":8},"end":{"line":81,"column":14}},"26":{"start":{"line":85,"column":6},"end":{"line":85,"column":26}},"27":{"start":{"line":88,"column":6},"end":{"line":88,"column":28}},"28":{"start":{"line":91,"column":6},"end":{"line":91,"column":49}},"29":{"start":{"line":104,"column":34},"end":{"line":104,"column":47}},"30":{"start":{"line":109,"column":42},"end":{"line":109,"column":44}},"31":{"start":{"line":110,"column":2},"end":{"line":114,"column":3}},"32":{"start":{"line":111,"column":4},"end":{"line":113,"column":5}},"33":{"start":{"line":112,"column":6},"end":{"line":112,"column":73}},"34":{"start":{"line":112,"column":62},"end":{"line":112,"column":73}},"35":{"start":{"line":116,"column":25},"end":{"line":116,"column":42}},"36":{"start":{"line":121,"column":4},"end":{"line":126,"column":15}},"37":{"start":{"line":128,"column":19},"end":{"line":131,"column":3}},"38":{"start":{"line":133,"column":25},"end":{"line":133,"column":58}},"39":{"start":{"line":133,"column":42},"end":{"line":133,"column":43}},"40":{"start":{"line":134,"column":25},"end":{"line":134,"column":75}},"41":{"start":{"line":135,"column":2},"end":{"line":135,"column":45}},"42":{"start":{"line":136,"column":46},"end":{"line":136,"column":48}},"43":{"start":{"line":137,"column":38},"end":{"line":137,"column":40}},"44":{"start":{"line":138,"column":2},"end":{"line":138,"column":74}},"45":{"start":{"line":139,"column":23},"end":{"line":149,"column":3}},"46":{"start":{"line":141,"column":19},"end":{"line":141,"column":38}},"47":{"start":{"line":142,"column":4},"end":{"line":144,"column":5}},"48":{"start":{"line":143,"column":6},"end":{"line":143,"column":14}},"49":{"start":{"line":146,"column":4},"end":{"line":148,"column":5}},"50":{"start":{"line":147,"column":6},"end":{"line":147,"column":39}},"51":{"start":{"line":154,"column":2},"end":{"line":158,"column":3}},"52":{"start":{"line":156,"column":4},"end":{"line":156,"column":32}},"53":{"start":{"line":157,"column":4},"end":{"line":157,"column":37}},"54":{"start":{"line":159,"column":2},"end":{"line":159,"column":39}},"55":{"start":{"line":160,"column":2},"end":{"line":160,"column":43}},"56":{"start":{"line":161,"column":2},"end":{"line":161,"column":52}},"57":{"start":{"line":161,"column":34},"end":{"line":161,"column":52}},"58":{"start":{"line":162,"column":2},"end":{"line":164,"column":3}},"59":{"start":{"line":163,"column":4},"end":{"line":163,"column":31}},"60":{"start":{"line":165,"column":2},"end":{"line":165,"column":64}},"61":{"start":{"line":165,"column":45},"end":{"line":165,"column":64}},"62":{"start":{"line":166,"column":2},"end":{"line":166,"column":70}},"63":{"start":{"line":166,"column":40},"end":{"line":166,"column":70}},"64":{"start":{"line":170,"column":2},"end":{"line":172,"column":4}},"65":{"start":{"line":171,"column":4},"end":{"line":171,"column":21}},"66":{"start":{"line":173,"column":2},"end":{"line":175,"column":3}},"67":{"start":{"line":174,"column":4},"end":{"line":174,"column":29}},"68":{"start":{"line":176,"column":2},"end":{"line":176,"column":14}}},"fnMap":{"0":{"name":"createReducerManager","decl":{"start":{"line":7,"column":9},"end":{"line":7,"column":29}},"loc":{"start":{"line":11,"column":2},"end":{"line":94,"column":1}},"line":11},"1":{"name":"(anonymous_1)","decl":{"start":{"line":17,"column":13},"end":{"line":17,"column":14}},"loc":{"start":{"line":17,"column":39},"end":{"line":19,"column":5}},"line":17},"2":{"name":"(anonymous_2)","decl":{"start":{"line":20,"column":11},"end":{"line":20,"column":12}},"loc":{"start":{"line":20,"column":47},"end":{"line":22,"column":5}},"line":20},"3":{"name":"(anonymous_3)","decl":{"start":{"line":32,"column":19},"end":{"line":32,"column":20}},"loc":{"start":{"line":32,"column":25},"end":{"line":32,"column":33}},"line":32},"4":{"name":"(anonymous_4)","decl":{"start":{"line":36,"column":12},"end":{"line":36,"column":13}},"loc":{"start":{"line":36,"column":44},"end":{"line":46,"column":5}},"line":36},"5":{"name":"(anonymous_5)","decl":{"start":{"line":49,"column":9},"end":{"line":49,"column":10}},"loc":{"start":{"line":49,"column":44},"end":{"line":73,"column":5}},"line":49},"6":{"name":"(anonymous_6)","decl":{"start":{"line":74,"column":4},"end":{"line":74,"column":5}},"loc":{"start":{"line":74,"column":33},"end":{"line":76,"column":5}},"line":74},"7":{"name":"(anonymous_7)","decl":{"start":{"line":79,"column":12},"end":{"line":79,"column":13}},"loc":{"start":{"line":79,"column":29},"end":{"line":92,"column":5}},"line":79},"8":{"name":"configureStore","decl":{"start":{"line":96,"column":16},"end":{"line":96,"column":30}},"loc":{"start":{"line":103,"column":2},"end":{"line":177,"column":1}},"line":103},"9":{"name":"(anonymous_9)","decl":{"start":{"line":112,"column":26},"end":{"line":112,"column":27}},"loc":{"start":{"line":112,"column":62},"end":{"line":112,"column":73}},"line":112},"10":{"name":"(anonymous_10)","decl":{"start":{"line":133,"column":37},"end":{"line":133,"column":38}},"loc":{"start":{"line":133,"column":42},"end":{"line":133,"column":43}},"line":133},"11":{"name":"(anonymous_11)","decl":{"start":{"line":139,"column":23},"end":{"line":139,"column":24}},"loc":{"start":{"line":139,"column":29},"end":{"line":149,"column":3}},"line":139},"12":{"name":"(anonymous_12)","decl":{"start":{"line":154,"column":21},"end":{"line":154,"column":22}},"loc":{"start":{"line":154,"column":35},"end":{"line":158,"column":3}},"line":154},"13":{"name":"(anonymous_13)","decl":{"start":{"line":161,"column":28},"end":{"line":161,"column":29}},"loc":{"start":{"line":161,"column":34},"end":{"line":161,"column":52}},"line":161},"14":{"name":"(anonymous_14)","decl":{"start":{"line":162,"column":28},"end":{"line":162,"column":29}},"loc":{"start":{"line":162,"column":58},"end":{"line":164,"column":3}},"line":162},"15":{"name":"(anonymous_15)","decl":{"start":{"line":165,"column":28},"end":{"line":165,"column":29}},"loc":{"start":{"line":165,"column":45},"end":{"line":165,"column":64}},"line":165},"16":{"name":"(anonymous_16)","decl":{"start":{"line":166,"column":34},"end":{"line":166,"column":35}},"loc":{"start":{"line":166,"column":40},"end":{"line":166,"column":70}},"line":166},"17":{"name":"(anonymous_17)","decl":{"start":{"line":170,"column":23},"end":{"line":170,"column":24}},"loc":{"start":{"line":170,"column":32},"end":{"line":172,"column":3}},"line":170}},"branchMap":{"0":{"loc":{"start":{"line":14,"column":9},"end":{"line":14,"column":22}},"type":"default-arg","locations":[{"start":{"line":14,"column":17},"end":{"line":14,"column":22}}],"line":14},"1":{"loc":{"start":{"line":17,"column":14},"end":{"line":17,"column":26}},"type":"default-arg","locations":[{"start":{"line":17,"column":22},"end":{"line":17,"column":26}}],"line":17},"2":{"loc":{"start":{"line":20,"column":12},"end":{"line":20,"column":34}},"type":"default-arg","locations":[{"start":{"line":20,"column":20},"end":{"line":20,"column":34}}],"line":20},"3":{"loc":{"start":{"line":20,"column":20},"end":{"line":20,"column":34}},"type":"binary-expr","locations":[{"start":{"line":20,"column":20},"end":{"line":20,"column":25}},{"start":{"line":20,"column":29},"end":{"line":20,"column":34}}],"line":20},"4":{"loc":{"start":{"line":38,"column":6},"end":{"line":44,"column":7}},"type":"if","locations":[{"start":{"line":38,"column":6},"end":{"line":44,"column":7}},{"start":{},"end":{}}],"line":38},"5":{"loc":{"start":{"line":50,"column":6},"end":{"line":52,"column":7}},"type":"if","locations":[{"start":{"line":50,"column":6},"end":{"line":52,"column":7}},{"start":{},"end":{}}],"line":50},"6":{"loc":{"start":{"line":56,"column":6},"end":{"line":58,"column":7}},"type":"if","locations":[{"start":{"line":56,"column":6},"end":{"line":58,"column":7}},{"start":{},"end":{}}],"line":56},"7":{"loc":{"start":{"line":56,"column":10},"end":{"line":56,"column":75}},"type":"binary-expr","locations":[{"start":{"line":56,"column":10},"end":{"line":56,"column":23}},{"start":{"line":56,"column":27},"end":{"line":56,"column":75}}],"line":56},"8":{"loc":{"start":{"line":67,"column":6},"end":{"line":72,"column":7}},"type":"if","locations":[{"start":{"line":67,"column":6},"end":{"line":72,"column":7}},{"start":{},"end":{}}],"line":67},"9":{"loc":{"start":{"line":80,"column":6},"end":{"line":82,"column":7}},"type":"if","locations":[{"start":{"line":80,"column":6},"end":{"line":82,"column":7}},{"start":{},"end":{}}],"line":80},"10":{"loc":{"start":{"line":80,"column":10},"end":{"line":80,"column":32}},"type":"binary-expr","locations":[{"start":{"line":80,"column":10},"end":{"line":80,"column":14}},{"start":{"line":80,"column":18},"end":{"line":80,"column":32}}],"line":80},"11":{"loc":{"start":{"line":102,"column":2},"end":{"line":102,"column":29}},"type":"default-arg","locations":[{"start":{"line":102,"column":27},"end":{"line":102,"column":29}}],"line":102},"12":{"loc":{"start":{"line":104,"column":34},"end":{"line":104,"column":47}},"type":"binary-expr","locations":[{"start":{"line":104,"column":34},"end":{"line":104,"column":41}},{"start":{"line":104,"column":45},"end":{"line":104,"column":47}}],"line":104},"13":{"loc":{"start":{"line":110,"column":2},"end":{"line":114,"column":3}},"type":"if","locations":[{"start":{"line":110,"column":2},"end":{"line":114,"column":3}},{"start":{},"end":{}}],"line":110},"14":{"loc":{"start":{"line":112,"column":27},"end":{"line":112,"column":57}},"type":"default-arg","locations":[{"start":{"line":112,"column":40},"end":{"line":112,"column":57}}],"line":112},"15":{"loc":{"start":{"line":112,"column":62},"end":{"line":112,"column":73}},"type":"binary-expr","locations":[{"start":{"line":112,"column":62},"end":{"line":112,"column":67}},{"start":{"line":112,"column":71},"end":{"line":112,"column":73}}],"line":112},"16":{"loc":{"start":{"line":116,"column":25},"end":{"line":116,"column":42}},"type":"binary-expr","locations":[{"start":{"line":116,"column":25},"end":{"line":116,"column":36}},{"start":{"line":116,"column":40},"end":{"line":116,"column":42}}],"line":116},"17":{"loc":{"start":{"line":121,"column":4},"end":{"line":126,"column":15}},"type":"cond-expr","locations":[{"start":{"line":123,"column":8},"end":{"line":125,"column":10}},{"start":{"line":126,"column":8},"end":{"line":126,"column":15}}],"line":121},"18":{"loc":{"start":{"line":121,"column":4},"end":{"line":122,"column":56}},"type":"binary-expr","locations":[{"start":{"line":121,"column":4},"end":{"line":121,"column":30}},{"start":{"line":122,"column":4},"end":{"line":122,"column":56}}],"line":121},"19":{"loc":{"start":{"line":138,"column":24},"end":{"line":138,"column":74}},"type":"binary-expr","locations":[{"start":{"line":138,"column":24},"end":{"line":138,"column":45}},{"start":{"line":138,"column":49},"end":{"line":138,"column":74}}],"line":138},"20":{"loc":{"start":{"line":142,"column":4},"end":{"line":144,"column":5}},"type":"if","locations":[{"start":{"line":142,"column":4},"end":{"line":144,"column":5}},{"start":{},"end":{}}],"line":142},"21":{"loc":{"start":{"line":142,"column":8},"end":{"line":142,"column":46}},"type":"binary-expr","locations":[{"start":{"line":142,"column":8},"end":{"line":142,"column":14}},{"start":{"line":142,"column":18},"end":{"line":142,"column":46}}],"line":142},"22":{"loc":{"start":{"line":146,"column":4},"end":{"line":148,"column":5}},"type":"if","locations":[{"start":{"line":146,"column":4},"end":{"line":148,"column":5}},{"start":{},"end":{}}],"line":146},"23":{"loc":{"start":{"line":160,"column":20},"end":{"line":160,"column":43}},"type":"binary-expr","locations":[{"start":{"line":160,"column":20},"end":{"line":160,"column":37}},{"start":{"line":160,"column":41},"end":{"line":160,"column":43}}],"line":160},"24":{"loc":{"start":{"line":161,"column":34},"end":{"line":161,"column":52}},"type":"binary-expr","locations":[{"start":{"line":161,"column":34},"end":{"line":161,"column":46}},{"start":{"line":161,"column":50},"end":{"line":161,"column":52}}],"line":161},"25":{"loc":{"start":{"line":166,"column":40},"end":{"line":166,"column":70}},"type":"binary-expr","locations":[{"start":{"line":166,"column":40},"end":{"line":166,"column":61}},{"start":{"line":166,"column":65},"end":{"line":166,"column":70}}],"line":166},"26":{"loc":{"start":{"line":173,"column":2},"end":{"line":175,"column":3}},"type":"if","locations":[{"start":{"line":173,"column":2},"end":{"line":175,"column":3}},{"start":{},"end":{}}],"line":173}},"s":{"0":19,"1":19,"2":125,"3":125,"4":19,"5":19,"6":19,"7":0,"8":53,"9":0,"10":0,"11":0,"12":0,"13":53,"14":21,"15":0,"16":21,"17":4,"18":17,"19":17,"20":17,"21":17,"22":13,"23":0,"24":0,"25":0,"26":0,"27":0,"28":0,"29":19,"30":19,"31":19,"32":17,"33":4,"34":12,"35":19,"36":19,"37":19,"38":19,"39":19,"40":19,"41":19,"42":19,"43":19,"44":19,"45":19,"46":25,"47":25,"48":20,"49":25,"50":5,"51":19,"52":23,"53":23,"54":19,"55":19,"56":19,"57":21,"58":19,"59":1,"60":19,"61":9,"62":19,"63":21,"64":19,"65":4,"66":19,"67":0,"68":19},"f":{"0":19,"1":125,"2":125,"3":0,"4":53,"5":21,"6":0,"7":0,"8":19,"9":12,"10":19,"11":25,"12":23,"13":21,"14":1,"15":9,"16":21,"17":4},"b":{"0":[19],"1":[91],"2":[91],"3":[91,0],"4":[0,53],"5":[0,21],"6":[4,17],"7":[21,8],"8":[13,4],"9":[0,0],"10":[0,0],"11":[14],"12":[19,0],"13":[17,2],"14":[12],"15":[12,0],"16":[19,19],"17":[0,19],"18":[19,19],"19":[19,19],"20":[20,5],"21":[25,20],"22":[5,20],"23":[19,14],"24":[21,4],"25":[21,21],"26":[0,19]},"_coverageSchema":"1a1c01bbd47fc00a2c39e90264f33305004495a9","hash":"267731546c3870973deb8444429ebf2b01ab2db6"}
,"/Users/kamleshsharma/workspace/fancode/redux-rewire/packages/core/src/types/base.ts": {"path":"/Users/kamleshsharma/workspace/fancode/redux-rewire/packages/core/src/types/base.ts","statementMap":{},"fnMap":{},"branchMap":{},"s":{},"f":{},"b":{}}
,"/Users/kamleshsharma/workspace/fancode/redux-rewire/packages/core/src/utils/idelCallback.ts": {"path":"/Users/kamleshsharma/workspace/fancode/redux-rewire/packages/core/src/utils/idelCallback.ts","statementMap":{"0":{"start":{"line":1,"column":41},"end":{"line":19,"column":4}},"1":{"start":{"line":2,"column":38},"end":{"line":14,"column":3}},"2":{"start":{"line":5,"column":18},"end":{"line":5,"column":28}},"3":{"start":{"line":6,"column":4},"end":{"line":13,"column":16}},"4":{"start":{"line":7,"column":6},"end":{"line":12,"column":8}},"5":{"start":{"line":10,"column":10},"end":{"line":10,"column":55}},"6":{"start":{"line":16,"column":2},"end":{"line":18,"column":33}},"7":{"start":{"line":21,"column":40},"end":{"line":24,"column":4}},"8":{"start":{"line":22,"column":2},"end":{"line":22,"column":18}},"9":{"start":{"line":23,"column":2},"end":{"line":23,"column":21}}},"fnMap":{"0":{"name":"(anonymous_0)","decl":{"start":{"line":1,"column":42},"end":{"line":1,"column":43}},"loc":{"start":{"line":1,"column":48},"end":{"line":19,"column":1}},"line":1},"1":{"name":"(anonymous_1)","decl":{"start":{"line":2,"column":38},"end":{"line":2,"column":39}},"loc":{"start":{"line":4,"column":38},"end":{"line":14,"column":3}},"line":4},"2":{"name":"(anonymous_2)","decl":{"start":{"line":6,"column":22},"end":{"line":6,"column":23}},"loc":{"start":{"line":6,"column":28},"end":{"line":13,"column":5}},"line":6},"3":{"name":"(anonymous_3)","decl":{"start":{"line":9,"column":23},"end":{"line":9,"column":24}},"loc":{"start":{"line":9,"column":29},"end":{"line":11,"column":9}},"line":9},"4":{"name":"(anonymous_4)","decl":{"start":{"line":21,"column":41},"end":{"line":21,"column":42}},"loc":{"start":{"line":21,"column":47},"end":{"line":24,"column":1}},"line":21}},"branchMap":{"0":{"loc":{"start":{"line":16,"column":9},"end":{"line":18,"column":33}},"type":"cond-expr","locations":[{"start":{"line":17,"column":6},"end":{"line":17,"column":45}},{"start":{"line":18,"column":6},"end":{"line":18,"column":33}}],"line":16},"1":{"loc":{"start":{"line":16,"column":9},"end":{"line":16,"column":68}},"type":"binary-expr","locations":[{"start":{"line":16,"column":9},"end":{"line":16,"column":38}},{"start":{"line":16,"column":42},"end":{"line":16,"column":68}}],"line":16}},"s":{"0":4,"1":4,"2":38,"3":38,"4":35,"5":0,"6":4,"7":4,"8":4,"9":4},"f":{"0":4,"1":38,"2":35,"3":0,"4":4},"b":{"0":[0,4],"1":[4,4]},"_coverageSchema":"1a1c01bbd47fc00a2c39e90264f33305004495a9","hash":"d5ee0e15625ed2d838e1eec22ea5f78831eb99a9"}
,"/Users/kamleshsharma/workspace/fancode/redux-rewire/packages/core/src/utils/selectors.ts": {"path":"/Users/kamleshsharma/workspace/fancode/redux-rewire/packages/core/src/utils/selectors.ts","statementMap":{"0":{"start":{"line":1,"column":32},"end":{"line":1,"column":62}},"1":{"start":{"line":1,"column":57},"end":{"line":1,"column":62}},"2":{"start":{"line":3,"column":28},"end":{"line":3,"column":53}},"3":{"start":{"line":3,"column":49},"end":{"line":3,"column":53}}},"fnMap":{"0":{"name":"(anonymous_0)","decl":{"start":{"line":1,"column":32},"end":{"line":1,"column":33}},"loc":{"start":{"line":1,"column":57},"end":{"line":1,"column":62}},"line":1},"1":{"name":"(anonymous_1)","decl":{"start":{"line":3,"column":28},"end":{"line":3,"column":29}},"loc":{"start":{"line":3,"column":49},"end":{"line":3,"column":53}},"line":3}},"branchMap":{},"s":{"0":0,"1":0,"2":0,"3":0},"f":{"0":0,"1":0},"b":{}}
,"/Users/kamleshsharma/workspace/fancode/redux-rewire/packages/core/src/utils/shallowEqual.ts": {"path":"/Users/kamleshsharma/workspace/fancode/redux-rewire/packages/core/src/utils/shallowEqual.ts","statementMap":{"0":{"start":{"line":2,"column":2},"end":{"line":6,"column":3}},"1":{"start":{"line":3,"column":4},"end":{"line":3,"column":48}},"2":{"start":{"line":5,"column":4},"end":{"line":5,"column":29}},"3":{"start":{"line":10,"column":2},"end":{"line":10,"column":33}},"4":{"start":{"line":10,"column":22},"end":{"line":10,"column":33}},"5":{"start":{"line":12,"column":2},"end":{"line":19,"column":3}},"6":{"start":{"line":18,"column":4},"end":{"line":18,"column":16}},"7":{"start":{"line":21,"column":16},"end":{"line":21,"column":33}},"8":{"start":{"line":22,"column":16},"end":{"line":22,"column":33}},"9":{"start":{"line":24,"column":2},"end":{"line":24,"column":49}},"10":{"start":{"line":24,"column":37},"end":{"line":24,"column":49}},"11":{"start":{"line":26,"column":2},"end":{"line":33,"column":3}},"12":{"start":{"line":27,"column":4},"end":{"line":32,"column":5}},"13":{"start":{"line":31,"column":6},"end":{"line":31,"column":18}},"14":{"start":{"line":35,"column":2},"end":{"line":35,"column":13}}},"fnMap":{"0":{"name":"is","decl":{"start":{"line":1,"column":9},"end":{"line":1,"column":11}},"loc":{"start":{"line":1,"column":36},"end":{"line":7,"column":1}},"line":1},"1":{"name":"shallowEqual","decl":{"start":{"line":9,"column":16},"end":{"line":9,"column":28}},"loc":{"start":{"line":9,"column":51},"end":{"line":36,"column":1}},"line":9}},"branchMap":{"0":{"loc":{"start":{"line":2,"column":2},"end":{"line":6,"column":3}},"type":"if","locations":[{"start":{"line":2,"column":2},"end":{"line":6,"column":3}},{"start":{"line":4,"column":9},"end":{"line":6,"column":3}}],"line":2},"1":{"loc":{"start":{"line":3,"column":11},"end":{"line":3,"column":48}},"type":"binary-expr","locations":[{"start":{"line":3,"column":11},"end":{"line":3,"column":18}},{"start":{"line":3,"column":22},"end":{"line":3,"column":29}},{"start":{"line":3,"column":33},"end":{"line":3,"column":48}}],"line":3},"2":{"loc":{"start":{"line":5,"column":11},"end":{"line":5,"column":29}},"type":"binary-expr","locations":[{"start":{"line":5,"column":11},"end":{"line":5,"column":18}},{"start":{"line":5,"column":22},"end":{"line":5,"column":29}}],"line":5},"3":{"loc":{"start":{"line":10,"column":2},"end":{"line":10,"column":33}},"type":"if","locations":[{"start":{"line":10,"column":2},"end":{"line":10,"column":33}},{"start":{},"end":{}}],"line":10},"4":{"loc":{"start":{"line":12,"column":2},"end":{"line":19,"column":3}},"type":"if","locations":[{"start":{"line":12,"column":2},"end":{"line":19,"column":3}},{"start":{},"end":{}}],"line":12},"5":{"loc":{"start":{"line":13,"column":4},"end":{"line":16,"column":17}},"type":"binary-expr","locations":[{"start":{"line":13,"column":4},"end":{"line":13,"column":28}},{"start":{"line":14,"column":4},"end":{"line":14,"column":17}},{"start":{"line":15,"column":4},"end":{"line":15,"column":28}},{"start":{"line":16,"column":4},"end":{"line":16,"column":17}}],"line":13},"6":{"loc":{"start":{"line":24,"column":2},"end":{"line":24,"column":49}},"type":"if","locations":[{"start":{"line":24,"column":2},"end":{"line":24,"column":49}},{"start":{},"end":{}}],"line":24},"7":{"loc":{"start":{"line":27,"column":4},"end":{"line":32,"column":5}},"type":"if","locations":[{"start":{"line":27,"column":4},"end":{"line":32,"column":5}},{"start":{},"end":{}}],"line":27},"8":{"loc":{"start":{"line":28,"column":6},"end":{"line":29,"column":31}},"type":"binary-expr","locations":[{"start":{"line":28,"column":6},"end":{"line":28,"column":54}},{"start":{"line":29,"column":6},"end":{"line":29,"column":31}}],"line":28}},"s":{"0":0,"1":0,"2":0,"3":0,"4":0,"5":0,"6":0,"7":0,"8":0,"9":0,"10":0,"11":0,"12":0,"13":0,"14":0},"f":{"0":0,"1":0},"b":{"0":[0,0],"1":[0,0,0],"2":[0,0],"3":[0,0],"4":[0,0],"5":[0,0,0,0],"6":[0,0],"7":[0,0],"8":[0,0]}}
}
