TN:
SF:src/index.ts
FNF:0
FNH:0
LF:0
LH:0
BRF:0
BRH:0
end_of_record
TN:
SF:src/slice/create-action-slice.ts
FN:26,(anonymous_0)
FN:62,(anonymous_1)
FN:100,(anonymous_2)
FN:101,(anonymous_3)
FN:102,(anonymous_4)
FN:114,(anonymous_5)
FN:148,(anonymous_6)
FN:150,(anonymous_7)
FN:161,(anonymous_8)
FNF:9
FNH:9
FNDA:4,(anonymous_0)
FNDA:20,(anonymous_1)
FNDA:135,(anonymous_2)
FNDA:23,(anonymous_3)
FNDA:20,(anonymous_4)
FNDA:10,(anonymous_5)
FNDA:9,(anonymous_6)
FNDA:12,(anonymous_7)
FNDA:13,(anonymous_8)
DA:26,3
DA:62,4
DA:76,20
DA:77,0
DA:79,20
DA:80,0
DA:84,20
DA:87,20
DA:94,20
DA:98,20
DA:100,20
DA:101,135
DA:102,23
DA:104,20
DA:107,20
DA:110,20
DA:114,10
DA:115,10
DA:116,10
DA:118,10
DA:119,10
DA:128,10
DA:129,0
DA:132,0
DA:140,23
DA:144,20
DA:149,9
DA:150,9
DA:151,12
DA:152,12
DA:156,6
DA:157,6
DA:162,13
DA:165,20
LF:34
LH:30
BRDA:76,0,0,0
BRDA:76,0,1,20
BRDA:79,1,0,0
BRDA:79,1,1,20
BRDA:79,2,0,20
BRDA:79,2,1,20
BRDA:84,3,0,4
BRDA:84,3,1,16
BRDA:104,4,0,20
BRDA:104,4,1,0
BRDA:107,5,0,20
BRDA:107,5,1,0
BRDA:110,6,0,10
BRDA:110,6,1,10
BRDA:111,7,0,20
BRDA:111,7,1,10
BRDA:116,8,0,10
BRDA:116,8,1,0
BRDA:118,9,0,10
BRDA:118,9,1,0
BRDA:128,10,0,0
BRDA:128,10,1,10
BRDA:151,11,0,12
BRDA:151,11,1,0
BRDA:152,12,0,6
BRDA:152,12,1,6
BRDA:153,13,0,12
BRDA:153,13,1,12
BRDA:162,14,0,13
BRDA:162,14,1,0
BRF:30
BRH:21
end_of_record
TN:
SF:src/slice/create-actions-reference.ts
FN:1,createActionsReference
FN:2,(anonymous_1)
FN:3,(anonymous_2)
FNF:3
FNH:2
FNDA:20,createActionsReference
FNDA:135,(anonymous_1)
FNDA:0,(anonymous_2)
DA:2,20
DA:3,135
DA:4,135
LF:3
LH:3
BRDA:3,0,0,0
BRF:1
BRH:0
end_of_record
TN:
SF:src/slice/create-global-slice.ts
FN:5,(anonymous_0)
FN:15,(anonymous_1)
FN:24,(anonymous_2)
FNF:3
FNH:3
FNDA:3,(anonymous_0)
FNDA:1,(anonymous_1)
FNDA:9,(anonymous_2)
DA:5,1
DA:11,3
DA:12,0
DA:14,3
DA:21,1
DA:22,1
DA:25,9
DA:26,0
DA:30,9
DA:31,9
LF:10
LH:8
BRDA:11,0,0,0
BRDA:11,0,1,3
BRDA:21,1,0,0
BRDA:21,1,1,1
BRDA:25,2,0,0
BRDA:25,2,1,9
BRDA:25,3,0,9
BRDA:25,3,1,9
BRDA:30,4,0,0
BRDA:30,4,1,9
BRF:10
BRH:6
end_of_record
TN:
SF:src/slice/create-initital-state.ts
FN:1,(anonymous_0)
FNF:1
FNH:1
FNDA:1,(anonymous_0)
DA:1,1
DA:2,1
LF:2
LH:2
BRF:0
BRH:0
end_of_record
TN:
SF:src/slice/create-reducer-slice.ts
FN:5,(anonymous_0)
FN:11,(anonymous_1)
FN:20,(anonymous_2)
FN:33,(anonymous_3)
FN:60,(anonymous_4)
FN:67,(anonymous_5)
FN:78,(anonymous_6)
FN:92,(anonymous_7)
FNF:8
FNH:8
FNDA:22,(anonymous_0)
FNDA:69,(anonymous_1)
FNDA:5,(anonymous_2)
FNDA:21,(anonymous_3)
FNDA:86,(anonymous_4)
FNDA:21,(anonymous_5)
FNDA:21,(anonymous_6)
FNDA:21,(anonymous_7)
DA:5,5
DA:11,22
DA:12,69
DA:13,69
DA:14,22
DA:16,47
DA:20,5
DA:33,5
DA:46,21
DA:47,0
DA:49,21
DA:50,0
DA:54,21
DA:55,21
DA:56,21
DA:61,86
DA:65,86
DA:66,86
DA:67,86
DA:71,21
DA:72,0
DA:78,21
DA:79,21
DA:92,86
DA:93,21
DA:100,86
DA:104,21
DA:110,21
DA:111,21
DA:112,21
LF:30
LH:27
BRDA:11,0,0,47
BRDA:13,1,0,22
BRDA:13,1,1,47
BRDA:13,2,0,69
BRDA:13,2,1,22
BRDA:46,3,0,0
BRDA:46,3,1,21
BRDA:49,4,0,0
BRDA:49,4,1,21
BRDA:49,5,0,21
BRDA:49,5,1,21
BRDA:61,6,0,86
BRDA:61,6,1,0
BRDA:62,7,0,86
BRDA:62,7,1,86
BRDA:71,8,0,0
BRDA:71,8,1,21
BRF:17
BRH:13
end_of_record
TN:
SF:src/store/create-store.ts
FN:7,createReducerManager
FN:17,(anonymous_1)
FN:20,(anonymous_2)
FN:32,(anonymous_3)
FN:36,(anonymous_4)
FN:49,(anonymous_5)
FN:74,(anonymous_6)
FN:79,(anonymous_7)
FN:96,configureStore
FN:112,(anonymous_9)
FN:133,(anonymous_10)
FN:139,(anonymous_11)
FN:154,(anonymous_12)
FN:161,(anonymous_13)
FN:162,(anonymous_14)
FN:165,(anonymous_15)
FN:166,(anonymous_16)
FN:170,(anonymous_17)
FNF:18
FNH:15
FNDA:19,createReducerManager
FNDA:125,(anonymous_1)
FNDA:125,(anonymous_2)
FNDA:0,(anonymous_3)
FNDA:53,(anonymous_4)
FNDA:21,(anonymous_5)
FNDA:0,(anonymous_6)
FNDA:0,(anonymous_7)
FNDA:19,configureStore
FNDA:12,(anonymous_9)
FNDA:19,(anonymous_10)
FNDA:25,(anonymous_11)
FNDA:23,(anonymous_12)
FNDA:21,(anonymous_13)
FNDA:1,(anonymous_14)
FNDA:9,(anonymous_15)
FNDA:21,(anonymous_16)
FNDA:4,(anonymous_17)
DA:14,19
DA:15,19
DA:18,125
DA:21,125
DA:26,19
DA:29,19
DA:31,19
DA:32,0
DA:38,53
DA:39,0
DA:40,0
DA:41,0
DA:43,0
DA:45,53
DA:50,21
DA:51,0
DA:56,21
DA:57,4
DA:59,17
DA:62,17
DA:65,17
DA:67,17
DA:68,13
DA:75,0
DA:80,0
DA:81,0
DA:85,0
DA:88,0
DA:91,0
DA:104,19
DA:109,19
DA:110,19
DA:111,17
DA:112,12
DA:116,19
DA:121,19
DA:128,19
DA:133,19
DA:134,19
DA:135,19
DA:136,19
DA:137,19
DA:138,19
DA:139,19
DA:141,25
DA:142,25
DA:143,20
DA:146,25
DA:147,5
DA:154,19
DA:156,23
DA:157,23
DA:159,19
DA:160,19
DA:161,21
DA:162,19
DA:163,1
DA:165,19
DA:166,21
DA:170,19
DA:171,4
DA:173,19
DA:174,0
DA:176,19
LF:64
LH:51
BRDA:14,0,0,19
BRDA:17,1,0,91
BRDA:20,2,0,91
BRDA:20,3,0,91
BRDA:20,3,1,0
BRDA:38,4,0,0
BRDA:38,4,1,53
BRDA:50,5,0,0
BRDA:50,5,1,21
BRDA:56,6,0,4
BRDA:56,6,1,17
BRDA:56,7,0,21
BRDA:56,7,1,8
BRDA:67,8,0,13
BRDA:67,8,1,4
BRDA:80,9,0,0
BRDA:80,9,1,0
BRDA:80,10,0,0
BRDA:80,10,1,0
BRDA:102,11,0,14
BRDA:104,12,0,19
BRDA:104,12,1,0
BRDA:110,13,0,17
BRDA:110,13,1,2
BRDA:112,14,0,12
BRDA:112,15,0,12
BRDA:112,15,1,0
BRDA:116,16,0,19
BRDA:116,16,1,19
BRDA:121,17,0,0
BRDA:121,17,1,19
BRDA:121,18,0,19
BRDA:121,18,1,19
BRDA:138,19,0,19
BRDA:138,19,1,19
BRDA:142,20,0,20
BRDA:142,20,1,5
BRDA:142,21,0,25
BRDA:142,21,1,20
BRDA:146,22,0,5
BRDA:146,22,1,20
BRDA:160,23,0,19
BRDA:160,23,1,14
BRDA:161,24,0,21
BRDA:161,24,1,4
BRDA:166,25,0,21
BRDA:166,25,1,21
BRDA:173,26,0,0
BRDA:173,26,1,19
BRF:49
BRH:38
end_of_record
TN:
SF:src/types/base.ts
FNF:0
FNH:0
LF:0
LH:0
BRF:0
BRH:0
end_of_record
TN:
SF:src/utils/idelCallback.ts
FN:1,(anonymous_0)
FN:2,(anonymous_1)
FN:6,(anonymous_2)
FN:9,(anonymous_3)
FN:21,(anonymous_4)
FNF:5
FNH:4
FNDA:4,(anonymous_0)
FNDA:38,(anonymous_1)
FNDA:35,(anonymous_2)
FNDA:0,(anonymous_3)
FNDA:4,(anonymous_4)
DA:1,4
DA:2,4
DA:5,38
DA:6,38
DA:7,35
DA:10,0
DA:16,4
DA:21,4
DA:22,4
DA:23,4
LF:10
LH:9
BRDA:16,0,0,0
BRDA:16,0,1,4
BRDA:16,1,0,4
BRDA:16,1,1,4
BRF:4
BRH:3
end_of_record
TN:
SF:src/utils/selectors.ts
FN:1,(anonymous_0)
FN:3,(anonymous_1)
FNF:2
FNH:0
FNDA:0,(anonymous_0)
FNDA:0,(anonymous_1)
DA:1,0
DA:3,0
LF:2
LH:0
BRF:0
BRH:0
end_of_record
TN:
SF:src/utils/shallowEqual.ts
FN:1,is
FN:9,shallowEqual
FNF:2
FNH:0
FNDA:0,is
FNDA:0,shallowEqual
DA:2,0
DA:3,0
DA:5,0
DA:10,0
DA:12,0
DA:18,0
DA:21,0
DA:22,0
DA:24,0
DA:26,0
DA:27,0
DA:31,0
DA:35,0
LF:13
LH:0
BRDA:2,0,0,0
BRDA:2,0,1,0
BRDA:3,1,0,0
BRDA:3,1,1,0
BRDA:3,1,2,0
BRDA:5,2,0,0
BRDA:5,2,1,0
BRDA:10,3,0,0
BRDA:10,3,1,0
BRDA:12,4,0,0
BRDA:12,4,1,0
BRDA:13,5,0,0
BRDA:13,5,1,0
BRDA:13,5,2,0
BRDA:13,5,3,0
BRDA:24,6,0,0
BRDA:24,6,1,0
BRDA:27,7,0,0
BRDA:27,7,1,0
BRDA:28,8,0,0
BRDA:28,8,1,0
BRF:21
BRH:0
end_of_record
