{"/Users/kamleshsharma/workspace/fancode/redux-rewire/packages/legacy/src/constant.ts": {"path":"/Users/kamleshsharma/workspace/fancode/redux-rewire/packages/legacy/src/constant.ts","statementMap":{"0":{"start":{"line":1,"column":32},"end":{"line":4,"column":1}}},"fnMap":{},"branchMap":{},"s":{"0":3},"f":{},"b":{},"_coverageSchema":"1a1c01bbd47fc00a2c39e90264f33305004495a9","hash":"519970bcb38542acdddf548185fb217284ddacbd"}
,"/Users/kamleshsharma/workspace/fancode/redux-rewire/packages/legacy/src/index.ts": {"path":"/Users/kamleshsharma/workspace/fancode/redux-rewire/packages/legacy/src/index.ts","statementMap":{},"fnMap":{},"branchMap":{},"s":{},"f":{},"b":{}}
,"/Users/kamleshsharma/workspace/fancode/redux-rewire/packages/legacy/src/core/create-action-slice-type.ts": {"path":"/Users/kamleshsharma/workspace/fancode/redux-rewire/packages/legacy/src/core/create-action-slice-type.ts","statementMap":{},"fnMap":{},"branchMap":{},"s":{},"f":{},"b":{}}
,"/Users/kamleshsharma/workspace/fancode/redux-rewire/packages/legacy/src/core/create-action-slice.ts": {"path":"/Users/kamleshsharma/workspace/fancode/redux-rewire/packages/legacy/src/core/create-action-slice.ts","statementMap":{"0":{"start":{"line":6,"column":56},"end":{"line":102,"column":1}},"1":{"start":{"line":10,"column":2},"end":{"line":101,"column":3}},"2":{"start":{"line":19,"column":23},"end":{"line":19,"column":34}},"3":{"start":{"line":21,"column":6},"end":{"line":21,"column":65}},"4":{"start":{"line":24,"column":35},"end":{"line":27,"column":5}},"5":{"start":{"line":29,"column":28},"end":{"line":29,"column":74}},"6":{"start":{"line":32,"column":20},"end":{"line":32,"column":49}},"7":{"start":{"line":34,"column":4},"end":{"line":44,"column":5}},"8":{"start":{"line":36,"column":6},"end":{"line":43,"column":7}},"9":{"start":{"line":48,"column":25},"end":{"line":55,"column":5}},"10":{"start":{"line":59,"column":4},"end":{"line":90,"column":5}},"11":{"start":{"line":61,"column":6},"end":{"line":89,"column":8}},"12":{"start":{"line":62,"column":8},"end":{"line":88,"column":9}},"13":{"start":{"line":68,"column":12},"end":{"line":68,"column":72}},"14":{"start":{"line":70,"column":10},"end":{"line":70,"column":74}},"15":{"start":{"line":70,"column":41},"end":{"line":70,"column":74}},"16":{"start":{"line":75,"column":10},"end":{"line":86,"column":11}},"17":{"start":{"line":76,"column":35},"end":{"line":80,"column":13}},"18":{"start":{"line":82,"column":12},"end":{"line":84,"column":13}},"19":{"start":{"line":83,"column":14},"end":{"line":83,"column":63}},"20":{"start":{"line":85,"column":12},"end":{"line":85,"column":56}},"21":{"start":{"line":87,"column":10},"end":{"line":87,"column":41}},"22":{"start":{"line":93,"column":4},"end":{"line":100,"column":5}},"23":{"start":{"line":112,"column":2},"end":{"line":148,"column":8}},"24":{"start":{"line":113,"column":4},"end":{"line":146,"column":5}},"25":{"start":{"line":114,"column":25},"end":{"line":114,"column":55}},"26":{"start":{"line":115,"column":27},"end":{"line":115,"column":70}},"27":{"start":{"line":117,"column":27},"end":{"line":117,"column":36}},"28":{"start":{"line":118,"column":6},"end":{"line":144,"column":7}},"29":{"start":{"line":119,"column":8},"end":{"line":125,"column":10}},"30":{"start":{"line":130,"column":8},"end":{"line":135,"column":10}},"31":{"start":{"line":137,"column":8},"end":{"line":143,"column":10}},"32":{"start":{"line":145,"column":6},"end":{"line":145,"column":22}},"33":{"start":{"line":147,"column":4},"end":{"line":147,"column":14}}},"fnMap":{"0":{"name":"(anonymous_0)","decl":{"start":{"line":6,"column":56},"end":{"line":6,"column":57}},"loc":{"start":{"line":9,"column":2},"end":{"line":102,"column":1}},"line":9},"1":{"name":"(anonymous_1)","decl":{"start":{"line":10,"column":9},"end":{"line":10,"column":10}},"loc":{"start":{"line":17,"column":4},"end":{"line":101,"column":3}},"line":17},"2":{"name":"(anonymous_2)","decl":{"start":{"line":61,"column":37},"end":{"line":61,"column":38}},"loc":{"start":{"line":61,"column":50},"end":{"line":89,"column":7}},"line":61},"3":{"name":"(anonymous_3)","decl":{"start":{"line":62,"column":29},"end":{"line":62,"column":30}},"loc":{"start":{"line":66,"column":13},"end":{"line":88,"column":9}},"line":66},"4":{"name":"createAsyncFunction","decl":{"start":{"line":104,"column":9},"end":{"line":104,"column":28}},"loc":{"start":{"line":111,"column":2},"end":{"line":149,"column":1}},"line":111},"5":{"name":"(anonymous_5)","decl":{"start":{"line":112,"column":44},"end":{"line":112,"column":45}},"loc":{"start":{"line":112,"column":61},"end":{"line":148,"column":3}},"line":112},"6":{"name":"(anonymous_6)","decl":{"start":{"line":113,"column":18},"end":{"line":113,"column":19}},"loc":{"start":{"line":113,"column":71},"end":{"line":146,"column":5}},"line":113}},"branchMap":{"0":{"loc":{"start":{"line":19,"column":23},"end":{"line":19,"column":34}},"type":"binary-expr","locations":[{"start":{"line":19,"column":23},"end":{"line":19,"column":28}},{"start":{"line":19,"column":32},"end":{"line":19,"column":34}}],"line":19},"1":{"loc":{"start":{"line":32,"column":20},"end":{"line":32,"column":49}},"type":"binary-expr","locations":[{"start":{"line":32,"column":20},"end":{"line":32,"column":30}},{"start":{"line":32,"column":34},"end":{"line":32,"column":49}}],"line":32},"2":{"loc":{"start":{"line":34,"column":4},"end":{"line":44,"column":5}},"type":"if","locations":[{"start":{"line":34,"column":4},"end":{"line":44,"column":5}},{"start":{},"end":{}}],"line":34},"3":{"loc":{"start":{"line":59,"column":4},"end":{"line":90,"column":5}},"type":"if","locations":[{"start":{"line":59,"column":4},"end":{"line":90,"column":5}},{"start":{},"end":{}}],"line":59},"4":{"loc":{"start":{"line":68,"column":12},"end":{"line":68,"column":72}},"type":"binary-expr","locations":[{"start":{"line":68,"column":12},"end":{"line":68,"column":26}},{"start":{"line":68,"column":30},"end":{"line":68,"column":56}},{"start":{"line":68,"column":60},"end":{"line":68,"column":72}}],"line":68},"5":{"loc":{"start":{"line":70,"column":10},"end":{"line":70,"column":74}},"type":"if","locations":[{"start":{"line":70,"column":10},"end":{"line":70,"column":74}},{"start":{},"end":{}}],"line":70},"6":{"loc":{"start":{"line":75,"column":10},"end":{"line":86,"column":11}},"type":"if","locations":[{"start":{"line":75,"column":10},"end":{"line":86,"column":11}},{"start":{},"end":{}}],"line":75},"7":{"loc":{"start":{"line":82,"column":12},"end":{"line":84,"column":13}},"type":"if","locations":[{"start":{"line":82,"column":12},"end":{"line":84,"column":13}},{"start":{},"end":{}}],"line":82},"8":{"loc":{"start":{"line":83,"column":25},"end":{"line":83,"column":62}},"type":"binary-expr","locations":[{"start":{"line":83,"column":25},"end":{"line":83,"column":34}},{"start":{"line":83,"column":38},"end":{"line":83,"column":62}}],"line":83},"9":{"loc":{"start":{"line":85,"column":19},"end":{"line":85,"column":56}},"type":"binary-expr","locations":[{"start":{"line":85,"column":19},"end":{"line":85,"column":28}},{"start":{"line":85,"column":32},"end":{"line":85,"column":56}}],"line":85},"10":{"loc":{"start":{"line":113,"column":19},"end":{"line":113,"column":33}},"type":"default-arg","locations":[{"start":{"line":113,"column":31},"end":{"line":113,"column":33}}],"line":113},"11":{"loc":{"start":{"line":114,"column":25},"end":{"line":114,"column":55}},"type":"binary-expr","locations":[{"start":{"line":114,"column":26},"end":{"line":114,"column":34}},{"start":{"line":114,"column":38},"end":{"line":114,"column":48}},{"start":{"line":114,"column":53},"end":{"line":114,"column":55}}],"line":114},"12":{"loc":{"start":{"line":115,"column":27},"end":{"line":115,"column":70}},"type":"binary-expr","locations":[{"start":{"line":115,"column":27},"end":{"line":115,"column":42}},{"start":{"line":115,"column":46},"end":{"line":115,"column":54}},{"start":{"line":115,"column":58},"end":{"line":115,"column":70}}],"line":115},"13":{"loc":{"start":{"line":124,"column":21},"end":{"line":124,"column":46}},"type":"binary-expr","locations":[{"start":{"line":124,"column":21},"end":{"line":124,"column":30}},{"start":{"line":124,"column":34},"end":{"line":124,"column":46}}],"line":124}},"s":{"0":1,"1":1,"2":1,"3":1,"4":1,"5":1,"6":1,"7":1,"8":0,"9":1,"10":1,"11":1,"12":3,"13":0,"14":0,"15":0,"16":0,"17":0,"18":0,"19":0,"20":0,"21":0,"22":1,"23":1,"24":1,"25":1,"26":1,"27":1,"28":1,"29":1,"30":1,"31":0,"32":1,"33":1},"f":{"0":1,"1":1,"2":3,"3":0,"4":1,"5":1,"6":1},"b":{"0":[1,1],"1":[1,1],"2":[0,1],"3":[1,0],"4":[0,0,0],"5":[0,0],"6":[0,0],"7":[0,0],"8":[0,0],"9":[0,0],"10":[0],"11":[1,0,1],"12":[1,1,1],"13":[1,1]},"_coverageSchema":"1a1c01bbd47fc00a2c39e90264f33305004495a9","hash":"917234f0809b846346c806b50a2566f8628fc4a4"}
,"/Users/kamleshsharma/workspace/fancode/redux-rewire/packages/legacy/src/core/create-actions-reference.ts": {"path":"/Users/kamleshsharma/workspace/fancode/redux-rewire/packages/legacy/src/core/create-actions-reference.ts","statementMap":{"0":{"start":{"line":4,"column":2},"end":{"line":7,"column":15}},"1":{"start":{"line":5,"column":4},"end":{"line":5,"column":45}},"2":{"start":{"line":5,"column":41},"end":{"line":5,"column":45}},"3":{"start":{"line":6,"column":4},"end":{"line":6,"column":14}},"4":{"start":{"line":14,"column":58},"end":{"line":14,"column":80}},"5":{"start":{"line":16,"column":33},"end":{"line":19,"column":3}},"6":{"start":{"line":20,"column":2},"end":{"line":20,"column":55}}},"fnMap":{"0":{"name":"createActionsReference","decl":{"start":{"line":3,"column":16},"end":{"line":3,"column":38}},"loc":{"start":{"line":3,"column":58},"end":{"line":8,"column":1}},"line":3},"1":{"name":"(anonymous_1)","decl":{"start":{"line":4,"column":24},"end":{"line":4,"column":25}},"loc":{"start":{"line":4,"column":44},"end":{"line":7,"column":3}},"line":4},"2":{"name":"(anonymous_2)","decl":{"start":{"line":5,"column":21},"end":{"line":5,"column":22}},"loc":{"start":{"line":5,"column":41},"end":{"line":5,"column":45}},"line":5},"3":{"name":"createActionsReferenceFromActionSlice","decl":{"start":{"line":10,"column":16},"end":{"line":10,"column":53}},"loc":{"start":{"line":12,"column":2},"end":{"line":21,"column":1}},"line":12}},"branchMap":{"0":{"loc":{"start":{"line":5,"column":22},"end":{"line":5,"column":36}},"type":"default-arg","locations":[{"start":{"line":5,"column":34},"end":{"line":5,"column":36}}],"line":5}},"s":{"0":1,"1":3,"2":0,"3":3,"4":0,"5":0,"6":0},"f":{"0":1,"1":3,"2":0,"3":0},"b":{"0":[0]},"_coverageSchema":"1a1c01bbd47fc00a2c39e90264f33305004495a9","hash":"46e2dc982ee5911c9a52e88d2f0d8ed5e55d4cc1"}
,"/Users/kamleshsharma/workspace/fancode/redux-rewire/packages/legacy/src/core/create-global-state.ts": {"path":"/Users/kamleshsharma/workspace/fancode/redux-rewire/packages/legacy/src/core/create-global-state.ts","statementMap":{"0":{"start":{"line":3,"column":56},"end":{"line":13,"column":1}},"1":{"start":{"line":8,"column":2},"end":{"line":12,"column":3}}},"fnMap":{"0":{"name":"(anonymous_0)","decl":{"start":{"line":3,"column":56},"end":{"line":3,"column":57}},"loc":{"start":{"line":7,"column":2},"end":{"line":13,"column":1}},"line":7}},"branchMap":{"0":{"loc":{"start":{"line":6,"column":2},"end":{"line":6,"column":18}},"type":"default-arg","locations":[{"start":{"line":6,"column":14},"end":{"line":6,"column":18}}],"line":6}},"s":{"0":0,"1":0},"f":{"0":0},"b":{"0":[0]}}
,"/Users/kamleshsharma/workspace/fancode/redux-rewire/packages/legacy/src/core/create-global-state.type.ts": {"path":"/Users/kamleshsharma/workspace/fancode/redux-rewire/packages/legacy/src/core/create-global-state.type.ts","statementMap":{},"fnMap":{},"branchMap":{},"s":{},"f":{},"b":{}}
,"/Users/kamleshsharma/workspace/fancode/redux-rewire/packages/legacy/src/core/create-initital-state.ts": {"path":"/Users/kamleshsharma/workspace/fancode/redux-rewire/packages/legacy/src/core/create-initital-state.ts","statementMap":{"0":{"start":{"line":3,"column":27},"end":{"line":3,"column":41}},"1":{"start":{"line":5,"column":58},"end":{"line":24,"column":1}},"2":{"start":{"line":10,"column":2},"end":{"line":23,"column":3}},"3":{"start":{"line":11,"column":4},"end":{"line":17,"column":5}},"4":{"start":{"line":19,"column":4},"end":{"line":22,"column":5}}},"fnMap":{"0":{"name":"(anonymous_0)","decl":{"start":{"line":5,"column":58},"end":{"line":5,"column":59}},"loc":{"start":{"line":9,"column":2},"end":{"line":24,"column":1}},"line":9}},"branchMap":{"0":{"loc":{"start":{"line":10,"column":2},"end":{"line":23,"column":3}},"type":"if","locations":[{"start":{"line":10,"column":2},"end":{"line":23,"column":3}},{"start":{"line":18,"column":9},"end":{"line":23,"column":3}}],"line":10}},"s":{"0":2,"1":2,"2":2,"3":2,"4":0},"f":{"0":2},"b":{"0":[2,0]},"_coverageSchema":"1a1c01bbd47fc00a2c39e90264f33305004495a9","hash":"639a411cb2b56c4bf041466fdd6233c6d2686940"}
,"/Users/kamleshsharma/workspace/fancode/redux-rewire/packages/legacy/src/core/create-initital-state.type.ts": {"path":"/Users/kamleshsharma/workspace/fancode/redux-rewire/packages/legacy/src/core/create-initital-state.type.ts","statementMap":{},"fnMap":{},"branchMap":{},"s":{},"f":{},"b":{}}
,"/Users/kamleshsharma/workspace/fancode/redux-rewire/packages/legacy/src/core/create-reducer-slice-type.ts": {"path":"/Users/kamleshsharma/workspace/fancode/redux-rewire/packages/legacy/src/core/create-reducer-slice-type.ts","statementMap":{},"fnMap":{},"branchMap":{},"s":{},"f":{},"b":{}}
,"/Users/kamleshsharma/workspace/fancode/redux-rewire/packages/legacy/src/core/create-reducer-slice.ts": {"path":"/Users/kamleshsharma/workspace/fancode/redux-rewire/packages/legacy/src/core/create-reducer-slice.ts","statementMap":{"0":{"start":{"line":7,"column":58},"end":{"line":96,"column":1}},"1":{"start":{"line":11,"column":2},"end":{"line":95,"column":3}},"2":{"start":{"line":12,"column":51},"end":{"line":16,"column":22}},"3":{"start":{"line":17,"column":4},"end":{"line":25,"column":5}},"4":{"start":{"line":19,"column":6},"end":{"line":24,"column":14}},"5":{"start":{"line":26,"column":30},"end":{"line":57,"column":10}},"6":{"start":{"line":29,"column":6},"end":{"line":55,"column":7}},"7":{"start":{"line":30,"column":28},"end":{"line":30,"column":50}},"8":{"start":{"line":31,"column":8},"end":{"line":54,"column":9}},"9":{"start":{"line":32,"column":10},"end":{"line":53,"column":12}},"10":{"start":{"line":33,"column":12},"end":{"line":51,"column":13}},"11":{"start":{"line":34,"column":14},"end":{"line":37,"column":16}},"12":{"start":{"line":39,"column":14},"end":{"line":39,"column":77}},"13":{"start":{"line":43,"column":14},"end":{"line":50,"column":19}},"14":{"start":{"line":44,"column":16},"end":{"line":49,"column":18}},"15":{"start":{"line":52,"column":12},"end":{"line":52,"column":29}},"16":{"start":{"line":56,"column":6},"end":{"line":56,"column":16}},"17":{"start":{"line":59,"column":28},"end":{"line":59,"column":80}},"18":{"start":{"line":61,"column":24},"end":{"line":61,"column":45}},"19":{"start":{"line":63,"column":32},"end":{"line":86,"column":5}},"20":{"start":{"line":65,"column":8},"end":{"line":83,"column":9}},"21":{"start":{"line":66,"column":10},"end":{"line":82,"column":11}},"22":{"start":{"line":71,"column":12},"end":{"line":81,"column":17}},"23":{"start":{"line":84,"column":8},"end":{"line":84,"column":18}},"24":{"start":{"line":88,"column":4},"end":{"line":94,"column":5}}},"fnMap":{"0":{"name":"(anonymous_0)","decl":{"start":{"line":7,"column":58},"end":{"line":7,"column":59}},"loc":{"start":{"line":10,"column":2},"end":{"line":96,"column":1}},"line":10},"1":{"name":"(anonymous_1)","decl":{"start":{"line":11,"column":9},"end":{"line":11,"column":10}},"loc":{"start":{"line":11,"column":60},"end":{"line":95,"column":3}},"line":11},"2":{"name":"(anonymous_2)","decl":{"start":{"line":28,"column":7},"end":{"line":28,"column":8}},"loc":{"start":{"line":28,"column":28},"end":{"line":57,"column":5}},"line":28},"3":{"name":"(anonymous_3)","decl":{"start":{"line":31,"column":27},"end":{"line":31,"column":28}},"loc":{"start":{"line":31,"column":78},"end":{"line":54,"column":9}},"line":31},"4":{"name":"(anonymous_4)","decl":{"start":{"line":32,"column":31},"end":{"line":32,"column":32}},"loc":{"start":{"line":32,"column":52},"end":{"line":53,"column":11}},"line":32},"5":{"name":"(anonymous_5)","decl":{"start":{"line":43,"column":25},"end":{"line":43,"column":26}},"loc":{"start":{"line":43,"column":31},"end":{"line":50,"column":15}},"line":43},"6":{"name":"(anonymous_6)","decl":{"start":{"line":64,"column":30},"end":{"line":64,"column":31}},"loc":{"start":{"line":64,"column":51},"end":{"line":85,"column":7}},"line":64},"7":{"name":"(anonymous_7)","decl":{"start":{"line":66,"column":28},"end":{"line":66,"column":29}},"loc":{"start":{"line":69,"column":15},"end":{"line":82,"column":11}},"line":69}},"branchMap":{"0":{"loc":{"start":{"line":12,"column":51},"end":{"line":16,"column":22}},"type":"cond-expr","locations":[{"start":{"line":13,"column":8},"end":{"line":13,"column":56}},{"start":{"line":14,"column":8},"end":{"line":16,"column":22}}],"line":12},"1":{"loc":{"start":{"line":14,"column":8},"end":{"line":16,"column":22}},"type":"cond-expr","locations":[{"start":{"line":15,"column":10},"end":{"line":15,"column":29}},{"start":{"line":16,"column":10},"end":{"line":16,"column":22}}],"line":14},"2":{"loc":{"start":{"line":14,"column":8},"end":{"line":14,"column":34}},"type":"binary-expr","locations":[{"start":{"line":14,"column":8},"end":{"line":14,"column":11}},{"start":{"line":14,"column":15},"end":{"line":14,"column":34}}],"line":14},"3":{"loc":{"start":{"line":17,"column":4},"end":{"line":25,"column":5}},"type":"if","locations":[{"start":{"line":17,"column":4},"end":{"line":25,"column":5}},{"start":{},"end":{}}],"line":17},"4":{"loc":{"start":{"line":29,"column":6},"end":{"line":55,"column":7}},"type":"if","locations":[{"start":{"line":29,"column":6},"end":{"line":55,"column":7}},{"start":{},"end":{}}],"line":29},"5":{"loc":{"start":{"line":65,"column":8},"end":{"line":83,"column":9}},"type":"if","locations":[{"start":{"line":65,"column":8},"end":{"line":83,"column":9}},{"start":{},"end":{}}],"line":65},"6":{"loc":{"start":{"line":68,"column":12},"end":{"line":68,"column":49}},"type":"default-arg","locations":[{"start":{"line":68,"column":31},"end":{"line":68,"column":49}}],"line":68},"7":{"loc":{"start":{"line":68,"column":31},"end":{"line":68,"column":49}},"type":"binary-expr","locations":[{"start":{"line":68,"column":31},"end":{"line":68,"column":43}},{"start":{"line":68,"column":47},"end":{"line":68,"column":49}}],"line":68},"8":{"loc":{"start":{"line":71,"column":19},"end":{"line":81,"column":17}},"type":"cond-expr","locations":[{"start":{"line":72,"column":16},"end":{"line":76,"column":18}},{"start":{"line":77,"column":16},"end":{"line":81,"column":17}}],"line":71}},"s":{"0":2,"1":2,"2":2,"3":2,"4":0,"5":2,"6":4,"7":4,"8":4,"9":1,"10":1,"11":1,"12":0,"13":0,"14":0,"15":0,"16":4,"17":2,"18":2,"19":2,"20":4,"21":4,"22":1,"23":4,"24":2},"f":{"0":2,"1":2,"2":4,"3":1,"4":1,"5":0,"6":4,"7":1},"b":{"0":[0,2],"1":[0,2],"2":[2,2],"3":[0,2],"4":[4,0],"5":[4,0],"6":[1],"7":[1,1],"8":[0,1]},"_coverageSchema":"1a1c01bbd47fc00a2c39e90264f33305004495a9","hash":"50b230419a3048cdf381353ba18ea5d4889c8aaa"}
,"/Users/kamleshsharma/workspace/fancode/redux-rewire/packages/legacy/src/core/create-reducer.ts": {"path":"/Users/kamleshsharma/workspace/fancode/redux-rewire/packages/legacy/src/core/create-reducer.ts","statementMap":{"0":{"start":{"line":7,"column":30},"end":{"line":17,"column":1}},"1":{"start":{"line":11,"column":2},"end":{"line":16,"column":3}},"2":{"start":{"line":12,"column":4},"end":{"line":14,"column":5}},"3":{"start":{"line":13,"column":6},"end":{"line":13,"column":62}},"4":{"start":{"line":15,"column":4},"end":{"line":15,"column":16}}},"fnMap":{"0":{"name":"(anonymous_0)","decl":{"start":{"line":7,"column":30},"end":{"line":7,"column":31}},"loc":{"start":{"line":10,"column":32},"end":{"line":17,"column":1}},"line":10},"1":{"name":"(anonymous_1)","decl":{"start":{"line":11,"column":9},"end":{"line":11,"column":10}},"loc":{"start":{"line":11,"column":61},"end":{"line":16,"column":3}},"line":11}},"branchMap":{"0":{"loc":{"start":{"line":11,"column":10},"end":{"line":11,"column":37}},"type":"default-arg","locations":[{"start":{"line":11,"column":25},"end":{"line":11,"column":37}}],"line":11},"1":{"loc":{"start":{"line":12,"column":4},"end":{"line":14,"column":5}},"type":"if","locations":[{"start":{"line":12,"column":4},"end":{"line":14,"column":5}},{"start":{},"end":{}}],"line":12},"2":{"loc":{"start":{"line":13,"column":13},"end":{"line":13,"column":62}},"type":"binary-expr","locations":[{"start":{"line":13,"column":13},"end":{"line":13,"column":53}},{"start":{"line":13,"column":57},"end":{"line":13,"column":62}}],"line":13}},"s":{"0":3,"1":3,"2":2,"3":2,"4":0},"f":{"0":3,"1":2},"b":{"0":[0],"1":[2,0],"2":[2,0]},"_coverageSchema":"1a1c01bbd47fc00a2c39e90264f33305004495a9","hash":"4bd9a6630e3ea2f8a8de3381bfb822cef706c393"}
,"/Users/kamleshsharma/workspace/fancode/redux-rewire/packages/legacy/src/core/create-shared-state.ts": {"path":"/Users/kamleshsharma/workspace/fancode/redux-rewire/packages/legacy/src/core/create-shared-state.ts","statementMap":{"0":{"start":{"line":3,"column":56},"end":{"line":13,"column":1}},"1":{"start":{"line":8,"column":2},"end":{"line":12,"column":3}}},"fnMap":{"0":{"name":"(anonymous_0)","decl":{"start":{"line":3,"column":56},"end":{"line":3,"column":57}},"loc":{"start":{"line":7,"column":2},"end":{"line":13,"column":1}},"line":7}},"branchMap":{"0":{"loc":{"start":{"line":6,"column":2},"end":{"line":6,"column":18}},"type":"default-arg","locations":[{"start":{"line":6,"column":14},"end":{"line":6,"column":18}}],"line":6}},"s":{"0":0,"1":0},"f":{"0":0},"b":{"0":[0]}}
,"/Users/kamleshsharma/workspace/fancode/redux-rewire/packages/legacy/src/core/create-shared-state.type.ts": {"path":"/Users/kamleshsharma/workspace/fancode/redux-rewire/packages/legacy/src/core/create-shared-state.type.ts","statementMap":{},"fnMap":{},"branchMap":{},"s":{},"f":{},"b":{}}
,"/Users/kamleshsharma/workspace/fancode/redux-rewire/packages/legacy/src/core/create-store.type.ts": {"path":"/Users/kamleshsharma/workspace/fancode/redux-rewire/packages/legacy/src/core/create-store.type.ts","statementMap":{},"fnMap":{},"branchMap":{},"s":{},"f":{},"b":{}}
,"/Users/kamleshsharma/workspace/fancode/redux-rewire/packages/legacy/src/helper/get-parent-state.ts": {"path":"/Users/kamleshsharma/workspace/fancode/redux-rewire/packages/legacy/src/helper/get-parent-state.ts","statementMap":{"0":{"start":{"line":10,"column":2},"end":{"line":17,"column":3}},"1":{"start":{"line":11,"column":4},"end":{"line":11,"column":33}},"2":{"start":{"line":13,"column":31},"end":{"line":13,"column":68}},"3":{"start":{"line":14,"column":4},"end":{"line":16,"column":5}},"4":{"start":{"line":15,"column":6},"end":{"line":15,"column":80}},"5":{"start":{"line":18,"column":2},"end":{"line":18,"column":13}},"6":{"start":{"line":29,"column":50},"end":{"line":45,"column":1}},"7":{"start":{"line":34,"column":27},"end":{"line":38,"column":3}},"8":{"start":{"line":39,"column":2},"end":{"line":43,"column":3}},"9":{"start":{"line":40,"column":4},"end":{"line":42,"column":5}},"10":{"start":{"line":44,"column":2},"end":{"line":44,"column":25}}},"fnMap":{"0":{"name":"findClosesParentState","decl":{"start":{"line":5,"column":9},"end":{"line":5,"column":30}},"loc":{"start":{"line":9,"column":14},"end":{"line":19,"column":1}},"line":9},"1":{"name":"(anonymous_1)","decl":{"start":{"line":29,"column":50},"end":{"line":29,"column":51}},"loc":{"start":{"line":33,"column":2},"end":{"line":45,"column":1}},"line":33}},"branchMap":{"0":{"loc":{"start":{"line":10,"column":2},"end":{"line":17,"column":3}},"type":"if","locations":[{"start":{"line":10,"column":2},"end":{"line":17,"column":3}},{"start":{"line":12,"column":9},"end":{"line":17,"column":3}}],"line":10},"1":{"loc":{"start":{"line":14,"column":4},"end":{"line":16,"column":5}},"type":"if","locations":[{"start":{"line":14,"column":4},"end":{"line":16,"column":5}},{"start":{},"end":{}}],"line":14},"2":{"loc":{"start":{"line":39,"column":2},"end":{"line":43,"column":3}},"type":"if","locations":[{"start":{"line":39,"column":2},"end":{"line":43,"column":3}},{"start":{},"end":{}}],"line":39}},"s":{"0":0,"1":0,"2":0,"3":0,"4":0,"5":0,"6":0,"7":0,"8":0,"9":0,"10":0},"f":{"0":0,"1":0},"b":{"0":[0,0],"1":[0,0],"2":[0,0]}}
,"/Users/kamleshsharma/workspace/fancode/redux-rewire/packages/legacy/src/helper/idenity-reducer.ts": {"path":"/Users/kamleshsharma/workspace/fancode/redux-rewire/packages/legacy/src/helper/idenity-reducer.ts","statementMap":{"0":{"start":{"line":1,"column":31},"end":{"line":4,"column":10}}},"fnMap":{},"branchMap":{},"s":{"0":0},"f":{},"b":{}}
,"/Users/kamleshsharma/workspace/fancode/redux-rewire/packages/legacy/src/helper/idenity-selector.ts": {"path":"/Users/kamleshsharma/workspace/fancode/redux-rewire/packages/legacy/src/helper/idenity-selector.ts","statementMap":{"0":{"start":{"line":1,"column":32},"end":{"line":1,"column":62}},"1":{"start":{"line":1,"column":57},"end":{"line":1,"column":62}}},"fnMap":{"0":{"name":"(anonymous_0)","decl":{"start":{"line":1,"column":32},"end":{"line":1,"column":33}},"loc":{"start":{"line":1,"column":57},"end":{"line":1,"column":62}},"line":1}},"branchMap":{},"s":{"0":0,"1":0},"f":{"0":0},"b":{}}
,"/Users/kamleshsharma/workspace/fancode/redux-rewire/packages/legacy/src/helper/key-handler.ts": {"path":"/Users/kamleshsharma/workspace/fancode/redux-rewire/packages/legacy/src/helper/key-handler.ts","statementMap":{"0":{"start":{"line":1,"column":26},"end":{"line":94,"column":1}},"1":{"start":{"line":5,"column":4},"end":{"line":5,"column":57}},"2":{"start":{"line":5,"column":30},"end":{"line":5,"column":56}},"3":{"start":{"line":11,"column":4},"end":{"line":14,"column":5}},"4":{"start":{"line":12,"column":24},"end":{"line":12,"column":47}},"5":{"start":{"line":13,"column":6},"end":{"line":13,"column":50}},"6":{"start":{"line":15,"column":4},"end":{"line":15,"column":14}},"7":{"start":{"line":18,"column":4},"end":{"line":21,"column":5}},"8":{"start":{"line":19,"column":24},"end":{"line":19,"column":47}},"9":{"start":{"line":20,"column":6},"end":{"line":20,"column":79}},"10":{"start":{"line":20,"column":42},"end":{"line":20,"column":79}},"11":{"start":{"line":22,"column":4},"end":{"line":22,"column":15}},"12":{"start":{"line":29,"column":20},"end":{"line":29,"column":50}},"13":{"start":{"line":30,"column":4},"end":{"line":30,"column":45}},"14":{"start":{"line":31,"column":4},"end":{"line":31,"column":18}},"15":{"start":{"line":34,"column":19},"end":{"line":36,"column":26}},"16":{"start":{"line":37,"column":4},"end":{"line":40,"column":5}},"17":{"start":{"line":38,"column":26},"end":{"line":38,"column":55}},"18":{"start":{"line":39,"column":6},"end":{"line":39,"column":46}},"19":{"start":{"line":41,"column":4},"end":{"line":41,"column":17}},"20":{"start":{"line":44,"column":21},"end":{"line":44,"column":46}},"21":{"start":{"line":45,"column":4},"end":{"line":45,"column":50}},"22":{"start":{"line":45,"column":17},"end":{"line":45,"column":18}},"23":{"start":{"line":45,"column":36},"end":{"line":45,"column":50}},"24":{"start":{"line":46,"column":4},"end":{"line":46,"column":40}},"25":{"start":{"line":49,"column":24},"end":{"line":49,"column":57}},"26":{"start":{"line":50,"column":4},"end":{"line":50,"column":45}},"27":{"start":{"line":53,"column":4},"end":{"line":53,"column":41}},"28":{"start":{"line":56,"column":25},"end":{"line":56,"column":59}},"29":{"start":{"line":57,"column":25},"end":{"line":57,"column":59}},"30":{"start":{"line":58,"column":4},"end":{"line":58,"column":72}},"31":{"start":{"line":61,"column":21},"end":{"line":61,"column":46}},"32":{"start":{"line":62,"column":4},"end":{"line":62,"column":33}},"33":{"start":{"line":65,"column":24},"end":{"line":65,"column":53}},"34":{"start":{"line":66,"column":4},"end":{"line":66,"column":39}},"35":{"start":{"line":66,"column":21},"end":{"line":66,"column":39}},"36":{"start":{"line":67,"column":21},"end":{"line":67,"column":46}},"37":{"start":{"line":68,"column":4},"end":{"line":68,"column":33}},"38":{"start":{"line":71,"column":21},"end":{"line":71,"column":46}},"39":{"start":{"line":72,"column":4},"end":{"line":72,"column":52}},"40":{"start":{"line":75,"column":21},"end":{"line":75,"column":46}},"41":{"start":{"line":76,"column":29},"end":{"line":76,"column":31}},"42":{"start":{"line":77,"column":4},"end":{"line":80,"column":5}},"43":{"start":{"line":78,"column":6},"end":{"line":78,"column":20}},"44":{"start":{"line":79,"column":6},"end":{"line":79,"column":48}},"45":{"start":{"line":81,"column":4},"end":{"line":81,"column":17}},"46":{"start":{"line":87,"column":4},"end":{"line":91,"column":5}},"47":{"start":{"line":88,"column":6},"end":{"line":90,"column":7}},"48":{"start":{"line":89,"column":8},"end":{"line":89,"column":48}},"49":{"start":{"line":92,"column":4},"end":{"line":92,"column":15}}},"fnMap":{"0":{"name":"(anonymous_0)","decl":{"start":{"line":4,"column":2},"end":{"line":4,"column":3}},"loc":{"start":{"line":4,"column":69},"end":{"line":6,"column":3}},"line":4},"1":{"name":"(anonymous_1)","decl":{"start":{"line":5,"column":23},"end":{"line":5,"column":24}},"loc":{"start":{"line":5,"column":30},"end":{"line":5,"column":56}},"line":5},"2":{"name":"(anonymous_2)","decl":{"start":{"line":7,"column":2},"end":{"line":7,"column":3}},"loc":{"start":{"line":10,"column":4},"end":{"line":16,"column":3}},"line":10},"3":{"name":"(anonymous_3)","decl":{"start":{"line":17,"column":2},"end":{"line":17,"column":3}},"loc":{"start":{"line":17,"column":62},"end":{"line":23,"column":3}},"line":17},"4":{"name":"(anonymous_4)","decl":{"start":{"line":24,"column":2},"end":{"line":24,"column":3}},"loc":{"start":{"line":28,"column":4},"end":{"line":32,"column":3}},"line":28},"5":{"name":"(anonymous_5)","decl":{"start":{"line":33,"column":2},"end":{"line":33,"column":3}},"loc":{"start":{"line":33,"column":68},"end":{"line":42,"column":3}},"line":33},"6":{"name":"(anonymous_6)","decl":{"start":{"line":43,"column":2},"end":{"line":43,"column":3}},"loc":{"start":{"line":43,"column":39},"end":{"line":47,"column":3}},"line":43},"7":{"name":"(anonymous_7)","decl":{"start":{"line":48,"column":2},"end":{"line":48,"column":3}},"loc":{"start":{"line":48,"column":68},"end":{"line":51,"column":3}},"line":48},"8":{"name":"(anonymous_8)","decl":{"start":{"line":52,"column":2},"end":{"line":52,"column":3}},"loc":{"start":{"line":52,"column":53},"end":{"line":54,"column":3}},"line":52},"9":{"name":"(anonymous_9)","decl":{"start":{"line":55,"column":2},"end":{"line":55,"column":3}},"loc":{"start":{"line":55,"column":56},"end":{"line":59,"column":3}},"line":55},"10":{"name":"(anonymous_10)","decl":{"start":{"line":60,"column":2},"end":{"line":60,"column":3}},"loc":{"start":{"line":60,"column":23},"end":{"line":63,"column":3}},"line":60},"11":{"name":"(anonymous_11)","decl":{"start":{"line":64,"column":2},"end":{"line":64,"column":3}},"loc":{"start":{"line":64,"column":38},"end":{"line":69,"column":3}},"line":64},"12":{"name":"(anonymous_12)","decl":{"start":{"line":70,"column":2},"end":{"line":70,"column":3}},"loc":{"start":{"line":70,"column":29},"end":{"line":73,"column":3}},"line":70},"13":{"name":"(anonymous_13)","decl":{"start":{"line":74,"column":2},"end":{"line":74,"column":3}},"loc":{"start":{"line":74,"column":31},"end":{"line":82,"column":3}},"line":74},"14":{"name":"(anonymous_14)","decl":{"start":{"line":83,"column":2},"end":{"line":83,"column":3}},"loc":{"start":{"line":86,"column":14},"end":{"line":93,"column":3}},"line":86}},"branchMap":{"0":{"loc":{"start":{"line":4,"column":26},"end":{"line":4,"column":57}},"type":"default-arg","locations":[{"start":{"line":4,"column":40},"end":{"line":4,"column":57}}],"line":4},"1":{"loc":{"start":{"line":11,"column":4},"end":{"line":14,"column":5}},"type":"if","locations":[{"start":{"line":11,"column":4},"end":{"line":14,"column":5}},{"start":{},"end":{}}],"line":11},"2":{"loc":{"start":{"line":18,"column":4},"end":{"line":21,"column":5}},"type":"if","locations":[{"start":{"line":18,"column":4},"end":{"line":21,"column":5}},{"start":{},"end":{}}],"line":18},"3":{"loc":{"start":{"line":20,"column":6},"end":{"line":20,"column":79}},"type":"if","locations":[{"start":{"line":20,"column":6},"end":{"line":20,"column":79}},{"start":{},"end":{}}],"line":20},"4":{"loc":{"start":{"line":35,"column":6},"end":{"line":35,"column":49}},"type":"cond-expr","locations":[{"start":{"line":35,"column":12},"end":{"line":35,"column":34}},{"start":{"line":35,"column":37},"end":{"line":35,"column":49}}],"line":35},"5":{"loc":{"start":{"line":37,"column":4},"end":{"line":40,"column":5}},"type":"if","locations":[{"start":{"line":37,"column":4},"end":{"line":40,"column":5}},{"start":{},"end":{}}],"line":37},"6":{"loc":{"start":{"line":43,"column":28},"end":{"line":43,"column":37}},"type":"default-arg","locations":[{"start":{"line":43,"column":36},"end":{"line":43,"column":37}}],"line":43},"7":{"loc":{"start":{"line":58,"column":11},"end":{"line":58,"column":72}},"type":"binary-expr","locations":[{"start":{"line":58,"column":11},"end":{"line":58,"column":23}},{"start":{"line":58,"column":27},"end":{"line":58,"column":39}},{"start":{"line":58,"column":43},"end":{"line":58,"column":72}}],"line":58},"8":{"loc":{"start":{"line":62,"column":11},"end":{"line":62,"column":33}},"type":"binary-expr","locations":[{"start":{"line":62,"column":11},"end":{"line":62,"column":27}},{"start":{"line":62,"column":31},"end":{"line":62,"column":33}}],"line":62},"9":{"loc":{"start":{"line":66,"column":4},"end":{"line":66,"column":39}},"type":"if","locations":[{"start":{"line":66,"column":4},"end":{"line":66,"column":39}},{"start":{},"end":{}}],"line":66},"10":{"loc":{"start":{"line":68,"column":11},"end":{"line":68,"column":33}},"type":"binary-expr","locations":[{"start":{"line":68,"column":11},"end":{"line":68,"column":27}},{"start":{"line":68,"column":31},"end":{"line":68,"column":33}}],"line":68},"11":{"loc":{"start":{"line":88,"column":6},"end":{"line":90,"column":7}},"type":"if","locations":[{"start":{"line":88,"column":6},"end":{"line":90,"column":7}},{"start":{},"end":{}}],"line":88},"12":{"loc":{"start":{"line":89,"column":15},"end":{"line":89,"column":48}},"type":"binary-expr","locations":[{"start":{"line":89,"column":15},"end":{"line":89,"column":40}},{"start":{"line":89,"column":44},"end":{"line":89,"column":48}}],"line":89}},"s":{"0":1,"1":0,"2":0,"3":0,"4":0,"5":0,"6":0,"7":1,"8":1,"9":1,"10":1,"11":0,"12":0,"13":0,"14":0,"15":0,"16":0,"17":0,"18":0,"19":0,"20":1,"21":1,"22":1,"23":2,"24":1,"25":0,"26":0,"27":0,"28":0,"29":0,"30":0,"31":0,"32":0,"33":1,"34":1,"35":1,"36":0,"37":0,"38":1,"39":1,"40":1,"41":1,"42":1,"43":3,"44":3,"45":1,"46":0,"47":0,"48":0,"49":0},"f":{"0":0,"1":0,"2":0,"3":1,"4":0,"5":0,"6":1,"7":0,"8":0,"9":0,"10":0,"11":1,"12":1,"13":1,"14":0},"b":{"0":[0],"1":[0,0],"2":[1,0],"3":[1,0],"4":[0,0],"5":[0,0],"6":[0],"7":[0,0,0],"8":[0,0],"9":[1,0],"10":[0,0],"11":[0,0],"12":[0,0]},"_coverageSchema":"1a1c01bbd47fc00a2c39e90264f33305004495a9","hash":"a5fcf775970b1059a35b5eff5e602ea6bd53c069"}
,"/Users/kamleshsharma/workspace/fancode/redux-rewire/packages/legacy/src/helper/keys-selector.ts": {"path":"/Users/kamleshsharma/workspace/fancode/redux-rewire/packages/legacy/src/helper/keys-selector.ts","statementMap":{"0":{"start":{"line":8,"column":43},"end":{"line":14,"column":1}},"1":{"start":{"line":9,"column":2},"end":{"line":13,"column":17}},"2":{"start":{"line":10,"column":4},"end":{"line":13,"column":17}},"3":{"start":{"line":11,"column":6},"end":{"line":11,"column":45}},"4":{"start":{"line":12,"column":6},"end":{"line":12,"column":16}}},"fnMap":{"0":{"name":"(anonymous_0)","decl":{"start":{"line":8,"column":43},"end":{"line":8,"column":44}},"loc":{"start":{"line":8,"column":59},"end":{"line":14,"column":1}},"line":8},"1":{"name":"(anonymous_1)","decl":{"start":{"line":9,"column":9},"end":{"line":9,"column":10}},"loc":{"start":{"line":10,"column":4},"end":{"line":13,"column":17}},"line":10},"2":{"name":"(anonymous_2)","decl":{"start":{"line":10,"column":16},"end":{"line":10,"column":17}},"loc":{"start":{"line":10,"column":39},"end":{"line":13,"column":5}},"line":10}},"branchMap":{},"s":{"0":0,"1":0,"2":0,"3":0,"4":0},"f":{"0":0,"1":0,"2":0},"b":{}}
,"/Users/kamleshsharma/workspace/fancode/redux-rewire/packages/legacy/src/helper/none-selector.ts": {"path":"/Users/kamleshsharma/workspace/fancode/redux-rewire/packages/legacy/src/helper/none-selector.ts","statementMap":{"0":{"start":{"line":1,"column":28},"end":{"line":1,"column":57}},"1":{"start":{"line":1,"column":53},"end":{"line":1,"column":57}}},"fnMap":{"0":{"name":"(anonymous_0)","decl":{"start":{"line":1,"column":28},"end":{"line":1,"column":29}},"loc":{"start":{"line":1,"column":53},"end":{"line":1,"column":57}},"line":1}},"branchMap":{},"s":{"0":0,"1":0},"f":{"0":0},"b":{}}
,"/Users/kamleshsharma/workspace/fancode/redux-rewire/packages/legacy/src/helper/shared-store-selector.ts": {"path":"/Users/kamleshsharma/workspace/fancode/redux-rewire/packages/legacy/src/helper/shared-store-selector.ts","statementMap":{"0":{"start":{"line":3,"column":35},"end":{"line":12,"column":1}},"1":{"start":{"line":9,"column":18},"end":{"line":9,"column":51}},"2":{"start":{"line":10,"column":20},"end":{"line":10,"column":56}},"3":{"start":{"line":11,"column":2},"end":{"line":11,"column":44}}},"fnMap":{"0":{"name":"(anonymous_0)","decl":{"start":{"line":3,"column":35},"end":{"line":3,"column":36}},"loc":{"start":{"line":8,"column":5},"end":{"line":12,"column":1}},"line":8}},"branchMap":{"0":{"loc":{"start":{"line":11,"column":9},"end":{"line":11,"column":44}},"type":"binary-expr","locations":[{"start":{"line":11,"column":9},"end":{"line":11,"column":31}},{"start":{"line":11,"column":35},"end":{"line":11,"column":44}}],"line":11}},"s":{"0":0,"1":0,"2":0,"3":0},"f":{"0":0},"b":{"0":[0,0]}}
,"/Users/kamleshsharma/workspace/fancode/redux-rewire/packages/legacy/src/hooks/use-global-state.ts": {"path":"/Users/kamleshsharma/workspace/fancode/redux-rewire/packages/legacy/src/hooks/use-global-state.ts","statementMap":{"0":{"start":{"line":10,"column":2},"end":{"line":10,"column":50}},"1":{"start":{"line":14,"column":2},"end":{"line":14,"column":49}},"2":{"start":{"line":17,"column":50},"end":{"line":57,"column":1}},"3":{"start":{"line":19,"column":30},"end":{"line":19,"column":31}},"4":{"start":{"line":22,"column":23},"end":{"line":22,"column":64}},"5":{"start":{"line":23,"column":22},"end":{"line":23,"column":59}},"6":{"start":{"line":25,"column":54},"end":{"line":25,"column":79}},"7":{"start":{"line":28,"column":38},"end":{"line":30,"column":37}},"8":{"start":{"line":32,"column":32},"end":{"line":39,"column":3}},"9":{"start":{"line":40,"column":2},"end":{"line":46,"column":15}},"10":{"start":{"line":41,"column":4},"end":{"line":45,"column":5}},"11":{"start":{"line":43,"column":6},"end":{"line":43,"column":50}},"12":{"start":{"line":44,"column":6},"end":{"line":44,"column":28}},"13":{"start":{"line":47,"column":2},"end":{"line":53,"column":8}},"14":{"start":{"line":49,"column":4},"end":{"line":52,"column":5}},"15":{"start":{"line":50,"column":6},"end":{"line":50,"column":46}},"16":{"start":{"line":51,"column":6},"end":{"line":51,"column":27}},"17":{"start":{"line":54,"column":2},"end":{"line":56,"column":27}},"18":{"start":{"line":55,"column":4},"end":{"line":55,"column":32}}},"fnMap":{"0":{"name":"createGlobalActionRefKey","decl":{"start":{"line":9,"column":9},"end":{"line":9,"column":33}},"loc":{"start":{"line":9,"column":47},"end":{"line":11,"column":1}},"line":9},"1":{"name":"createGlobalMountKey","decl":{"start":{"line":13,"column":9},"end":{"line":13,"column":29}},"loc":{"start":{"line":13,"column":43},"end":{"line":15,"column":1}},"line":13},"2":{"name":"(anonymous_2)","decl":{"start":{"line":17,"column":50},"end":{"line":17,"column":51}},"loc":{"start":{"line":21,"column":2},"end":{"line":57,"column":1}},"line":21},"3":{"name":"(anonymous_3)","decl":{"start":{"line":19,"column":18},"end":{"line":19,"column":19}},"loc":{"start":{"line":19,"column":30},"end":{"line":19,"column":31}},"line":19},"4":{"name":"(anonymous_4)","decl":{"start":{"line":40,"column":10},"end":{"line":40,"column":11}},"loc":{"start":{"line":40,"column":16},"end":{"line":46,"column":3}},"line":40},"5":{"name":"(anonymous_5)","decl":{"start":{"line":47,"column":10},"end":{"line":47,"column":11}},"loc":{"start":{"line":47,"column":16},"end":{"line":53,"column":3}},"line":47},"6":{"name":"(anonymous_6)","decl":{"start":{"line":54,"column":17},"end":{"line":54,"column":18}},"loc":{"start":{"line":54,"column":23},"end":{"line":56,"column":3}},"line":54}},"branchMap":{"0":{"loc":{"start":{"line":19,"column":2},"end":{"line":19,"column":31}},"type":"default-arg","locations":[{"start":{"line":19,"column":18},"end":{"line":19,"column":31}}],"line":19},"1":{"loc":{"start":{"line":20,"column":2},"end":{"line":20,"column":27}},"type":"default-arg","locations":[{"start":{"line":20,"column":15},"end":{"line":20,"column":27}}],"line":20},"2":{"loc":{"start":{"line":41,"column":4},"end":{"line":45,"column":5}},"type":"if","locations":[{"start":{"line":41,"column":4},"end":{"line":45,"column":5}},{"start":{},"end":{}}],"line":41},"3":{"loc":{"start":{"line":49,"column":4},"end":{"line":52,"column":5}},"type":"if","locations":[{"start":{"line":49,"column":4},"end":{"line":52,"column":5}},{"start":{},"end":{}}],"line":49},"4":{"loc":{"start":{"line":49,"column":8},"end":{"line":49,"column":65}},"type":"binary-expr","locations":[{"start":{"line":49,"column":8},"end":{"line":49,"column":29}},{"start":{"line":49,"column":33},"end":{"line":49,"column":65}}],"line":49}},"s":{"0":0,"1":0,"2":0,"3":0,"4":0,"5":0,"6":0,"7":0,"8":0,"9":0,"10":0,"11":0,"12":0,"13":0,"14":0,"15":0,"16":0,"17":0,"18":0},"f":{"0":0,"1":0,"2":0,"3":0,"4":0,"5":0,"6":0},"b":{"0":[0],"1":[0],"2":[0,0],"3":[0,0],"4":[0,0]}}
,"/Users/kamleshsharma/workspace/fancode/redux-rewire/packages/legacy/src/hooks/use-global-state.type.ts": {"path":"/Users/kamleshsharma/workspace/fancode/redux-rewire/packages/legacy/src/hooks/use-global-state.type.ts","statementMap":{},"fnMap":{},"branchMap":{},"s":{},"f":{},"b":{}}
,"/Users/kamleshsharma/workspace/fancode/redux-rewire/packages/legacy/src/hooks/use-parent-state.ts": {"path":"/Users/kamleshsharma/workspace/fancode/redux-rewire/packages/legacy/src/hooks/use-parent-state.ts","statementMap":{"0":{"start":{"line":5,"column":50},"end":{"line":18,"column":1}},"1":{"start":{"line":11,"column":2},"end":{"line":17,"column":3}},"2":{"start":{"line":13,"column":6},"end":{"line":15,"column":7}}},"fnMap":{"0":{"name":"(anonymous_0)","decl":{"start":{"line":5,"column":50},"end":{"line":5,"column":51}},"loc":{"start":{"line":10,"column":2},"end":{"line":18,"column":1}},"line":10},"1":{"name":"(anonymous_1)","decl":{"start":{"line":12,"column":4},"end":{"line":12,"column":5}},"loc":{"start":{"line":13,"column":6},"end":{"line":15,"column":7}},"line":13}},"branchMap":{"0":{"loc":{"start":{"line":9,"column":2},"end":{"line":9,"column":27}},"type":"default-arg","locations":[{"start":{"line":9,"column":15},"end":{"line":9,"column":27}}],"line":9},"1":{"loc":{"start":{"line":14,"column":8},"end":{"line":14,"column":76}},"type":"binary-expr","locations":[{"start":{"line":14,"column":8},"end":{"line":14,"column":54}},{"start":{"line":14,"column":58},"end":{"line":14,"column":76}}],"line":14}},"s":{"0":0,"1":0,"2":0},"f":{"0":0,"1":0},"b":{"0":[0],"1":[0,0]}}
,"/Users/kamleshsharma/workspace/fancode/redux-rewire/packages/legacy/src/hooks/use-parent-state.type.ts": {"path":"/Users/kamleshsharma/workspace/fancode/redux-rewire/packages/legacy/src/hooks/use-parent-state.type.ts","statementMap":{},"fnMap":{},"branchMap":{},"s":{},"f":{},"b":{}}
,"/Users/kamleshsharma/workspace/fancode/redux-rewire/packages/legacy/src/hooks/use-rewire-state.ts": {"path":"/Users/kamleshsharma/workspace/fancode/redux-rewire/packages/legacy/src/hooks/use-rewire-state.ts","statementMap":{"0":{"start":{"line":7,"column":50},"end":{"line":40,"column":1}},"1":{"start":{"line":10,"column":30},"end":{"line":10,"column":31}},"2":{"start":{"line":15,"column":16},"end":{"line":15,"column":35}},"3":{"start":{"line":16,"column":19},"end":{"line":16,"column":52}},"4":{"start":{"line":18,"column":34},"end":{"line":30,"column":11}},"5":{"start":{"line":20,"column":46},"end":{"line":26,"column":5}},"6":{"start":{"line":28,"column":4},"end":{"line":28,"column":43}},"7":{"start":{"line":29,"column":4},"end":{"line":29,"column":44}},"8":{"start":{"line":31,"column":16},"end":{"line":34,"column":3}},"9":{"start":{"line":32,"column":20},"end":{"line":32,"column":61}},"10":{"start":{"line":37,"column":2},"end":{"line":39,"column":27}},"11":{"start":{"line":38,"column":4},"end":{"line":38,"column":32}}},"fnMap":{"0":{"name":"(anonymous_0)","decl":{"start":{"line":7,"column":50},"end":{"line":7,"column":51}},"loc":{"start":{"line":14,"column":2},"end":{"line":40,"column":1}},"line":14},"1":{"name":"(anonymous_1)","decl":{"start":{"line":10,"column":18},"end":{"line":10,"column":19}},"loc":{"start":{"line":10,"column":30},"end":{"line":10,"column":31}},"line":10},"2":{"name":"(anonymous_2)","decl":{"start":{"line":18,"column":42},"end":{"line":18,"column":43}},"loc":{"start":{"line":18,"column":48},"end":{"line":30,"column":3}},"line":18},"3":{"name":"(anonymous_3)","decl":{"start":{"line":32,"column":4},"end":{"line":32,"column":5}},"loc":{"start":{"line":32,"column":20},"end":{"line":32,"column":61}},"line":32},"4":{"name":"(anonymous_4)","decl":{"start":{"line":37,"column":17},"end":{"line":37,"column":18}},"loc":{"start":{"line":37,"column":23},"end":{"line":39,"column":3}},"line":37}},"branchMap":{"0":{"loc":{"start":{"line":10,"column":2},"end":{"line":10,"column":31}},"type":"default-arg","locations":[{"start":{"line":10,"column":18},"end":{"line":10,"column":31}}],"line":10},"1":{"loc":{"start":{"line":12,"column":2},"end":{"line":12,"column":27}},"type":"default-arg","locations":[{"start":{"line":12,"column":15},"end":{"line":12,"column":27}}],"line":12},"2":{"loc":{"start":{"line":32,"column":34},"end":{"line":32,"column":60}},"type":"binary-expr","locations":[{"start":{"line":32,"column":34},"end":{"line":32,"column":44}},{"start":{"line":32,"column":48},"end":{"line":32,"column":60}}],"line":32}},"s":{"0":0,"1":0,"2":0,"3":0,"4":0,"5":0,"6":0,"7":0,"8":0,"9":0,"10":0,"11":0},"f":{"0":0,"1":0,"2":0,"3":0,"4":0},"b":{"0":[0],"1":[0],"2":[0,0]}}
,"/Users/kamleshsharma/workspace/fancode/redux-rewire/packages/legacy/src/hooks/use-rewire-state.type.ts": {"path":"/Users/kamleshsharma/workspace/fancode/redux-rewire/packages/legacy/src/hooks/use-rewire-state.type.ts","statementMap":{},"fnMap":{},"branchMap":{},"s":{},"f":{},"b":{}}
,"/Users/kamleshsharma/workspace/fancode/redux-rewire/packages/legacy/src/hooks/use-shared-state.ts": {"path":"/Users/kamleshsharma/workspace/fancode/redux-rewire/packages/legacy/src/hooks/use-shared-state.ts","statementMap":{"0":{"start":{"line":9,"column":2},"end":{"line":9,"column":50}},"1":{"start":{"line":13,"column":2},"end":{"line":13,"column":53}},"2":{"start":{"line":16,"column":50},"end":{"line":77,"column":1}},"3":{"start":{"line":19,"column":30},"end":{"line":19,"column":31}},"4":{"start":{"line":23,"column":19},"end":{"line":23,"column":71}},"5":{"start":{"line":25,"column":23},"end":{"line":25,"column":57}},"6":{"start":{"line":26,"column":29},"end":{"line":26,"column":63}},"7":{"start":{"line":28,"column":54},"end":{"line":28,"column":79}},"8":{"start":{"line":30,"column":32},"end":{"line":37,"column":3}},"9":{"start":{"line":38,"column":2},"end":{"line":42,"column":15}},"10":{"start":{"line":39,"column":4},"end":{"line":41,"column":5}},"11":{"start":{"line":40,"column":6},"end":{"line":40,"column":50}},"12":{"start":{"line":43,"column":2},"end":{"line":57,"column":8}},"13":{"start":{"line":44,"column":4},"end":{"line":45,"column":50}},"14":{"start":{"line":45,"column":6},"end":{"line":45,"column":50}},"15":{"start":{"line":48,"column":4},"end":{"line":51,"column":5}},"16":{"start":{"line":50,"column":6},"end":{"line":50,"column":54}},"17":{"start":{"line":50,"column":33},"end":{"line":50,"column":54}},"18":{"start":{"line":53,"column":4},"end":{"line":56,"column":5}},"19":{"start":{"line":58,"column":2},"end":{"line":73,"column":8}},"20":{"start":{"line":59,"column":4},"end":{"line":72,"column":5}},"21":{"start":{"line":60,"column":6},"end":{"line":71,"column":7}},"22":{"start":{"line":62,"column":8},"end":{"line":65,"column":9}},"23":{"start":{"line":67,"column":8},"end":{"line":70,"column":9}},"24":{"start":{"line":69,"column":10},"end":{"line":69,"column":60}},"25":{"start":{"line":69,"column":37},"end":{"line":69,"column":60}},"26":{"start":{"line":74,"column":2},"end":{"line":76,"column":27}},"27":{"start":{"line":75,"column":4},"end":{"line":75,"column":32}}},"fnMap":{"0":{"name":"createSharedActionRefKey","decl":{"start":{"line":8,"column":9},"end":{"line":8,"column":33}},"loc":{"start":{"line":8,"column":47},"end":{"line":10,"column":1}},"line":8},"1":{"name":"createSharedCompCountKey","decl":{"start":{"line":12,"column":9},"end":{"line":12,"column":33}},"loc":{"start":{"line":12,"column":47},"end":{"line":14,"column":1}},"line":12},"2":{"name":"(anonymous_2)","decl":{"start":{"line":16,"column":50},"end":{"line":16,"column":51}},"loc":{"start":{"line":22,"column":2},"end":{"line":77,"column":1}},"line":22},"3":{"name":"(anonymous_3)","decl":{"start":{"line":19,"column":18},"end":{"line":19,"column":19}},"loc":{"start":{"line":19,"column":30},"end":{"line":19,"column":31}},"line":19},"4":{"name":"(anonymous_4)","decl":{"start":{"line":38,"column":10},"end":{"line":38,"column":11}},"loc":{"start":{"line":38,"column":16},"end":{"line":42,"column":3}},"line":38},"5":{"name":"(anonymous_5)","decl":{"start":{"line":43,"column":10},"end":{"line":43,"column":11}},"loc":{"start":{"line":43,"column":16},"end":{"line":57,"column":3}},"line":43},"6":{"name":"(anonymous_6)","decl":{"start":{"line":58,"column":12},"end":{"line":58,"column":13}},"loc":{"start":{"line":58,"column":18},"end":{"line":73,"column":3}},"line":58},"7":{"name":"(anonymous_7)","decl":{"start":{"line":59,"column":11},"end":{"line":59,"column":12}},"loc":{"start":{"line":59,"column":17},"end":{"line":72,"column":5}},"line":59},"8":{"name":"(anonymous_8)","decl":{"start":{"line":74,"column":17},"end":{"line":74,"column":18}},"loc":{"start":{"line":74,"column":23},"end":{"line":76,"column":3}},"line":74}},"branchMap":{"0":{"loc":{"start":{"line":19,"column":2},"end":{"line":19,"column":31}},"type":"default-arg","locations":[{"start":{"line":19,"column":18},"end":{"line":19,"column":31}}],"line":19},"1":{"loc":{"start":{"line":21,"column":2},"end":{"line":21,"column":27}},"type":"default-arg","locations":[{"start":{"line":21,"column":15},"end":{"line":21,"column":27}}],"line":21},"2":{"loc":{"start":{"line":39,"column":4},"end":{"line":41,"column":5}},"type":"if","locations":[{"start":{"line":39,"column":4},"end":{"line":41,"column":5}},{"start":{},"end":{}}],"line":39},"3":{"loc":{"start":{"line":44,"column":4},"end":{"line":45,"column":50}},"type":"if","locations":[{"start":{"line":44,"column":4},"end":{"line":45,"column":50}},{"start":{},"end":{}}],"line":44},"4":{"loc":{"start":{"line":48,"column":4},"end":{"line":51,"column":5}},"type":"if","locations":[{"start":{"line":48,"column":4},"end":{"line":51,"column":5}},{"start":{},"end":{}}],"line":48},"5":{"loc":{"start":{"line":50,"column":6},"end":{"line":50,"column":54}},"type":"if","locations":[{"start":{"line":50,"column":6},"end":{"line":50,"column":54}},{"start":{},"end":{}}],"line":50},"6":{"loc":{"start":{"line":60,"column":6},"end":{"line":71,"column":7}},"type":"if","locations":[{"start":{"line":60,"column":6},"end":{"line":71,"column":7}},{"start":{},"end":{}}],"line":60},"7":{"loc":{"start":{"line":67,"column":8},"end":{"line":70,"column":9}},"type":"if","locations":[{"start":{"line":67,"column":8},"end":{"line":70,"column":9}},{"start":{},"end":{}}],"line":67},"8":{"loc":{"start":{"line":69,"column":10},"end":{"line":69,"column":60}},"type":"if","locations":[{"start":{"line":69,"column":10},"end":{"line":69,"column":60}},{"start":{},"end":{}}],"line":69}},"s":{"0":0,"1":0,"2":0,"3":0,"4":0,"5":0,"6":0,"7":0,"8":0,"9":0,"10":0,"11":0,"12":0,"13":0,"14":0,"15":0,"16":0,"17":0,"18":0,"19":0,"20":0,"21":0,"22":0,"23":0,"24":0,"25":0,"26":0,"27":0},"f":{"0":0,"1":0,"2":0,"3":0,"4":0,"5":0,"6":0,"7":0,"8":0},"b":{"0":[0],"1":[0],"2":[0,0],"3":[0,0],"4":[0,0],"5":[0,0],"6":[0,0],"7":[0,0],"8":[0,0]}}
,"/Users/kamleshsharma/workspace/fancode/redux-rewire/packages/legacy/src/hooks/use-shared-state.type.ts": {"path":"/Users/kamleshsharma/workspace/fancode/redux-rewire/packages/legacy/src/hooks/use-shared-state.type.ts","statementMap":{},"fnMap":{},"branchMap":{},"s":{},"f":{},"b":{}}
,"/Users/kamleshsharma/workspace/fancode/redux-rewire/packages/legacy/src/legacy/core/create-action-slice-type.ts": {"path":"/Users/kamleshsharma/workspace/fancode/redux-rewire/packages/legacy/src/legacy/core/create-action-slice-type.ts","statementMap":{},"fnMap":{},"branchMap":{},"s":{},"f":{},"b":{}}
,"/Users/kamleshsharma/workspace/fancode/redux-rewire/packages/legacy/src/legacy/core/create-action-slice.ts": {"path":"/Users/kamleshsharma/workspace/fancode/redux-rewire/packages/legacy/src/legacy/core/create-action-slice.ts","statementMap":{"0":{"start":{"line":6,"column":56},"end":{"line":109,"column":1}},"1":{"start":{"line":10,"column":2},"end":{"line":108,"column":3}},"2":{"start":{"line":19,"column":23},"end":{"line":19,"column":34}},"3":{"start":{"line":20,"column":53},"end":{"line":25,"column":5}},"4":{"start":{"line":28,"column":35},"end":{"line":31,"column":5}},"5":{"start":{"line":33,"column":28},"end":{"line":33,"column":74}},"6":{"start":{"line":36,"column":20},"end":{"line":36,"column":49}},"7":{"start":{"line":38,"column":4},"end":{"line":48,"column":5}},"8":{"start":{"line":40,"column":6},"end":{"line":47,"column":7}},"9":{"start":{"line":52,"column":25},"end":{"line":59,"column":5}},"10":{"start":{"line":63,"column":4},"end":{"line":97,"column":6}},"11":{"start":{"line":64,"column":6},"end":{"line":96,"column":7}},"12":{"start":{"line":69,"column":30},"end":{"line":94,"column":9}},"13":{"start":{"line":71,"column":12},"end":{"line":71,"column":72}},"14":{"start":{"line":73,"column":10},"end":{"line":73,"column":74}},"15":{"start":{"line":73,"column":41},"end":{"line":73,"column":74}},"16":{"start":{"line":78,"column":10},"end":{"line":92,"column":11}},"17":{"start":{"line":79,"column":37},"end":{"line":83,"column":13}},"18":{"start":{"line":85,"column":12},"end":{"line":91,"column":13}},"19":{"start":{"line":86,"column":14},"end":{"line":90,"column":15}},"20":{"start":{"line":87,"column":16},"end":{"line":87,"column":35}},"21":{"start":{"line":89,"column":16},"end":{"line":89,"column":60}},"22":{"start":{"line":93,"column":10},"end":{"line":93,"column":21}},"23":{"start":{"line":95,"column":8},"end":{"line":95,"column":40}},"24":{"start":{"line":100,"column":4},"end":{"line":107,"column":5}},"25":{"start":{"line":119,"column":2},"end":{"line":162,"column":8}},"26":{"start":{"line":120,"column":4},"end":{"line":160,"column":5}},"27":{"start":{"line":121,"column":26},"end":{"line":121,"column":56}},"28":{"start":{"line":122,"column":27},"end":{"line":122,"column":71}},"29":{"start":{"line":124,"column":29},"end":{"line":124,"column":31}},"30":{"start":{"line":125,"column":6},"end":{"line":158,"column":7}},"31":{"start":{"line":126,"column":8},"end":{"line":133,"column":9}},"32":{"start":{"line":138,"column":8},"end":{"line":145,"column":9}},"33":{"start":{"line":139,"column":10},"end":{"line":144,"column":12}},"34":{"start":{"line":147,"column":8},"end":{"line":157,"column":9}},"35":{"start":{"line":148,"column":10},"end":{"line":148,"column":26}},"36":{"start":{"line":150,"column":10},"end":{"line":156,"column":12}},"37":{"start":{"line":159,"column":6},"end":{"line":159,"column":22}},"38":{"start":{"line":161,"column":4},"end":{"line":161,"column":14}}},"fnMap":{"0":{"name":"(anonymous_0)","decl":{"start":{"line":6,"column":56},"end":{"line":6,"column":57}},"loc":{"start":{"line":9,"column":2},"end":{"line":109,"column":1}},"line":9},"1":{"name":"(anonymous_1)","decl":{"start":{"line":10,"column":9},"end":{"line":10,"column":10}},"loc":{"start":{"line":17,"column":4},"end":{"line":108,"column":3}},"line":17},"2":{"name":"(anonymous_2)","decl":{"start":{"line":63,"column":35},"end":{"line":63,"column":36}},"loc":{"start":{"line":63,"column":48},"end":{"line":97,"column":5}},"line":63},"3":{"name":"(anonymous_3)","decl":{"start":{"line":64,"column":27},"end":{"line":64,"column":28}},"loc":{"start":{"line":68,"column":11},"end":{"line":96,"column":7}},"line":68},"4":{"name":"(anonymous_4)","decl":{"start":{"line":69,"column":30},"end":{"line":69,"column":31}},"loc":{"start":{"line":69,"column":36},"end":{"line":94,"column":9}},"line":69},"5":{"name":"createAsyncFunction","decl":{"start":{"line":111,"column":9},"end":{"line":111,"column":28}},"loc":{"start":{"line":118,"column":2},"end":{"line":163,"column":1}},"line":118},"6":{"name":"(anonymous_6)","decl":{"start":{"line":119,"column":44},"end":{"line":119,"column":45}},"loc":{"start":{"line":119,"column":61},"end":{"line":162,"column":3}},"line":119},"7":{"name":"(anonymous_7)","decl":{"start":{"line":120,"column":18},"end":{"line":120,"column":19}},"loc":{"start":{"line":120,"column":71},"end":{"line":160,"column":5}},"line":120}},"branchMap":{"0":{"loc":{"start":{"line":19,"column":23},"end":{"line":19,"column":34}},"type":"binary-expr","locations":[{"start":{"line":19,"column":23},"end":{"line":19,"column":28}},{"start":{"line":19,"column":32},"end":{"line":19,"column":34}}],"line":19},"1":{"loc":{"start":{"line":36,"column":20},"end":{"line":36,"column":49}},"type":"binary-expr","locations":[{"start":{"line":36,"column":20},"end":{"line":36,"column":30}},{"start":{"line":36,"column":34},"end":{"line":36,"column":49}}],"line":36},"2":{"loc":{"start":{"line":38,"column":4},"end":{"line":48,"column":5}},"type":"if","locations":[{"start":{"line":38,"column":4},"end":{"line":48,"column":5}},{"start":{},"end":{}}],"line":38},"3":{"loc":{"start":{"line":71,"column":12},"end":{"line":71,"column":72}},"type":"binary-expr","locations":[{"start":{"line":71,"column":12},"end":{"line":71,"column":26}},{"start":{"line":71,"column":30},"end":{"line":71,"column":56}},{"start":{"line":71,"column":60},"end":{"line":71,"column":72}}],"line":71},"4":{"loc":{"start":{"line":73,"column":10},"end":{"line":73,"column":74}},"type":"if","locations":[{"start":{"line":73,"column":10},"end":{"line":73,"column":74}},{"start":{},"end":{}}],"line":73},"5":{"loc":{"start":{"line":78,"column":10},"end":{"line":92,"column":11}},"type":"if","locations":[{"start":{"line":78,"column":10},"end":{"line":92,"column":11}},{"start":{},"end":{}}],"line":78},"6":{"loc":{"start":{"line":85,"column":12},"end":{"line":91,"column":13}},"type":"if","locations":[{"start":{"line":85,"column":12},"end":{"line":91,"column":13}},{"start":{},"end":{}}],"line":85},"7":{"loc":{"start":{"line":120,"column":19},"end":{"line":120,"column":33}},"type":"default-arg","locations":[{"start":{"line":120,"column":31},"end":{"line":120,"column":33}}],"line":120},"8":{"loc":{"start":{"line":121,"column":26},"end":{"line":121,"column":56}},"type":"binary-expr","locations":[{"start":{"line":121,"column":27},"end":{"line":121,"column":35}},{"start":{"line":121,"column":39},"end":{"line":121,"column":49}},{"start":{"line":121,"column":54},"end":{"line":121,"column":56}}],"line":121},"9":{"loc":{"start":{"line":122,"column":27},"end":{"line":122,"column":71}},"type":"binary-expr","locations":[{"start":{"line":122,"column":27},"end":{"line":122,"column":43}},{"start":{"line":122,"column":47},"end":{"line":122,"column":55}},{"start":{"line":122,"column":59},"end":{"line":122,"column":71}}],"line":122},"10":{"loc":{"start":{"line":132,"column":10},"end":{"line":132,"column":35}},"type":"binary-expr","locations":[{"start":{"line":132,"column":10},"end":{"line":132,"column":19}},{"start":{"line":132,"column":23},"end":{"line":132,"column":35}}],"line":132},"11":{"loc":{"start":{"line":138,"column":8},"end":{"line":145,"column":9}},"type":"if","locations":[{"start":{"line":138,"column":8},"end":{"line":145,"column":9}},{"start":{},"end":{}}],"line":138},"12":{"loc":{"start":{"line":147,"column":8},"end":{"line":157,"column":9}},"type":"if","locations":[{"start":{"line":147,"column":8},"end":{"line":157,"column":9}},{"start":{"line":149,"column":15},"end":{"line":157,"column":9}}],"line":147}},"s":{"0":1,"1":1,"2":1,"3":1,"4":1,"5":1,"6":1,"7":1,"8":0,"9":1,"10":1,"11":2,"12":0,"13":0,"14":0,"15":0,"16":0,"17":0,"18":0,"19":0,"20":0,"21":0,"22":0,"23":0,"24":1,"25":1,"26":1,"27":1,"28":1,"29":1,"30":1,"31":1,"32":1,"33":1,"34":0,"35":0,"36":0,"37":1,"38":1},"f":{"0":1,"1":1,"2":2,"3":0,"4":0,"5":1,"6":1,"7":1},"b":{"0":[1,1],"1":[1,1],"2":[0,1],"3":[0,0,0],"4":[0,0],"5":[0,0],"6":[0,0],"7":[0],"8":[1,0,1],"9":[1,1,1],"10":[1,1],"11":[1,0],"12":[0,0]},"_coverageSchema":"1a1c01bbd47fc00a2c39e90264f33305004495a9","hash":"451acdc1e12d759c974eb735ad42e27cb2c75d23"}
,"/Users/kamleshsharma/workspace/fancode/redux-rewire/packages/legacy/src/legacy/core/create-actions-reference.ts": {"path":"/Users/kamleshsharma/workspace/fancode/redux-rewire/packages/legacy/src/legacy/core/create-actions-reference.ts","statementMap":{"0":{"start":{"line":4,"column":2},"end":{"line":7,"column":15}},"1":{"start":{"line":5,"column":4},"end":{"line":5,"column":45}},"2":{"start":{"line":5,"column":41},"end":{"line":5,"column":45}},"3":{"start":{"line":6,"column":4},"end":{"line":6,"column":14}},"4":{"start":{"line":14,"column":58},"end":{"line":14,"column":80}},"5":{"start":{"line":16,"column":33},"end":{"line":19,"column":3}},"6":{"start":{"line":20,"column":2},"end":{"line":20,"column":55}}},"fnMap":{"0":{"name":"createActionsReference","decl":{"start":{"line":3,"column":16},"end":{"line":3,"column":38}},"loc":{"start":{"line":3,"column":58},"end":{"line":8,"column":1}},"line":3},"1":{"name":"(anonymous_1)","decl":{"start":{"line":4,"column":24},"end":{"line":4,"column":25}},"loc":{"start":{"line":4,"column":44},"end":{"line":7,"column":3}},"line":4},"2":{"name":"(anonymous_2)","decl":{"start":{"line":5,"column":21},"end":{"line":5,"column":22}},"loc":{"start":{"line":5,"column":41},"end":{"line":5,"column":45}},"line":5},"3":{"name":"createActionsReferenceFromActionSlice","decl":{"start":{"line":10,"column":16},"end":{"line":10,"column":53}},"loc":{"start":{"line":12,"column":2},"end":{"line":21,"column":1}},"line":12}},"branchMap":{"0":{"loc":{"start":{"line":5,"column":22},"end":{"line":5,"column":36}},"type":"default-arg","locations":[{"start":{"line":5,"column":34},"end":{"line":5,"column":36}}],"line":5}},"s":{"0":1,"1":2,"2":0,"3":2,"4":0,"5":0,"6":0},"f":{"0":1,"1":2,"2":0,"3":0},"b":{"0":[0]},"_coverageSchema":"1a1c01bbd47fc00a2c39e90264f33305004495a9","hash":"13387af825acaccc042401362eec4395a080b182"}
,"/Users/kamleshsharma/workspace/fancode/redux-rewire/packages/legacy/src/legacy/core/create-global-state.ts": {"path":"/Users/kamleshsharma/workspace/fancode/redux-rewire/packages/legacy/src/legacy/core/create-global-state.ts","statementMap":{"0":{"start":{"line":4,"column":56},"end":{"line":18,"column":1}},"1":{"start":{"line":9,"column":18},"end":{"line":9,"column":28}},"2":{"start":{"line":10,"column":19},"end":{"line":10,"column":69}},"3":{"start":{"line":11,"column":2},"end":{"line":17,"column":3}}},"fnMap":{"0":{"name":"(anonymous_0)","decl":{"start":{"line":4,"column":56},"end":{"line":4,"column":57}},"loc":{"start":{"line":8,"column":2},"end":{"line":18,"column":1}},"line":8}},"branchMap":{"0":{"loc":{"start":{"line":7,"column":2},"end":{"line":7,"column":18}},"type":"default-arg","locations":[{"start":{"line":7,"column":14},"end":{"line":7,"column":18}}],"line":7}},"s":{"0":0,"1":0,"2":0,"3":0},"f":{"0":0},"b":{"0":[0]}}
,"/Users/kamleshsharma/workspace/fancode/redux-rewire/packages/legacy/src/legacy/core/create-global-state.type.ts": {"path":"/Users/kamleshsharma/workspace/fancode/redux-rewire/packages/legacy/src/legacy/core/create-global-state.type.ts","statementMap":{},"fnMap":{},"branchMap":{},"s":{},"f":{},"b":{}}
,"/Users/kamleshsharma/workspace/fancode/redux-rewire/packages/legacy/src/legacy/core/create-initital-state.ts": {"path":"/Users/kamleshsharma/workspace/fancode/redux-rewire/packages/legacy/src/legacy/core/create-initital-state.ts","statementMap":{"0":{"start":{"line":3,"column":27},"end":{"line":3,"column":41}},"1":{"start":{"line":5,"column":58},"end":{"line":17,"column":1}},"2":{"start":{"line":9,"column":2},"end":{"line":16,"column":3}},"3":{"start":{"line":10,"column":4},"end":{"line":13,"column":5}},"4":{"start":{"line":15,"column":4},"end":{"line":15,"column":23}}},"fnMap":{"0":{"name":"(anonymous_0)","decl":{"start":{"line":5,"column":58},"end":{"line":5,"column":59}},"loc":{"start":{"line":8,"column":2},"end":{"line":17,"column":1}},"line":8}},"branchMap":{"0":{"loc":{"start":{"line":9,"column":2},"end":{"line":16,"column":3}},"type":"if","locations":[{"start":{"line":9,"column":2},"end":{"line":16,"column":3}},{"start":{"line":14,"column":9},"end":{"line":16,"column":3}}],"line":9}},"s":{"0":2,"1":2,"2":2,"3":2,"4":0},"f":{"0":2},"b":{"0":[2,0]},"_coverageSchema":"1a1c01bbd47fc00a2c39e90264f33305004495a9","hash":"38dda53b0602ce649c8832f9d60e7c8537937fe0"}
,"/Users/kamleshsharma/workspace/fancode/redux-rewire/packages/legacy/src/legacy/core/create-initital-state.type.ts": {"path":"/Users/kamleshsharma/workspace/fancode/redux-rewire/packages/legacy/src/legacy/core/create-initital-state.type.ts","statementMap":{},"fnMap":{},"branchMap":{},"s":{},"f":{},"b":{}}
,"/Users/kamleshsharma/workspace/fancode/redux-rewire/packages/legacy/src/legacy/core/create-reducer-slice-type.ts": {"path":"/Users/kamleshsharma/workspace/fancode/redux-rewire/packages/legacy/src/legacy/core/create-reducer-slice-type.ts","statementMap":{},"fnMap":{},"branchMap":{},"s":{},"f":{},"b":{}}
,"/Users/kamleshsharma/workspace/fancode/redux-rewire/packages/legacy/src/legacy/core/create-reducer-slice.ts": {"path":"/Users/kamleshsharma/workspace/fancode/redux-rewire/packages/legacy/src/legacy/core/create-reducer-slice.ts","statementMap":{"0":{"start":{"line":6,"column":58},"end":{"line":91,"column":1}},"1":{"start":{"line":10,"column":2},"end":{"line":90,"column":3}},"2":{"start":{"line":11,"column":51},"end":{"line":15,"column":22}},"3":{"start":{"line":16,"column":24},"end":{"line":16,"column":42}},"4":{"start":{"line":17,"column":4},"end":{"line":25,"column":5}},"5":{"start":{"line":19,"column":6},"end":{"line":24,"column":14}},"6":{"start":{"line":26,"column":30},"end":{"line":55,"column":10}},"7":{"start":{"line":29,"column":26},"end":{"line":29,"column":48}},"8":{"start":{"line":30,"column":6},"end":{"line":53,"column":7}},"9":{"start":{"line":31,"column":8},"end":{"line":52,"column":10}},"10":{"start":{"line":32,"column":10},"end":{"line":50,"column":11}},"11":{"start":{"line":33,"column":12},"end":{"line":38,"column":13}},"12":{"start":{"line":43,"column":12},"end":{"line":49,"column":13}},"13":{"start":{"line":44,"column":14},"end":{"line":48,"column":16}},"14":{"start":{"line":51,"column":10},"end":{"line":51,"column":27}},"15":{"start":{"line":54,"column":6},"end":{"line":54,"column":16}},"16":{"start":{"line":57,"column":28},"end":{"line":57,"column":80}},"17":{"start":{"line":59,"column":24},"end":{"line":59,"column":45}},"18":{"start":{"line":61,"column":32},"end":{"line":82,"column":5}},"19":{"start":{"line":63,"column":8},"end":{"line":79,"column":9}},"20":{"start":{"line":68,"column":10},"end":{"line":78,"column":15}},"21":{"start":{"line":80,"column":8},"end":{"line":80,"column":18}},"22":{"start":{"line":84,"column":4},"end":{"line":89,"column":5}}},"fnMap":{"0":{"name":"(anonymous_0)","decl":{"start":{"line":6,"column":58},"end":{"line":6,"column":59}},"loc":{"start":{"line":9,"column":2},"end":{"line":91,"column":1}},"line":9},"1":{"name":"(anonymous_1)","decl":{"start":{"line":10,"column":9},"end":{"line":10,"column":10}},"loc":{"start":{"line":10,"column":60},"end":{"line":90,"column":3}},"line":10},"2":{"name":"(anonymous_2)","decl":{"start":{"line":28,"column":7},"end":{"line":28,"column":8}},"loc":{"start":{"line":28,"column":28},"end":{"line":55,"column":5}},"line":28},"3":{"name":"(anonymous_3)","decl":{"start":{"line":30,"column":25},"end":{"line":30,"column":26}},"loc":{"start":{"line":30,"column":76},"end":{"line":53,"column":7}},"line":30},"4":{"name":"(anonymous_4)","decl":{"start":{"line":31,"column":29},"end":{"line":31,"column":30}},"loc":{"start":{"line":31,"column":50},"end":{"line":52,"column":9}},"line":31},"5":{"name":"(anonymous_5)","decl":{"start":{"line":62,"column":30},"end":{"line":62,"column":31}},"loc":{"start":{"line":62,"column":51},"end":{"line":81,"column":7}},"line":62},"6":{"name":"(anonymous_6)","decl":{"start":{"line":63,"column":26},"end":{"line":63,"column":27}},"loc":{"start":{"line":66,"column":13},"end":{"line":79,"column":9}},"line":66}},"branchMap":{"0":{"loc":{"start":{"line":11,"column":51},"end":{"line":15,"column":22}},"type":"cond-expr","locations":[{"start":{"line":12,"column":8},"end":{"line":12,"column":56}},{"start":{"line":13,"column":8},"end":{"line":15,"column":22}}],"line":11},"1":{"loc":{"start":{"line":13,"column":8},"end":{"line":15,"column":22}},"type":"cond-expr","locations":[{"start":{"line":14,"column":10},"end":{"line":14,"column":29}},{"start":{"line":15,"column":10},"end":{"line":15,"column":22}}],"line":13},"2":{"loc":{"start":{"line":13,"column":8},"end":{"line":13,"column":34}},"type":"binary-expr","locations":[{"start":{"line":13,"column":8},"end":{"line":13,"column":11}},{"start":{"line":13,"column":15},"end":{"line":13,"column":34}}],"line":13},"3":{"loc":{"start":{"line":16,"column":24},"end":{"line":16,"column":42}},"type":"binary-expr","locations":[{"start":{"line":16,"column":24},"end":{"line":16,"column":36}},{"start":{"line":16,"column":40},"end":{"line":16,"column":42}}],"line":16},"4":{"loc":{"start":{"line":17,"column":4},"end":{"line":25,"column":5}},"type":"if","locations":[{"start":{"line":17,"column":4},"end":{"line":25,"column":5}},{"start":{},"end":{}}],"line":17},"5":{"loc":{"start":{"line":43,"column":12},"end":{"line":49,"column":13}},"type":"if","locations":[{"start":{"line":43,"column":12},"end":{"line":49,"column":13}},{"start":{},"end":{}}],"line":43},"6":{"loc":{"start":{"line":65,"column":10},"end":{"line":65,"column":47}},"type":"default-arg","locations":[{"start":{"line":65,"column":29},"end":{"line":65,"column":47}}],"line":65},"7":{"loc":{"start":{"line":65,"column":29},"end":{"line":65,"column":47}},"type":"binary-expr","locations":[{"start":{"line":65,"column":29},"end":{"line":65,"column":41}},{"start":{"line":65,"column":45},"end":{"line":65,"column":47}}],"line":65},"8":{"loc":{"start":{"line":68,"column":17},"end":{"line":78,"column":15}},"type":"cond-expr","locations":[{"start":{"line":69,"column":14},"end":{"line":73,"column":16}},{"start":{"line":74,"column":14},"end":{"line":78,"column":15}}],"line":68}},"s":{"0":2,"1":2,"2":2,"3":2,"4":2,"5":0,"6":2,"7":3,"8":3,"9":1,"10":1,"11":1,"12":0,"13":0,"14":0,"15":3,"16":2,"17":2,"18":2,"19":3,"20":1,"21":3,"22":2},"f":{"0":2,"1":2,"2":3,"3":1,"4":1,"5":3,"6":1},"b":{"0":[0,2],"1":[0,2],"2":[2,2],"3":[2,2],"4":[0,2],"5":[0,0],"6":[1],"7":[1,1],"8":[0,1]},"_coverageSchema":"1a1c01bbd47fc00a2c39e90264f33305004495a9","hash":"4afca08388920830f620cf01c4296fda81f417f7"}
,"/Users/kamleshsharma/workspace/fancode/redux-rewire/packages/legacy/src/legacy/core/create-reducer.ts": {"path":"/Users/kamleshsharma/workspace/fancode/redux-rewire/packages/legacy/src/legacy/core/create-reducer.ts","statementMap":{"0":{"start":{"line":7,"column":30},"end":{"line":17,"column":1}},"1":{"start":{"line":11,"column":2},"end":{"line":16,"column":3}},"2":{"start":{"line":12,"column":4},"end":{"line":14,"column":5}},"3":{"start":{"line":13,"column":6},"end":{"line":13,"column":62}},"4":{"start":{"line":15,"column":4},"end":{"line":15,"column":16}}},"fnMap":{"0":{"name":"(anonymous_0)","decl":{"start":{"line":7,"column":30},"end":{"line":7,"column":31}},"loc":{"start":{"line":10,"column":32},"end":{"line":17,"column":1}},"line":10},"1":{"name":"(anonymous_1)","decl":{"start":{"line":11,"column":9},"end":{"line":11,"column":10}},"loc":{"start":{"line":11,"column":61},"end":{"line":16,"column":3}},"line":11}},"branchMap":{"0":{"loc":{"start":{"line":11,"column":10},"end":{"line":11,"column":37}},"type":"default-arg","locations":[{"start":{"line":11,"column":25},"end":{"line":11,"column":37}}],"line":11},"1":{"loc":{"start":{"line":12,"column":4},"end":{"line":14,"column":5}},"type":"if","locations":[{"start":{"line":12,"column":4},"end":{"line":14,"column":5}},{"start":{},"end":{}}],"line":12},"2":{"loc":{"start":{"line":13,"column":13},"end":{"line":13,"column":62}},"type":"binary-expr","locations":[{"start":{"line":13,"column":13},"end":{"line":13,"column":53}},{"start":{"line":13,"column":57},"end":{"line":13,"column":62}}],"line":13}},"s":{"0":3,"1":3,"2":2,"3":2,"4":0},"f":{"0":3,"1":2},"b":{"0":[1],"1":[2,0],"2":[2,0]},"_coverageSchema":"1a1c01bbd47fc00a2c39e90264f33305004495a9","hash":"2f494c16a9a9da4c60cab51a1d5efeff8465e34b"}
,"/Users/kamleshsharma/workspace/fancode/redux-rewire/packages/legacy/src/legacy/core/create-shared-state.ts": {"path":"/Users/kamleshsharma/workspace/fancode/redux-rewire/packages/legacy/src/legacy/core/create-shared-state.ts","statementMap":{"0":{"start":{"line":3,"column":56},"end":{"line":18,"column":1}},"1":{"start":{"line":9,"column":32},"end":{"line":9,"column":67}},"2":{"start":{"line":10,"column":26},"end":{"line":10,"column":58}},"3":{"start":{"line":11,"column":2},"end":{"line":17,"column":3}}},"fnMap":{"0":{"name":"(anonymous_0)","decl":{"start":{"line":3,"column":56},"end":{"line":3,"column":57}},"loc":{"start":{"line":7,"column":2},"end":{"line":18,"column":1}},"line":7}},"branchMap":{"0":{"loc":{"start":{"line":6,"column":2},"end":{"line":6,"column":18}},"type":"default-arg","locations":[{"start":{"line":6,"column":14},"end":{"line":6,"column":18}}],"line":6}},"s":{"0":0,"1":0,"2":0,"3":0},"f":{"0":0},"b":{"0":[0]}}
,"/Users/kamleshsharma/workspace/fancode/redux-rewire/packages/legacy/src/legacy/core/create-shared-state.type.ts": {"path":"/Users/kamleshsharma/workspace/fancode/redux-rewire/packages/legacy/src/legacy/core/create-shared-state.type.ts","statementMap":{},"fnMap":{},"branchMap":{},"s":{},"f":{},"b":{}}
,"/Users/kamleshsharma/workspace/fancode/redux-rewire/packages/legacy/src/legacy/helper/get-parent-state.ts": {"path":"/Users/kamleshsharma/workspace/fancode/redux-rewire/packages/legacy/src/legacy/helper/get-parent-state.ts","statementMap":{"0":{"start":{"line":10,"column":2},"end":{"line":17,"column":3}},"1":{"start":{"line":11,"column":4},"end":{"line":11,"column":33}},"2":{"start":{"line":13,"column":31},"end":{"line":13,"column":68}},"3":{"start":{"line":14,"column":4},"end":{"line":16,"column":5}},"4":{"start":{"line":15,"column":6},"end":{"line":15,"column":80}},"5":{"start":{"line":18,"column":2},"end":{"line":18,"column":13}},"6":{"start":{"line":29,"column":50},"end":{"line":45,"column":1}},"7":{"start":{"line":34,"column":27},"end":{"line":38,"column":3}},"8":{"start":{"line":39,"column":2},"end":{"line":43,"column":3}},"9":{"start":{"line":40,"column":4},"end":{"line":42,"column":5}},"10":{"start":{"line":44,"column":2},"end":{"line":44,"column":25}}},"fnMap":{"0":{"name":"findClosesParentState","decl":{"start":{"line":5,"column":9},"end":{"line":5,"column":30}},"loc":{"start":{"line":9,"column":14},"end":{"line":19,"column":1}},"line":9},"1":{"name":"(anonymous_1)","decl":{"start":{"line":29,"column":50},"end":{"line":29,"column":51}},"loc":{"start":{"line":33,"column":2},"end":{"line":45,"column":1}},"line":33}},"branchMap":{"0":{"loc":{"start":{"line":10,"column":2},"end":{"line":17,"column":3}},"type":"if","locations":[{"start":{"line":10,"column":2},"end":{"line":17,"column":3}},{"start":{"line":12,"column":9},"end":{"line":17,"column":3}}],"line":10},"1":{"loc":{"start":{"line":14,"column":4},"end":{"line":16,"column":5}},"type":"if","locations":[{"start":{"line":14,"column":4},"end":{"line":16,"column":5}},{"start":{},"end":{}}],"line":14},"2":{"loc":{"start":{"line":39,"column":2},"end":{"line":43,"column":3}},"type":"if","locations":[{"start":{"line":39,"column":2},"end":{"line":43,"column":3}},{"start":{},"end":{}}],"line":39}},"s":{"0":0,"1":0,"2":0,"3":0,"4":0,"5":0,"6":0,"7":0,"8":0,"9":0,"10":0},"f":{"0":0,"1":0},"b":{"0":[0,0],"1":[0,0],"2":[0,0]}}
,"/Users/kamleshsharma/workspace/fancode/redux-rewire/packages/legacy/src/legacy/hooks/use-global-state.ts": {"path":"/Users/kamleshsharma/workspace/fancode/redux-rewire/packages/legacy/src/legacy/hooks/use-global-state.ts","statementMap":{"0":{"start":{"line":7,"column":49},"end":{"line":30,"column":1}},"1":{"start":{"line":9,"column":30},"end":{"line":9,"column":31}},"2":{"start":{"line":12,"column":54},"end":{"line":12,"column":79}},"3":{"start":{"line":13,"column":32},"end":{"line":19,"column":3}},"4":{"start":{"line":20,"column":2},"end":{"line":26,"column":8}},"5":{"start":{"line":22,"column":4},"end":{"line":25,"column":5}},"6":{"start":{"line":23,"column":6},"end":{"line":23,"column":38}},"7":{"start":{"line":24,"column":6},"end":{"line":24,"column":27}},"8":{"start":{"line":27,"column":2},"end":{"line":29,"column":27}},"9":{"start":{"line":28,"column":4},"end":{"line":28,"column":32}}},"fnMap":{"0":{"name":"(anonymous_0)","decl":{"start":{"line":7,"column":49},"end":{"line":7,"column":50}},"loc":{"start":{"line":11,"column":2},"end":{"line":30,"column":1}},"line":11},"1":{"name":"(anonymous_1)","decl":{"start":{"line":9,"column":18},"end":{"line":9,"column":19}},"loc":{"start":{"line":9,"column":30},"end":{"line":9,"column":31}},"line":9},"2":{"name":"(anonymous_2)","decl":{"start":{"line":20,"column":10},"end":{"line":20,"column":11}},"loc":{"start":{"line":20,"column":16},"end":{"line":26,"column":3}},"line":20},"3":{"name":"(anonymous_3)","decl":{"start":{"line":27,"column":17},"end":{"line":27,"column":18}},"loc":{"start":{"line":27,"column":23},"end":{"line":29,"column":3}},"line":27}},"branchMap":{"0":{"loc":{"start":{"line":9,"column":2},"end":{"line":9,"column":31}},"type":"default-arg","locations":[{"start":{"line":9,"column":18},"end":{"line":9,"column":31}}],"line":9},"1":{"loc":{"start":{"line":10,"column":2},"end":{"line":10,"column":27}},"type":"default-arg","locations":[{"start":{"line":10,"column":15},"end":{"line":10,"column":27}}],"line":10},"2":{"loc":{"start":{"line":22,"column":4},"end":{"line":25,"column":5}},"type":"if","locations":[{"start":{"line":22,"column":4},"end":{"line":25,"column":5}},{"start":{},"end":{}}],"line":22},"3":{"loc":{"start":{"line":22,"column":8},"end":{"line":22,"column":57}},"type":"binary-expr","locations":[{"start":{"line":22,"column":8},"end":{"line":22,"column":29}},{"start":{"line":22,"column":33},"end":{"line":22,"column":57}}],"line":22}},"s":{"0":0,"1":0,"2":0,"3":0,"4":0,"5":0,"6":0,"7":0,"8":0,"9":0},"f":{"0":0,"1":0,"2":0,"3":0},"b":{"0":[0],"1":[0],"2":[0,0],"3":[0,0]}}
,"/Users/kamleshsharma/workspace/fancode/redux-rewire/packages/legacy/src/legacy/hooks/use-global-state.type.ts": {"path":"/Users/kamleshsharma/workspace/fancode/redux-rewire/packages/legacy/src/legacy/hooks/use-global-state.type.ts","statementMap":{},"fnMap":{},"branchMap":{},"s":{},"f":{},"b":{}}
,"/Users/kamleshsharma/workspace/fancode/redux-rewire/packages/legacy/src/legacy/hooks/use-parent-state.ts": {"path":"/Users/kamleshsharma/workspace/fancode/redux-rewire/packages/legacy/src/legacy/hooks/use-parent-state.ts","statementMap":{"0":{"start":{"line":5,"column":50},"end":{"line":18,"column":1}},"1":{"start":{"line":11,"column":2},"end":{"line":17,"column":3}},"2":{"start":{"line":13,"column":6},"end":{"line":15,"column":7}}},"fnMap":{"0":{"name":"(anonymous_0)","decl":{"start":{"line":5,"column":50},"end":{"line":5,"column":51}},"loc":{"start":{"line":10,"column":2},"end":{"line":18,"column":1}},"line":10},"1":{"name":"(anonymous_1)","decl":{"start":{"line":12,"column":4},"end":{"line":12,"column":5}},"loc":{"start":{"line":13,"column":6},"end":{"line":15,"column":7}},"line":13}},"branchMap":{"0":{"loc":{"start":{"line":9,"column":2},"end":{"line":9,"column":27}},"type":"default-arg","locations":[{"start":{"line":9,"column":15},"end":{"line":9,"column":27}}],"line":9},"1":{"loc":{"start":{"line":14,"column":8},"end":{"line":14,"column":76}},"type":"binary-expr","locations":[{"start":{"line":14,"column":8},"end":{"line":14,"column":54}},{"start":{"line":14,"column":58},"end":{"line":14,"column":76}}],"line":14}},"s":{"0":0,"1":0,"2":0},"f":{"0":0,"1":0},"b":{"0":[0],"1":[0,0]}}
,"/Users/kamleshsharma/workspace/fancode/redux-rewire/packages/legacy/src/legacy/hooks/use-parent-state.type.ts": {"path":"/Users/kamleshsharma/workspace/fancode/redux-rewire/packages/legacy/src/legacy/hooks/use-parent-state.type.ts","statementMap":{},"fnMap":{},"branchMap":{},"s":{},"f":{},"b":{}}
,"/Users/kamleshsharma/workspace/fancode/redux-rewire/packages/legacy/src/legacy/hooks/use-redux-state.ts": {"path":"/Users/kamleshsharma/workspace/fancode/redux-rewire/packages/legacy/src/legacy/hooks/use-redux-state.ts","statementMap":{"0":{"start":{"line":6,"column":48},"end":{"line":36,"column":1}},"1":{"start":{"line":9,"column":30},"end":{"line":9,"column":31}},"2":{"start":{"line":13,"column":16},"end":{"line":13,"column":35}},"3":{"start":{"line":15,"column":34},"end":{"line":26,"column":11}},"4":{"start":{"line":17,"column":46},"end":{"line":23,"column":5}},"5":{"start":{"line":24,"column":4},"end":{"line":24,"column":43}},"6":{"start":{"line":25,"column":4},"end":{"line":25,"column":44}},"7":{"start":{"line":27,"column":16},"end":{"line":30,"column":3}},"8":{"start":{"line":28,"column":20},"end":{"line":28,"column":61}},"9":{"start":{"line":33,"column":2},"end":{"line":35,"column":27}},"10":{"start":{"line":34,"column":4},"end":{"line":34,"column":32}}},"fnMap":{"0":{"name":"(anonymous_0)","decl":{"start":{"line":6,"column":48},"end":{"line":6,"column":49}},"loc":{"start":{"line":12,"column":2},"end":{"line":36,"column":1}},"line":12},"1":{"name":"(anonymous_1)","decl":{"start":{"line":9,"column":18},"end":{"line":9,"column":19}},"loc":{"start":{"line":9,"column":30},"end":{"line":9,"column":31}},"line":9},"2":{"name":"(anonymous_2)","decl":{"start":{"line":15,"column":42},"end":{"line":15,"column":43}},"loc":{"start":{"line":15,"column":48},"end":{"line":26,"column":3}},"line":15},"3":{"name":"(anonymous_3)","decl":{"start":{"line":28,"column":4},"end":{"line":28,"column":5}},"loc":{"start":{"line":28,"column":20},"end":{"line":28,"column":61}},"line":28},"4":{"name":"(anonymous_4)","decl":{"start":{"line":33,"column":17},"end":{"line":33,"column":18}},"loc":{"start":{"line":33,"column":23},"end":{"line":35,"column":3}},"line":33}},"branchMap":{"0":{"loc":{"start":{"line":9,"column":2},"end":{"line":9,"column":31}},"type":"default-arg","locations":[{"start":{"line":9,"column":18},"end":{"line":9,"column":31}}],"line":9},"1":{"loc":{"start":{"line":10,"column":2},"end":{"line":10,"column":27}},"type":"default-arg","locations":[{"start":{"line":10,"column":15},"end":{"line":10,"column":27}}],"line":10},"2":{"loc":{"start":{"line":28,"column":34},"end":{"line":28,"column":60}},"type":"binary-expr","locations":[{"start":{"line":28,"column":34},"end":{"line":28,"column":44}},{"start":{"line":28,"column":48},"end":{"line":28,"column":60}}],"line":28}},"s":{"0":0,"1":0,"2":0,"3":0,"4":0,"5":0,"6":0,"7":0,"8":0,"9":0,"10":0},"f":{"0":0,"1":0,"2":0,"3":0,"4":0},"b":{"0":[0],"1":[0],"2":[0,0]}}
,"/Users/kamleshsharma/workspace/fancode/redux-rewire/packages/legacy/src/legacy/hooks/use-redux-state.type.ts": {"path":"/Users/kamleshsharma/workspace/fancode/redux-rewire/packages/legacy/src/legacy/hooks/use-redux-state.type.ts","statementMap":{},"fnMap":{},"branchMap":{},"s":{},"f":{},"b":{}}
,"/Users/kamleshsharma/workspace/fancode/redux-rewire/packages/legacy/src/legacy/hooks/use-shared-state.ts": {"path":"/Users/kamleshsharma/workspace/fancode/redux-rewire/packages/legacy/src/legacy/hooks/use-shared-state.ts","statementMap":{"0":{"start":{"line":8,"column":49},"end":{"line":60,"column":1}},"1":{"start":{"line":11,"column":30},"end":{"line":11,"column":31}},"2":{"start":{"line":14,"column":18},"end":{"line":14,"column":51}},"3":{"start":{"line":15,"column":19},"end":{"line":15,"column":69}},"4":{"start":{"line":16,"column":21},"end":{"line":24,"column":8}},"5":{"start":{"line":18,"column":4},"end":{"line":22,"column":5}},"6":{"start":{"line":20,"column":6},"end":{"line":21,"column":70}},"7":{"start":{"line":23,"column":4},"end":{"line":23,"column":50}},"8":{"start":{"line":25,"column":32},"end":{"line":31,"column":3}},"9":{"start":{"line":32,"column":2},"end":{"line":43,"column":8}},"10":{"start":{"line":33,"column":4},"end":{"line":34,"column":50}},"11":{"start":{"line":34,"column":6},"end":{"line":34,"column":50}},"12":{"start":{"line":37,"column":4},"end":{"line":40,"column":5}},"13":{"start":{"line":39,"column":6},"end":{"line":39,"column":54}},"14":{"start":{"line":39,"column":33},"end":{"line":39,"column":54}},"15":{"start":{"line":42,"column":4},"end":{"line":42,"column":46}},"16":{"start":{"line":44,"column":2},"end":{"line":56,"column":8}},"17":{"start":{"line":45,"column":4},"end":{"line":55,"column":5}},"18":{"start":{"line":46,"column":6},"end":{"line":54,"column":7}},"19":{"start":{"line":48,"column":8},"end":{"line":48,"column":50}},"20":{"start":{"line":50,"column":8},"end":{"line":53,"column":9}},"21":{"start":{"line":52,"column":10},"end":{"line":52,"column":60}},"22":{"start":{"line":52,"column":37},"end":{"line":52,"column":60}},"23":{"start":{"line":57,"column":2},"end":{"line":59,"column":27}},"24":{"start":{"line":58,"column":4},"end":{"line":58,"column":32}}},"fnMap":{"0":{"name":"(anonymous_0)","decl":{"start":{"line":8,"column":49},"end":{"line":8,"column":50}},"loc":{"start":{"line":13,"column":2},"end":{"line":60,"column":1}},"line":13},"1":{"name":"(anonymous_1)","decl":{"start":{"line":11,"column":18},"end":{"line":11,"column":19}},"loc":{"start":{"line":11,"column":30},"end":{"line":11,"column":31}},"line":11},"2":{"name":"(anonymous_2)","decl":{"start":{"line":16,"column":29},"end":{"line":16,"column":30}},"loc":{"start":{"line":16,"column":35},"end":{"line":24,"column":3}},"line":16},"3":{"name":"(anonymous_3)","decl":{"start":{"line":32,"column":10},"end":{"line":32,"column":11}},"loc":{"start":{"line":32,"column":16},"end":{"line":43,"column":3}},"line":32},"4":{"name":"(anonymous_4)","decl":{"start":{"line":44,"column":12},"end":{"line":44,"column":13}},"loc":{"start":{"line":44,"column":18},"end":{"line":56,"column":3}},"line":44},"5":{"name":"(anonymous_5)","decl":{"start":{"line":45,"column":11},"end":{"line":45,"column":12}},"loc":{"start":{"line":45,"column":17},"end":{"line":55,"column":5}},"line":45},"6":{"name":"(anonymous_6)","decl":{"start":{"line":57,"column":17},"end":{"line":57,"column":18}},"loc":{"start":{"line":57,"column":23},"end":{"line":59,"column":3}},"line":57}},"branchMap":{"0":{"loc":{"start":{"line":11,"column":2},"end":{"line":11,"column":31}},"type":"default-arg","locations":[{"start":{"line":11,"column":18},"end":{"line":11,"column":31}}],"line":11},"1":{"loc":{"start":{"line":12,"column":2},"end":{"line":12,"column":27}},"type":"default-arg","locations":[{"start":{"line":12,"column":15},"end":{"line":12,"column":27}}],"line":12},"2":{"loc":{"start":{"line":18,"column":4},"end":{"line":22,"column":5}},"type":"if","locations":[{"start":{"line":18,"column":4},"end":{"line":22,"column":5}},{"start":{},"end":{}}],"line":18},"3":{"loc":{"start":{"line":33,"column":4},"end":{"line":34,"column":50}},"type":"if","locations":[{"start":{"line":33,"column":4},"end":{"line":34,"column":50}},{"start":{},"end":{}}],"line":33},"4":{"loc":{"start":{"line":37,"column":4},"end":{"line":40,"column":5}},"type":"if","locations":[{"start":{"line":37,"column":4},"end":{"line":40,"column":5}},{"start":{},"end":{}}],"line":37},"5":{"loc":{"start":{"line":39,"column":6},"end":{"line":39,"column":54}},"type":"if","locations":[{"start":{"line":39,"column":6},"end":{"line":39,"column":54}},{"start":{},"end":{}}],"line":39},"6":{"loc":{"start":{"line":46,"column":6},"end":{"line":54,"column":7}},"type":"if","locations":[{"start":{"line":46,"column":6},"end":{"line":54,"column":7}},{"start":{},"end":{}}],"line":46},"7":{"loc":{"start":{"line":50,"column":8},"end":{"line":53,"column":9}},"type":"if","locations":[{"start":{"line":50,"column":8},"end":{"line":53,"column":9}},{"start":{},"end":{}}],"line":50},"8":{"loc":{"start":{"line":52,"column":10},"end":{"line":52,"column":60}},"type":"if","locations":[{"start":{"line":52,"column":10},"end":{"line":52,"column":60}},{"start":{},"end":{}}],"line":52}},"s":{"0":0,"1":0,"2":0,"3":0,"4":0,"5":0,"6":0,"7":0,"8":0,"9":0,"10":0,"11":0,"12":0,"13":0,"14":0,"15":0,"16":0,"17":0,"18":0,"19":0,"20":0,"21":0,"22":0,"23":0,"24":0},"f":{"0":0,"1":0,"2":0,"3":0,"4":0,"5":0,"6":0},"b":{"0":[0],"1":[0],"2":[0,0],"3":[0,0],"4":[0,0],"5":[0,0],"6":[0,0],"7":[0,0],"8":[0,0]}}
,"/Users/kamleshsharma/workspace/fancode/redux-rewire/packages/legacy/src/legacy/hooks/use-shared-state.type.ts": {"path":"/Users/kamleshsharma/workspace/fancode/redux-rewire/packages/legacy/src/legacy/hooks/use-shared-state.type.ts","statementMap":{},"fnMap":{},"branchMap":{},"s":{},"f":{},"b":{}}
,"/Users/kamleshsharma/workspace/fancode/redux-rewire/packages/legacy/src/shared/provider.tsx": {"path":"/Users/kamleshsharma/workspace/fancode/redux-rewire/packages/legacy/src/shared/provider.tsx","statementMap":{"0":{"start":{"line":4,"column":29},"end":{"line":12,"column":2}},"1":{"start":{"line":13,"column":34},"end":{"line":34,"column":1}},"2":{"start":{"line":18,"column":40},"end":{"line":18,"column":72}},"3":{"start":{"line":19,"column":32},"end":{"line":21,"column":8}},"4":{"start":{"line":20,"column":4},"end":{"line":20,"column":35}},"5":{"start":{"line":22,"column":2},"end":{"line":33,"column":3}},"6":{"start":{"line":36,"column":30},"end":{"line":36,"column":60}}},"fnMap":{"0":{"name":"(anonymous_0)","decl":{"start":{"line":11,"column":25},"end":{"line":11,"column":26}},"loc":{"start":{"line":11,"column":31},"end":{"line":11,"column":33}},"line":11},"1":{"name":"(anonymous_1)","decl":{"start":{"line":13,"column":34},"end":{"line":13,"column":35}},"loc":{"start":{"line":17,"column":21},"end":{"line":34,"column":1}},"line":17},"2":{"name":"(anonymous_2)","decl":{"start":{"line":19,"column":44},"end":{"line":19,"column":45}},"loc":{"start":{"line":19,"column":77},"end":{"line":21,"column":3}},"line":19}},"branchMap":{},"s":{"0":0,"1":0,"2":0,"3":0,"4":0,"5":0,"6":0},"f":{"0":0,"1":0,"2":0},"b":{}}
}
