TN:
SF:src/constant.ts
FNF:0
FNH:0
DA:1,3
LF:1
LH:1
BRF:0
BRH:0
end_of_record
TN:
SF:src/index.ts
FNF:0
FNH:0
LF:0
LH:0
BRF:0
BRH:0
end_of_record
TN:
SF:src/core/create-action-slice-type.ts
FNF:0
FNH:0
LF:0
LH:0
BRF:0
BRH:0
end_of_record
TN:
SF:src/core/create-action-slice.ts
FN:6,(anonymous_0)
FN:10,(anonymous_1)
FN:61,(anonymous_2)
FN:62,(anonymous_3)
FN:104,createAsyncFunction
FN:112,(anonymous_5)
FN:113,(anonymous_6)
FNF:7
FNH:6
FNDA:1,(anonymous_0)
FNDA:1,(anonymous_1)
FNDA:3,(anonymous_2)
FNDA:0,(anonymous_3)
FNDA:1,createAsyncFunction
FNDA:1,(anonymous_5)
FNDA:1,(anonymous_6)
DA:6,1
DA:10,1
DA:19,1
DA:21,1
DA:24,1
DA:29,1
DA:32,1
DA:34,1
DA:36,0
DA:48,1
DA:59,1
DA:61,1
DA:62,3
DA:68,0
DA:70,0
DA:75,0
DA:76,0
DA:82,0
DA:83,0
DA:85,0
DA:87,0
DA:93,1
DA:112,1
DA:113,1
DA:114,1
DA:115,1
DA:117,1
DA:118,1
DA:119,1
DA:130,1
DA:137,0
DA:145,1
DA:147,1
LF:33
LH:23
BRDA:19,0,0,1
BRDA:19,0,1,1
BRDA:32,1,0,1
BRDA:32,1,1,1
BRDA:34,2,0,0
BRDA:34,2,1,1
BRDA:59,3,0,1
BRDA:59,3,1,0
BRDA:68,4,0,0
BRDA:68,4,1,0
BRDA:68,4,2,0
BRDA:70,5,0,0
BRDA:70,5,1,0
BRDA:75,6,0,0
BRDA:75,6,1,0
BRDA:82,7,0,0
BRDA:82,7,1,0
BRDA:83,8,0,0
BRDA:83,8,1,0
BRDA:85,9,0,0
BRDA:85,9,1,0
BRDA:113,10,0,0
BRDA:114,11,0,1
BRDA:114,11,1,0
BRDA:114,11,2,1
BRDA:115,12,0,1
BRDA:115,12,1,1
BRDA:115,12,2,1
BRDA:124,13,0,1
BRDA:124,13,1,1
BRF:30
BRH:13
end_of_record
TN:
SF:src/core/create-actions-reference.ts
FN:3,createActionsReference
FN:4,(anonymous_1)
FN:5,(anonymous_2)
FN:10,createActionsReferenceFromActionSlice
FNF:4
FNH:2
FNDA:1,createActionsReference
FNDA:3,(anonymous_1)
FNDA:0,(anonymous_2)
FNDA:0,createActionsReferenceFromActionSlice
DA:4,1
DA:5,3
DA:6,3
DA:14,0
DA:16,0
DA:20,0
LF:6
LH:3
BRDA:5,0,0,0
BRF:1
BRH:0
end_of_record
TN:
SF:src/core/create-global-state.ts
FN:3,(anonymous_0)
FNF:1
FNH:0
FNDA:0,(anonymous_0)
DA:3,0
DA:8,0
LF:2
LH:0
BRDA:6,0,0,0
BRF:1
BRH:0
end_of_record
TN:
SF:src/core/create-global-state.type.ts
FNF:0
FNH:0
LF:0
LH:0
BRF:0
BRH:0
end_of_record
TN:
SF:src/core/create-initital-state.ts
FN:5,(anonymous_0)
FNF:1
FNH:1
FNDA:2,(anonymous_0)
DA:3,2
DA:5,2
DA:10,2
DA:11,2
DA:19,0
LF:5
LH:4
BRDA:10,0,0,2
BRDA:10,0,1,0
BRF:2
BRH:1
end_of_record
TN:
SF:src/core/create-initital-state.type.ts
FNF:0
FNH:0
LF:0
LH:0
BRF:0
BRH:0
end_of_record
TN:
SF:src/core/create-reducer-slice-type.ts
FNF:0
FNH:0
LF:0
LH:0
BRF:0
BRH:0
end_of_record
TN:
SF:src/core/create-reducer-slice.ts
FN:7,(anonymous_0)
FN:11,(anonymous_1)
FN:28,(anonymous_2)
FN:31,(anonymous_3)
FN:32,(anonymous_4)
FN:43,(anonymous_5)
FN:64,(anonymous_6)
FN:66,(anonymous_7)
FNF:8
FNH:7
FNDA:2,(anonymous_0)
FNDA:2,(anonymous_1)
FNDA:4,(anonymous_2)
FNDA:1,(anonymous_3)
FNDA:1,(anonymous_4)
FNDA:0,(anonymous_5)
FNDA:4,(anonymous_6)
FNDA:1,(anonymous_7)
DA:7,2
DA:11,2
DA:12,2
DA:17,2
DA:19,0
DA:26,2
DA:29,4
DA:30,4
DA:31,4
DA:32,1
DA:33,1
DA:34,1
DA:39,0
DA:43,0
DA:44,0
DA:52,0
DA:56,4
DA:59,2
DA:61,2
DA:63,2
DA:65,4
DA:66,4
DA:71,1
DA:84,4
DA:88,2
LF:25
LH:20
BRDA:12,0,0,0
BRDA:12,0,1,2
BRDA:14,1,0,0
BRDA:14,1,1,2
BRDA:14,2,0,2
BRDA:14,2,1,2
BRDA:17,3,0,0
BRDA:17,3,1,2
BRDA:29,4,0,4
BRDA:29,4,1,0
BRDA:65,5,0,4
BRDA:65,5,1,0
BRDA:68,6,0,1
BRDA:68,7,0,1
BRDA:68,7,1,1
BRDA:71,8,0,0
BRDA:71,8,1,1
BRF:17
BRH:11
end_of_record
TN:
SF:src/core/create-reducer.ts
FN:7,(anonymous_0)
FN:11,(anonymous_1)
FNF:2
FNH:2
FNDA:3,(anonymous_0)
FNDA:2,(anonymous_1)
DA:7,3
DA:11,3
DA:12,2
DA:13,2
DA:15,0
LF:5
LH:4
BRDA:11,0,0,0
BRDA:12,1,0,2
BRDA:12,1,1,0
BRDA:13,2,0,2
BRDA:13,2,1,0
BRF:5
BRH:2
end_of_record
TN:
SF:src/core/create-shared-state.ts
FN:3,(anonymous_0)
FNF:1
FNH:0
FNDA:0,(anonymous_0)
DA:3,0
DA:8,0
LF:2
LH:0
BRDA:6,0,0,0
BRF:1
BRH:0
end_of_record
TN:
SF:src/core/create-shared-state.type.ts
FNF:0
FNH:0
LF:0
LH:0
BRF:0
BRH:0
end_of_record
TN:
SF:src/core/create-store.type.ts
FNF:0
FNH:0
LF:0
LH:0
BRF:0
BRH:0
end_of_record
TN:
SF:src/helper/get-parent-state.ts
FN:5,findClosesParentState
FN:29,(anonymous_1)
FNF:2
FNH:0
FNDA:0,findClosesParentState
FNDA:0,(anonymous_1)
DA:10,0
DA:11,0
DA:13,0
DA:14,0
DA:15,0
DA:18,0
DA:29,0
DA:34,0
DA:39,0
DA:40,0
DA:44,0
LF:11
LH:0
BRDA:10,0,0,0
BRDA:10,0,1,0
BRDA:14,1,0,0
BRDA:14,1,1,0
BRDA:39,2,0,0
BRDA:39,2,1,0
BRF:6
BRH:0
end_of_record
TN:
SF:src/helper/idenity-reducer.ts
FNF:0
FNH:0
DA:1,0
LF:1
LH:0
BRF:0
BRH:0
end_of_record
TN:
SF:src/helper/idenity-selector.ts
FN:1,(anonymous_0)
FNF:1
FNH:0
FNDA:0,(anonymous_0)
DA:1,0
LF:1
LH:0
BRF:0
BRH:0
end_of_record
TN:
SF:src/helper/key-handler.ts
FN:4,(anonymous_0)
FN:5,(anonymous_1)
FN:7,(anonymous_2)
FN:17,(anonymous_3)
FN:24,(anonymous_4)
FN:33,(anonymous_5)
FN:43,(anonymous_6)
FN:48,(anonymous_7)
FN:52,(anonymous_8)
FN:55,(anonymous_9)
FN:60,(anonymous_10)
FN:64,(anonymous_11)
FN:70,(anonymous_12)
FN:74,(anonymous_13)
FN:83,(anonymous_14)
FNF:15
FNH:5
FNDA:0,(anonymous_0)
FNDA:0,(anonymous_1)
FNDA:0,(anonymous_2)
FNDA:1,(anonymous_3)
FNDA:0,(anonymous_4)
FNDA:0,(anonymous_5)
FNDA:1,(anonymous_6)
FNDA:0,(anonymous_7)
FNDA:0,(anonymous_8)
FNDA:0,(anonymous_9)
FNDA:0,(anonymous_10)
FNDA:1,(anonymous_11)
FNDA:1,(anonymous_12)
FNDA:1,(anonymous_13)
FNDA:0,(anonymous_14)
DA:1,1
DA:5,0
DA:11,0
DA:12,0
DA:13,0
DA:15,0
DA:18,1
DA:19,1
DA:20,1
DA:22,0
DA:29,0
DA:30,0
DA:31,0
DA:34,0
DA:37,0
DA:38,0
DA:39,0
DA:41,0
DA:44,1
DA:45,2
DA:46,1
DA:49,0
DA:50,0
DA:53,0
DA:56,0
DA:57,0
DA:58,0
DA:61,0
DA:62,0
DA:65,1
DA:66,1
DA:67,0
DA:68,0
DA:71,1
DA:72,1
DA:75,1
DA:76,1
DA:77,1
DA:78,3
DA:79,3
DA:81,1
DA:87,0
DA:88,0
DA:89,0
DA:92,0
LF:45
LH:17
BRDA:4,0,0,0
BRDA:11,1,0,0
BRDA:11,1,1,0
BRDA:18,2,0,1
BRDA:18,2,1,0
BRDA:20,3,0,1
BRDA:20,3,1,0
BRDA:35,4,0,0
BRDA:35,4,1,0
BRDA:37,5,0,0
BRDA:37,5,1,0
BRDA:43,6,0,0
BRDA:58,7,0,0
BRDA:58,7,1,0
BRDA:58,7,2,0
BRDA:62,8,0,0
BRDA:62,8,1,0
BRDA:66,9,0,1
BRDA:66,9,1,0
BRDA:68,10,0,0
BRDA:68,10,1,0
BRDA:88,11,0,0
BRDA:88,11,1,0
BRDA:89,12,0,0
BRDA:89,12,1,0
BRF:25
BRH:3
end_of_record
TN:
SF:src/helper/keys-selector.ts
FN:8,(anonymous_0)
FN:9,(anonymous_1)
FN:10,(anonymous_2)
FNF:3
FNH:0
FNDA:0,(anonymous_0)
FNDA:0,(anonymous_1)
FNDA:0,(anonymous_2)
DA:8,0
DA:9,0
DA:10,0
DA:11,0
DA:12,0
LF:5
LH:0
BRF:0
BRH:0
end_of_record
TN:
SF:src/helper/none-selector.ts
FN:1,(anonymous_0)
FNF:1
FNH:0
FNDA:0,(anonymous_0)
DA:1,0
LF:1
LH:0
BRF:0
BRH:0
end_of_record
TN:
SF:src/helper/shared-store-selector.ts
FN:3,(anonymous_0)
FNF:1
FNH:0
FNDA:0,(anonymous_0)
DA:3,0
DA:9,0
DA:10,0
DA:11,0
LF:4
LH:0
BRDA:11,0,0,0
BRDA:11,0,1,0
BRF:2
BRH:0
end_of_record
TN:
SF:src/hooks/use-global-state.ts
FN:9,createGlobalActionRefKey
FN:13,createGlobalMountKey
FN:17,(anonymous_2)
FN:19,(anonymous_3)
FN:40,(anonymous_4)
FN:47,(anonymous_5)
FN:54,(anonymous_6)
FNF:7
FNH:0
FNDA:0,createGlobalActionRefKey
FNDA:0,createGlobalMountKey
FNDA:0,(anonymous_2)
FNDA:0,(anonymous_3)
FNDA:0,(anonymous_4)
FNDA:0,(anonymous_5)
FNDA:0,(anonymous_6)
DA:10,0
DA:14,0
DA:17,0
DA:19,0
DA:22,0
DA:23,0
DA:25,0
DA:28,0
DA:32,0
DA:40,0
DA:41,0
DA:43,0
DA:44,0
DA:47,0
DA:49,0
DA:50,0
DA:51,0
DA:54,0
DA:55,0
LF:19
LH:0
BRDA:19,0,0,0
BRDA:20,1,0,0
BRDA:41,2,0,0
BRDA:41,2,1,0
BRDA:49,3,0,0
BRDA:49,3,1,0
BRDA:49,4,0,0
BRDA:49,4,1,0
BRF:8
BRH:0
end_of_record
TN:
SF:src/hooks/use-global-state.type.ts
FNF:0
FNH:0
LF:0
LH:0
BRF:0
BRH:0
end_of_record
TN:
SF:src/hooks/use-parent-state.ts
FN:5,(anonymous_0)
FN:12,(anonymous_1)
FNF:2
FNH:0
FNDA:0,(anonymous_0)
FNDA:0,(anonymous_1)
DA:5,0
DA:11,0
DA:13,0
LF:3
LH:0
BRDA:9,0,0,0
BRDA:14,1,0,0
BRDA:14,1,1,0
BRF:3
BRH:0
end_of_record
TN:
SF:src/hooks/use-parent-state.type.ts
FNF:0
FNH:0
LF:0
LH:0
BRF:0
BRH:0
end_of_record
TN:
SF:src/hooks/use-rewire-state.ts
FN:7,(anonymous_0)
FN:10,(anonymous_1)
FN:18,(anonymous_2)
FN:32,(anonymous_3)
FN:37,(anonymous_4)
FNF:5
FNH:0
FNDA:0,(anonymous_0)
FNDA:0,(anonymous_1)
FNDA:0,(anonymous_2)
FNDA:0,(anonymous_3)
FNDA:0,(anonymous_4)
DA:7,0
DA:10,0
DA:15,0
DA:16,0
DA:18,0
DA:20,0
DA:28,0
DA:29,0
DA:31,0
DA:32,0
DA:37,0
DA:38,0
LF:12
LH:0
BRDA:10,0,0,0
BRDA:12,1,0,0
BRDA:32,2,0,0
BRDA:32,2,1,0
BRF:4
BRH:0
end_of_record
TN:
SF:src/hooks/use-rewire-state.type.ts
FNF:0
FNH:0
LF:0
LH:0
BRF:0
BRH:0
end_of_record
TN:
SF:src/hooks/use-shared-state.ts
FN:8,createSharedActionRefKey
FN:12,createSharedCompCountKey
FN:16,(anonymous_2)
FN:19,(anonymous_3)
FN:38,(anonymous_4)
FN:43,(anonymous_5)
FN:58,(anonymous_6)
FN:59,(anonymous_7)
FN:74,(anonymous_8)
FNF:9
FNH:0
FNDA:0,createSharedActionRefKey
FNDA:0,createSharedCompCountKey
FNDA:0,(anonymous_2)
FNDA:0,(anonymous_3)
FNDA:0,(anonymous_4)
FNDA:0,(anonymous_5)
FNDA:0,(anonymous_6)
FNDA:0,(anonymous_7)
FNDA:0,(anonymous_8)
DA:9,0
DA:13,0
DA:16,0
DA:19,0
DA:23,0
DA:25,0
DA:26,0
DA:28,0
DA:30,0
DA:38,0
DA:39,0
DA:40,0
DA:43,0
DA:44,0
DA:45,0
DA:48,0
DA:50,0
DA:53,0
DA:58,0
DA:59,0
DA:60,0
DA:62,0
DA:67,0
DA:69,0
DA:74,0
DA:75,0
LF:26
LH:0
BRDA:19,0,0,0
BRDA:21,1,0,0
BRDA:39,2,0,0
BRDA:39,2,1,0
BRDA:44,3,0,0
BRDA:44,3,1,0
BRDA:48,4,0,0
BRDA:48,4,1,0
BRDA:50,5,0,0
BRDA:50,5,1,0
BRDA:60,6,0,0
BRDA:60,6,1,0
BRDA:67,7,0,0
BRDA:67,7,1,0
BRDA:69,8,0,0
BRDA:69,8,1,0
BRF:16
BRH:0
end_of_record
TN:
SF:src/hooks/use-shared-state.type.ts
FNF:0
FNH:0
LF:0
LH:0
BRF:0
BRH:0
end_of_record
TN:
SF:src/legacy/core/create-action-slice-type.ts
FNF:0
FNH:0
LF:0
LH:0
BRF:0
BRH:0
end_of_record
TN:
SF:src/legacy/core/create-action-slice.ts
FN:6,(anonymous_0)
FN:10,(anonymous_1)
FN:63,(anonymous_2)
FN:64,(anonymous_3)
FN:69,(anonymous_4)
FN:111,createAsyncFunction
FN:119,(anonymous_6)
FN:120,(anonymous_7)
FNF:8
FNH:6
FNDA:1,(anonymous_0)
FNDA:1,(anonymous_1)
FNDA:2,(anonymous_2)
FNDA:0,(anonymous_3)
FNDA:0,(anonymous_4)
FNDA:1,createAsyncFunction
FNDA:1,(anonymous_6)
FNDA:1,(anonymous_7)
DA:6,1
DA:10,1
DA:19,1
DA:20,1
DA:28,1
DA:33,1
DA:36,1
DA:38,1
DA:40,0
DA:52,1
DA:63,1
DA:64,2
DA:69,0
DA:71,0
DA:73,0
DA:78,0
DA:79,0
DA:85,0
DA:86,0
DA:87,0
DA:89,0
DA:93,0
DA:95,0
DA:100,1
DA:119,1
DA:120,1
DA:121,1
DA:122,1
DA:124,1
DA:125,1
DA:126,1
DA:138,1
DA:139,1
DA:147,0
DA:148,0
DA:150,0
DA:159,1
DA:161,1
LF:38
LH:23
BRDA:19,0,0,1
BRDA:19,0,1,1
BRDA:36,1,0,1
BRDA:36,1,1,1
BRDA:38,2,0,0
BRDA:38,2,1,1
BRDA:71,3,0,0
BRDA:71,3,1,0
BRDA:71,3,2,0
BRDA:73,4,0,0
BRDA:73,4,1,0
BRDA:78,5,0,0
BRDA:78,5,1,0
BRDA:85,6,0,0
BRDA:85,6,1,0
BRDA:120,7,0,0
BRDA:121,8,0,1
BRDA:121,8,1,0
BRDA:121,8,2,1
BRDA:122,9,0,1
BRDA:122,9,1,1
BRDA:122,9,2,1
BRDA:132,10,0,1
BRDA:132,10,1,1
BRDA:138,11,0,1
BRDA:138,11,1,0
BRDA:147,12,0,0
BRDA:147,12,1,0
BRF:28
BRH:13
end_of_record
TN:
SF:src/legacy/core/create-actions-reference.ts
FN:3,createActionsReference
FN:4,(anonymous_1)
FN:5,(anonymous_2)
FN:10,createActionsReferenceFromActionSlice
FNF:4
FNH:2
FNDA:1,createActionsReference
FNDA:2,(anonymous_1)
FNDA:0,(anonymous_2)
FNDA:0,createActionsReferenceFromActionSlice
DA:4,1
DA:5,2
DA:6,2
DA:14,0
DA:16,0
DA:20,0
LF:6
LH:3
BRDA:5,0,0,0
BRF:1
BRH:0
end_of_record
TN:
SF:src/legacy/core/create-global-state.ts
FN:4,(anonymous_0)
FNF:1
FNH:0
FNDA:0,(anonymous_0)
DA:4,0
DA:9,0
DA:10,0
DA:11,0
LF:4
LH:0
BRDA:7,0,0,0
BRF:1
BRH:0
end_of_record
TN:
SF:src/legacy/core/create-global-state.type.ts
FNF:0
FNH:0
LF:0
LH:0
BRF:0
BRH:0
end_of_record
TN:
SF:src/legacy/core/create-initital-state.ts
FN:5,(anonymous_0)
FNF:1
FNH:1
FNDA:2,(anonymous_0)
DA:3,2
DA:5,2
DA:9,2
DA:10,2
DA:15,0
LF:5
LH:4
BRDA:9,0,0,2
BRDA:9,0,1,0
BRF:2
BRH:1
end_of_record
TN:
SF:src/legacy/core/create-initital-state.type.ts
FNF:0
FNH:0
LF:0
LH:0
BRF:0
BRH:0
end_of_record
TN:
SF:src/legacy/core/create-reducer-slice-type.ts
FNF:0
FNH:0
LF:0
LH:0
BRF:0
BRH:0
end_of_record
TN:
SF:src/legacy/core/create-reducer-slice.ts
FN:6,(anonymous_0)
FN:10,(anonymous_1)
FN:28,(anonymous_2)
FN:30,(anonymous_3)
FN:31,(anonymous_4)
FN:62,(anonymous_5)
FN:63,(anonymous_6)
FNF:7
FNH:7
FNDA:2,(anonymous_0)
FNDA:2,(anonymous_1)
FNDA:3,(anonymous_2)
FNDA:1,(anonymous_3)
FNDA:1,(anonymous_4)
FNDA:3,(anonymous_5)
FNDA:1,(anonymous_6)
DA:6,2
DA:10,2
DA:11,2
DA:16,2
DA:17,2
DA:19,0
DA:26,2
DA:29,3
DA:30,3
DA:31,1
DA:32,1
DA:33,1
DA:43,0
DA:44,0
DA:51,0
DA:54,3
DA:57,2
DA:59,2
DA:61,2
DA:63,3
DA:68,1
DA:80,3
DA:84,2
LF:23
LH:19
BRDA:11,0,0,0
BRDA:11,0,1,2
BRDA:13,1,0,0
BRDA:13,1,1,2
BRDA:13,2,0,2
BRDA:13,2,1,2
BRDA:16,3,0,2
BRDA:16,3,1,2
BRDA:17,4,0,0
BRDA:17,4,1,2
BRDA:43,5,0,0
BRDA:43,5,1,0
BRDA:65,6,0,1
BRDA:65,7,0,1
BRDA:65,7,1,1
BRDA:68,8,0,0
BRDA:68,8,1,1
BRF:17
BRH:11
end_of_record
TN:
SF:src/legacy/core/create-reducer.ts
FN:7,(anonymous_0)
FN:11,(anonymous_1)
FNF:2
FNH:2
FNDA:3,(anonymous_0)
FNDA:2,(anonymous_1)
DA:7,3
DA:11,3
DA:12,2
DA:13,2
DA:15,0
LF:5
LH:4
BRDA:11,0,0,1
BRDA:12,1,0,2
BRDA:12,1,1,0
BRDA:13,2,0,2
BRDA:13,2,1,0
BRF:5
BRH:3
end_of_record
TN:
SF:src/legacy/core/create-shared-state.ts
FN:3,(anonymous_0)
FNF:1
FNH:0
FNDA:0,(anonymous_0)
DA:3,0
DA:9,0
DA:10,0
DA:11,0
LF:4
LH:0
BRDA:6,0,0,0
BRF:1
BRH:0
end_of_record
TN:
SF:src/legacy/core/create-shared-state.type.ts
FNF:0
FNH:0
LF:0
LH:0
BRF:0
BRH:0
end_of_record
TN:
SF:src/legacy/helper/get-parent-state.ts
FN:5,findClosesParentState
FN:29,(anonymous_1)
FNF:2
FNH:0
FNDA:0,findClosesParentState
FNDA:0,(anonymous_1)
DA:10,0
DA:11,0
DA:13,0
DA:14,0
DA:15,0
DA:18,0
DA:29,0
DA:34,0
DA:39,0
DA:40,0
DA:44,0
LF:11
LH:0
BRDA:10,0,0,0
BRDA:10,0,1,0
BRDA:14,1,0,0
BRDA:14,1,1,0
BRDA:39,2,0,0
BRDA:39,2,1,0
BRF:6
BRH:0
end_of_record
TN:
SF:src/legacy/hooks/use-global-state.ts
FN:7,(anonymous_0)
FN:9,(anonymous_1)
FN:20,(anonymous_2)
FN:27,(anonymous_3)
FNF:4
FNH:0
FNDA:0,(anonymous_0)
FNDA:0,(anonymous_1)
FNDA:0,(anonymous_2)
FNDA:0,(anonymous_3)
DA:7,0
DA:9,0
DA:12,0
DA:13,0
DA:20,0
DA:22,0
DA:23,0
DA:24,0
DA:27,0
DA:28,0
LF:10
LH:0
BRDA:9,0,0,0
BRDA:10,1,0,0
BRDA:22,2,0,0
BRDA:22,2,1,0
BRDA:22,3,0,0
BRDA:22,3,1,0
BRF:6
BRH:0
end_of_record
TN:
SF:src/legacy/hooks/use-global-state.type.ts
FNF:0
FNH:0
LF:0
LH:0
BRF:0
BRH:0
end_of_record
TN:
SF:src/legacy/hooks/use-parent-state.ts
FN:5,(anonymous_0)
FN:12,(anonymous_1)
FNF:2
FNH:0
FNDA:0,(anonymous_0)
FNDA:0,(anonymous_1)
DA:5,0
DA:11,0
DA:13,0
LF:3
LH:0
BRDA:9,0,0,0
BRDA:14,1,0,0
BRDA:14,1,1,0
BRF:3
BRH:0
end_of_record
TN:
SF:src/legacy/hooks/use-parent-state.type.ts
FNF:0
FNH:0
LF:0
LH:0
BRF:0
BRH:0
end_of_record
TN:
SF:src/legacy/hooks/use-redux-state.ts
FN:6,(anonymous_0)
FN:9,(anonymous_1)
FN:15,(anonymous_2)
FN:28,(anonymous_3)
FN:33,(anonymous_4)
FNF:5
FNH:0
FNDA:0,(anonymous_0)
FNDA:0,(anonymous_1)
FNDA:0,(anonymous_2)
FNDA:0,(anonymous_3)
FNDA:0,(anonymous_4)
DA:6,0
DA:9,0
DA:13,0
DA:15,0
DA:17,0
DA:24,0
DA:25,0
DA:27,0
DA:28,0
DA:33,0
DA:34,0
LF:11
LH:0
BRDA:9,0,0,0
BRDA:10,1,0,0
BRDA:28,2,0,0
BRDA:28,2,1,0
BRF:4
BRH:0
end_of_record
TN:
SF:src/legacy/hooks/use-redux-state.type.ts
FNF:0
FNH:0
LF:0
LH:0
BRF:0
BRH:0
end_of_record
TN:
SF:src/legacy/hooks/use-shared-state.ts
FN:8,(anonymous_0)
FN:11,(anonymous_1)
FN:16,(anonymous_2)
FN:32,(anonymous_3)
FN:44,(anonymous_4)
FN:45,(anonymous_5)
FN:57,(anonymous_6)
FNF:7
FNH:0
FNDA:0,(anonymous_0)
FNDA:0,(anonymous_1)
FNDA:0,(anonymous_2)
FNDA:0,(anonymous_3)
FNDA:0,(anonymous_4)
FNDA:0,(anonymous_5)
FNDA:0,(anonymous_6)
DA:8,0
DA:11,0
DA:14,0
DA:15,0
DA:16,0
DA:18,0
DA:20,0
DA:23,0
DA:25,0
DA:32,0
DA:33,0
DA:34,0
DA:37,0
DA:39,0
DA:42,0
DA:44,0
DA:45,0
DA:46,0
DA:48,0
DA:50,0
DA:52,0
DA:57,0
DA:58,0
LF:23
LH:0
BRDA:11,0,0,0
BRDA:12,1,0,0
BRDA:18,2,0,0
BRDA:18,2,1,0
BRDA:33,3,0,0
BRDA:33,3,1,0
BRDA:37,4,0,0
BRDA:37,4,1,0
BRDA:39,5,0,0
BRDA:39,5,1,0
BRDA:46,6,0,0
BRDA:46,6,1,0
BRDA:50,7,0,0
BRDA:50,7,1,0
BRDA:52,8,0,0
BRDA:52,8,1,0
BRF:16
BRH:0
end_of_record
TN:
SF:src/legacy/hooks/use-shared-state.type.ts
FNF:0
FNH:0
LF:0
LH:0
BRF:0
BRH:0
end_of_record
TN:
SF:src/shared/provider.tsx
FN:11,(anonymous_0)
FN:13,(anonymous_1)
FN:19,(anonymous_2)
FNF:3
FNH:0
FNDA:0,(anonymous_0)
FNDA:0,(anonymous_1)
FNDA:0,(anonymous_2)
DA:4,0
DA:13,0
DA:18,0
DA:19,0
DA:20,0
DA:22,0
DA:36,0
LF:7
LH:0
BRF:0
BRH:0
end_of_record
