<?xml version="1.0" encoding="UTF-8"?>
<coverage generated="1765627238307" clover="3.2.0">
  <project timestamp="1765627238307" name="All files">
    <metrics statements="43" coveredstatements="39" conditionals="13" coveredconditionals="6" methods="18" coveredmethods="16" elements="74" coveredelements="61" complexity="0" loc="43" ncloc="43" packages="3" files="6" classes="6"/>
    <package name="src">
      <metrics statements="0" coveredstatements="0" conditionals="0" coveredconditionals="0" methods="0" coveredmethods="0"/>
      <file name="index.ts" path="/Users/kamleshsharma/workspace/fancode/redux-rewire/packages/react/src/index.ts">
        <metrics statements="0" coveredstatements="0" conditionals="0" coveredconditionals="0" methods="0" coveredmethods="0"/>
      </file>
    </package>
    <package name="src.core">
      <metrics statements="6" coveredstatements="6" conditionals="0" coveredconditionals="0" methods="2" coveredmethods="2"/>
      <file name="Provider.tsx" path="/Users/kamleshsharma/workspace/fancode/redux-rewire/packages/react/src/core/Provider.tsx">
        <metrics statements="6" coveredstatements="6" conditionals="0" coveredconditionals="0" methods="2" coveredmethods="2"/>
        <line num="4" count="2" type="stmt"/>
        <line num="6" count="2" type="stmt"/>
        <line num="13" count="23" type="stmt"/>
        <line num="14" count="23" type="stmt"/>
        <line num="18" count="23" type="stmt"/>
        <line num="23" count="2" type="stmt"/>
      </file>
    </package>
    <package name="src.hooks">
      <metrics statements="37" coveredstatements="33" conditionals="13" coveredconditionals="6" methods="16" coveredmethods="14"/>
      <file name="use-global-state.ts" path="/Users/kamleshsharma/workspace/fancode/redux-rewire/packages/react/src/hooks/use-global-state.ts">
        <metrics statements="7" coveredstatements="6" conditionals="2" coveredconditionals="1" methods="4" coveredmethods="3"/>
        <line num="28" count="1" type="stmt"/>
        <line num="36" count="0" type="cond" truecount="0" falsecount="1"/>
        <line num="42" count="5" type="stmt"/>
        <line num="43" count="2" type="stmt"/>
        <line num="45" count="2" type="stmt"/>
        <line num="52" count="2" type="stmt"/>
        <line num="53" count="2" type="stmt"/>
      </file>
      <file name="use-rewire-state.ts" path="/Users/kamleshsharma/workspace/fancode/redux-rewire/packages/react/src/hooks/use-rewire-state.ts">
        <metrics statements="8" coveredstatements="8" conditionals="1" coveredconditionals="1" methods="4" coveredmethods="4"/>
        <line num="37" count="1" type="stmt"/>
        <line num="46" count="3" type="cond" truecount="1" falsecount="0"/>
        <line num="55" count="24" type="stmt"/>
        <line num="56" count="24" type="stmt"/>
        <line num="57" count="14" type="stmt"/>
        <line num="60" count="24" type="stmt"/>
        <line num="67" count="24" type="stmt"/>
        <line num="68" count="16" type="stmt"/>
      </file>
      <file name="use-store.ts" path="/Users/kamleshsharma/workspace/fancode/redux-rewire/packages/react/src/hooks/use-store.ts">
        <metrics statements="2" coveredstatements="0" conditionals="0" coveredconditionals="0" methods="1" coveredmethods="0"/>
        <line num="4" count="0" type="stmt"/>
        <line num="5" count="0" type="stmt"/>
      </file>
      <file name="useSelector.ts" path="/Users/kamleshsharma/workspace/fancode/redux-rewire/packages/react/src/hooks/useSelector.ts">
        <metrics statements="20" coveredstatements="19" conditionals="10" coveredconditionals="4" methods="7" coveredmethods="7"/>
        <line num="4" count="2" type="stmt"/>
        <line num="10" count="26" type="stmt"/>
        <line num="11" count="26" type="stmt"/>
        <line num="12" count="16" type="stmt"/>
        <line num="18" count="26" type="stmt"/>
        <line num="19" count="9" type="stmt"/>
        <line num="20" count="9" type="stmt"/>
        <line num="21" count="1" type="stmt"/>
        <line num="22" count="1" type="cond" truecount="1" falsecount="1"/>
        <line num="23" count="1" type="cond" truecount="1" falsecount="1"/>
        <line num="24" count="1" type="stmt"/>
        <line num="25" count="1" type="stmt"/>
        <line num="26" count="1" type="stmt"/>
        <line num="33" count="9" type="stmt"/>
        <line num="34" count="9" type="stmt"/>
        <line num="38" count="26" type="stmt"/>
        <line num="39" count="18" type="cond" truecount="1" falsecount="1"/>
        <line num="40" count="18" type="stmt"/>
        <line num="42" count="0" type="cond" truecount="0" falsecount="2"/>
        <line num="45" count="26" type="stmt"/>
      </file>
    </package>
  </project>
</coverage>
