{"/Users/kamleshsharma/workspace/fancode/redux-rewire/packages/react/src/index.ts": {"path":"/Users/kamleshsharma/workspace/fancode/redux-rewire/packages/react/src/index.ts","statementMap":{},"fnMap":{},"branchMap":{},"s":{},"f":{},"b":{}}
,"/Users/kamleshsharma/workspace/fancode/redux-rewire/packages/react/src/core/Provider.tsx": {"path":"/Users/kamleshsharma/workspace/fancode/redux-rewire/packages/react/src/core/Provider.tsx","statementMap":{"0":{"start":{"line":4,"column":29},"end":{"line":4,"column":73}},"1":{"start":{"line":6,"column":27},"end":{"line":21,"column":1}},"2":{"start":{"line":13,"column":16},"end":{"line":17,"column":13}},"3":{"start":{"line":14,"column":4},"end":{"line":16,"column":5}},"4":{"start":{"line":18,"column":2},"end":{"line":20,"column":3}},"5":{"start":{"line":23,"column":30},"end":{"line":23,"column":60}}},"fnMap":{"0":{"name":"(anonymous_0)","decl":{"start":{"line":6,"column":27},"end":{"line":6,"column":28}},"loc":{"start":{"line":12,"column":6},"end":{"line":21,"column":1}},"line":12},"1":{"name":"(anonymous_1)","decl":{"start":{"line":13,"column":24},"end":{"line":13,"column":25}},"loc":{"start":{"line":13,"column":30},"end":{"line":17,"column":3}},"line":13}},"branchMap":{},"s":{"0":2,"1":2,"2":23,"3":23,"4":23,"5":2},"f":{"0":23,"1":23},"b":{},"_coverageSchema":"1a1c01bbd47fc00a2c39e90264f33305004495a9","hash":"9313441e7c59d630ca9f92cc90f9f8670b1ab97a"}
,"/Users/kamleshsharma/workspace/fancode/redux-rewire/packages/react/src/hooks/use-global-state.ts": {"path":"/Users/kamleshsharma/workspace/fancode/redux-rewire/packages/react/src/hooks/use-global-state.ts","statementMap":{"0":{"start":{"line":28,"column":4},"end":{"line":55,"column":1}},"1":{"start":{"line":36,"column":55},"end":{"line":36,"column":63}},"2":{"start":{"line":42,"column":18},"end":{"line":42,"column":43}},"3":{"start":{"line":43,"column":18},"end":{"line":43,"column":57}},"4":{"start":{"line":43,"column":33},"end":{"line":43,"column":56}},"5":{"start":{"line":45,"column":16},"end":{"line":50,"column":3}},"6":{"start":{"line":52,"column":2},"end":{"line":54,"column":39}},"7":{"start":{"line":53,"column":4},"end":{"line":53,"column":51}}},"fnMap":{"0":{"name":"(anonymous_0)","decl":{"start":{"line":28,"column":4},"end":{"line":28,"column":5}},"loc":{"start":{"line":41,"column":55},"end":{"line":55,"column":1}},"line":41},"1":{"name":"(anonymous_1)","decl":{"start":{"line":36,"column":50},"end":{"line":36,"column":51}},"loc":{"start":{"line":36,"column":55},"end":{"line":36,"column":63}},"line":36},"2":{"name":"(anonymous_2)","decl":{"start":{"line":43,"column":27},"end":{"line":43,"column":28}},"loc":{"start":{"line":43,"column":33},"end":{"line":43,"column":56}},"line":43},"3":{"name":"(anonymous_3)","decl":{"start":{"line":52,"column":17},"end":{"line":52,"column":18}},"loc":{"start":{"line":52,"column":23},"end":{"line":54,"column":3}},"line":52}},"branchMap":{"0":{"loc":{"start":{"line":36,"column":2},"end":{"line":36,"column":63}},"type":"default-arg","locations":[{"start":{"line":36,"column":50},"end":{"line":36,"column":63}}],"line":36},"1":{"loc":{"start":{"line":37,"column":2},"end":{"line":40,"column":29}},"type":"default-arg","locations":[{"start":{"line":40,"column":17},"end":{"line":40,"column":29}}],"line":37}},"s":{"0":1,"1":0,"2":5,"3":2,"4":2,"5":2,"6":2,"7":2},"f":{"0":5,"1":0,"2":2,"3":2},"b":{"0":[0],"1":[5]},"_coverageSchema":"1a1c01bbd47fc00a2c39e90264f33305004495a9","hash":"22d899f3b3505ab61960f456c8ef8ddcc0cf6b3a"}
,"/Users/kamleshsharma/workspace/fancode/redux-rewire/packages/react/src/hooks/use-rewire-state.ts": {"path":"/Users/kamleshsharma/workspace/fancode/redux-rewire/packages/react/src/hooks/use-rewire-state.ts","statementMap":{"0":{"start":{"line":37,"column":4},"end":{"line":70,"column":1}},"1":{"start":{"line":46,"column":55},"end":{"line":46,"column":63}},"2":{"start":{"line":55,"column":18},"end":{"line":55,"column":43}},"3":{"start":{"line":56,"column":16},"end":{"line":58,"column":11}},"4":{"start":{"line":57,"column":4},"end":{"line":57,"column":65}},"5":{"start":{"line":60,"column":16},"end":{"line":65,"column":3}},"6":{"start":{"line":67,"column":2},"end":{"line":69,"column":39}},"7":{"start":{"line":68,"column":4},"end":{"line":68,"column":58}}},"fnMap":{"0":{"name":"(anonymous_0)","decl":{"start":{"line":37,"column":4},"end":{"line":37,"column":5}},"loc":{"start":{"line":54,"column":52},"end":{"line":70,"column":1}},"line":54},"1":{"name":"(anonymous_1)","decl":{"start":{"line":46,"column":50},"end":{"line":46,"column":51}},"loc":{"start":{"line":46,"column":55},"end":{"line":46,"column":63}},"line":46},"2":{"name":"(anonymous_2)","decl":{"start":{"line":56,"column":24},"end":{"line":56,"column":25}},"loc":{"start":{"line":56,"column":30},"end":{"line":58,"column":3}},"line":56},"3":{"name":"(anonymous_3)","decl":{"start":{"line":67,"column":17},"end":{"line":67,"column":18}},"loc":{"start":{"line":67,"column":23},"end":{"line":69,"column":3}},"line":67}},"branchMap":{"0":{"loc":{"start":{"line":46,"column":2},"end":{"line":46,"column":63}},"type":"default-arg","locations":[{"start":{"line":46,"column":50},"end":{"line":46,"column":63}}],"line":46}},"s":{"0":1,"1":3,"2":24,"3":24,"4":14,"5":24,"6":24,"7":16},"f":{"0":24,"1":3,"2":14,"3":16},"b":{"0":[8]},"_coverageSchema":"1a1c01bbd47fc00a2c39e90264f33305004495a9","hash":"967103c41d706ff133a2ae105df6f30df25884c1"}
,"/Users/kamleshsharma/workspace/fancode/redux-rewire/packages/react/src/hooks/use-store.ts": {"path":"/Users/kamleshsharma/workspace/fancode/redux-rewire/packages/react/src/hooks/use-store.ts","statementMap":{"0":{"start":{"line":4,"column":24},"end":{"line":6,"column":1}},"1":{"start":{"line":5,"column":2},"end":{"line":5,"column":40}}},"fnMap":{"0":{"name":"(anonymous_0)","decl":{"start":{"line":4,"column":24},"end":{"line":4,"column":25}},"loc":{"start":{"line":4,"column":30},"end":{"line":6,"column":1}},"line":4}},"branchMap":{},"s":{"0":0,"1":0},"f":{"0":0},"b":{}}
,"/Users/kamleshsharma/workspace/fancode/redux-rewire/packages/react/src/hooks/useSelector.ts": {"path":"/Users/kamleshsharma/workspace/fancode/redux-rewire/packages/react/src/hooks/useSelector.ts","statementMap":{"0":{"start":{"line":4,"column":33},"end":{"line":46,"column":1}},"1":{"start":{"line":10,"column":18},"end":{"line":10,"column":43}},"2":{"start":{"line":11,"column":28},"end":{"line":16,"column":4}},"3":{"start":{"line":12,"column":4},"end":{"line":15,"column":5}},"4":{"start":{"line":18,"column":2},"end":{"line":36,"column":11}},"5":{"start":{"line":19,"column":20},"end":{"line":19,"column":31}},"6":{"start":{"line":20,"column":18},"end":{"line":32,"column":6}},"7":{"start":{"line":21,"column":33},"end":{"line":21,"column":49}},"8":{"start":{"line":22,"column":24},"end":{"line":22,"column":73}},"9":{"start":{"line":23,"column":6},"end":{"line":31,"column":7}},"10":{"start":{"line":24,"column":8},"end":{"line":24,"column":29}},"11":{"start":{"line":25,"column":8},"end":{"line":30,"column":10}},"12":{"start":{"line":26,"column":10},"end":{"line":29,"column":12}},"13":{"start":{"line":33,"column":4},"end":{"line":35,"column":5}},"14":{"start":{"line":34,"column":6},"end":{"line":34,"column":15}},"15":{"start":{"line":38,"column":23},"end":{"line":43,"column":18}},"16":{"start":{"line":39,"column":4},"end":{"line":41,"column":5}},"17":{"start":{"line":40,"column":6},"end":{"line":40,"column":24}},"18":{"start":{"line":42,"column":4},"end":{"line":42,"column":58}},"19":{"start":{"line":45,"column":2},"end":{"line":45,"column":21}}},"fnMap":{"0":{"name":"(anonymous_0)","decl":{"start":{"line":4,"column":33},"end":{"line":4,"column":34}},"loc":{"start":{"line":9,"column":5},"end":{"line":46,"column":1}},"line":9},"1":{"name":"(anonymous_1)","decl":{"start":{"line":11,"column":37},"end":{"line":11,"column":38}},"loc":{"start":{"line":11,"column":43},"end":{"line":16,"column":3}},"line":11},"2":{"name":"(anonymous_2)","decl":{"start":{"line":18,"column":12},"end":{"line":18,"column":13}},"loc":{"start":{"line":18,"column":18},"end":{"line":36,"column":3}},"line":18},"3":{"name":"(anonymous_3)","decl":{"start":{"line":20,"column":34},"end":{"line":20,"column":35}},"loc":{"start":{"line":20,"column":40},"end":{"line":32,"column":5}},"line":20},"4":{"name":"(anonymous_4)","decl":{"start":{"line":25,"column":24},"end":{"line":25,"column":25}},"loc":{"start":{"line":25,"column":30},"end":{"line":30,"column":9}},"line":25},"5":{"name":"(anonymous_5)","decl":{"start":{"line":33,"column":11},"end":{"line":33,"column":12}},"loc":{"start":{"line":33,"column":17},"end":{"line":35,"column":5}},"line":33},"6":{"name":"(anonymous_6)","decl":{"start":{"line":38,"column":31},"end":{"line":38,"column":32}},"loc":{"start":{"line":38,"column":37},"end":{"line":43,"column":3}},"line":38}},"branchMap":{"0":{"loc":{"start":{"line":13,"column":22},"end":{"line":13,"column":59}},"type":"binary-expr","locations":[{"start":{"line":13,"column":22},"end":{"line":13,"column":43}},{"start":{"line":13,"column":47},"end":{"line":13,"column":59}}],"line":13},"1":{"loc":{"start":{"line":22,"column":33},"end":{"line":22,"column":72}},"type":"binary-expr","locations":[{"start":{"line":22,"column":33},"end":{"line":22,"column":56}},{"start":{"line":22,"column":60},"end":{"line":22,"column":72}}],"line":22},"2":{"loc":{"start":{"line":23,"column":6},"end":{"line":31,"column":7}},"type":"if","locations":[{"start":{"line":23,"column":6},"end":{"line":31,"column":7}},{"start":{},"end":{}}],"line":23},"3":{"loc":{"start":{"line":39,"column":4},"end":{"line":41,"column":5}},"type":"if","locations":[{"start":{"line":39,"column":4},"end":{"line":41,"column":5}},{"start":{},"end":{}}],"line":39},"4":{"loc":{"start":{"line":42,"column":20},"end":{"line":42,"column":57}},"type":"binary-expr","locations":[{"start":{"line":42,"column":20},"end":{"line":42,"column":41}},{"start":{"line":42,"column":45},"end":{"line":42,"column":57}}],"line":42}},"s":{"0":2,"1":26,"2":26,"3":16,"4":26,"5":9,"6":9,"7":1,"8":1,"9":1,"10":1,"11":1,"12":1,"13":9,"14":9,"15":26,"16":18,"17":18,"18":0,"19":26},"f":{"0":26,"1":16,"2":9,"3":1,"4":1,"5":9,"6":18},"b":{"0":[16,0],"1":[1,0],"2":[1,0],"3":[18,0],"4":[0,0]},"_coverageSchema":"1a1c01bbd47fc00a2c39e90264f33305004495a9","hash":"eb4750ade20b069cbef9ba0c6312510f60566a66"}
}
