TN:
SF:src/index.ts
FNF:0
FNH:0
LF:0
LH:0
BRF:0
BRH:0
end_of_record
TN:
SF:src/core/Provider.tsx
FN:6,(anonymous_0)
FN:13,(anonymous_1)
FNF:2
FNH:2
FNDA:23,(anonymous_0)
FNDA:23,(anonymous_1)
DA:4,2
DA:6,2
DA:13,23
DA:14,23
DA:18,23
DA:23,2
LF:6
LH:6
BRF:0
BRH:0
end_of_record
TN:
SF:src/hooks/use-global-state.ts
FN:28,(anonymous_0)
FN:36,(anonymous_1)
FN:43,(anonymous_2)
FN:52,(anonymous_3)
FNF:4
FNH:3
FNDA:5,(anonymous_0)
FNDA:0,(anonymous_1)
FNDA:2,(anonymous_2)
FNDA:2,(anonymous_3)
DA:28,1
DA:36,0
DA:42,5
DA:43,2
DA:45,2
DA:52,2
DA:53,2
LF:7
LH:6
BRDA:36,0,0,0
BRDA:37,1,0,5
BRF:2
BRH:1
end_of_record
TN:
SF:src/hooks/use-rewire-state.ts
FN:37,(anonymous_0)
FN:46,(anonymous_1)
FN:56,(anonymous_2)
FN:67,(anonymous_3)
FNF:4
FNH:4
FNDA:24,(anonymous_0)
FNDA:3,(anonymous_1)
FNDA:14,(anonymous_2)
FNDA:16,(anonymous_3)
DA:37,1
DA:46,3
DA:55,24
DA:56,24
DA:57,14
DA:60,24
DA:67,24
DA:68,16
LF:8
LH:8
BRDA:46,0,0,8
BRF:1
BRH:1
end_of_record
TN:
SF:src/hooks/use-store.ts
FN:4,(anonymous_0)
FNF:1
FNH:0
FNDA:0,(anonymous_0)
DA:4,0
DA:5,0
LF:2
LH:0
BRF:0
BRH:0
end_of_record
TN:
SF:src/hooks/useSelector.ts
FN:4,(anonymous_0)
FN:11,(anonymous_1)
FN:18,(anonymous_2)
FN:20,(anonymous_3)
FN:25,(anonymous_4)
FN:33,(anonymous_5)
FN:38,(anonymous_6)
FNF:7
FNH:7
FNDA:26,(anonymous_0)
FNDA:16,(anonymous_1)
FNDA:9,(anonymous_2)
FNDA:1,(anonymous_3)
FNDA:1,(anonymous_4)
FNDA:9,(anonymous_5)
FNDA:18,(anonymous_6)
DA:4,2
DA:10,26
DA:11,26
DA:12,16
DA:18,26
DA:19,9
DA:20,9
DA:21,1
DA:22,1
DA:23,1
DA:24,1
DA:25,1
DA:26,1
DA:33,9
DA:34,9
DA:38,26
DA:39,18
DA:40,18
DA:42,0
DA:45,26
LF:20
LH:19
BRDA:13,0,0,16
BRDA:13,0,1,0
BRDA:22,1,0,1
BRDA:22,1,1,0
BRDA:23,2,0,1
BRDA:23,2,1,0
BRDA:39,3,0,18
BRDA:39,3,1,0
BRDA:42,4,0,0
BRDA:42,4,1,0
BRF:10
BRH:4
end_of_record
